#
# There is insufficient memory for the Java Runtime Environment to continue.
# Native memory allocation (mmap) failed to map 73400320 bytes for G1 virtual space
# Possible reasons:
#   The system is out of physical RAM or swap space
#   The process is running with CompressedOops enabled, and the Java Heap may be blocking the growth of the native heap
# Possible solutions:
#   Reduce memory load on the system
#   Increase physical memory or swap space
#   Check if swap backing store is full
#   Decrease Java heap size (-Xmx/-Xms)
#   Decrease number of Java threads
#   Decrease Java thread stack sizes (-Xss)
#   Set larger code cache with -XX:ReservedCodeCacheSize=
#   JVM is running with Unscaled Compressed Oops mode in which the Java heap is
#     placed in the first 4GB address space. The Java Heap base address is the
#     maximum limit for the native heap growth. Please use -XX:HeapBaseMinAddress
#     to set the Java Heap base and to place the Java Heap above 4GB virtual address.
# This output file may be truncated or incomplete.
#
#  Out of Memory Error (os_windows.cpp:3769), pid=5112, tid=5760
#
# JRE version: OpenJDK Runtime Environment (17.0.6) (build 17.0.6+0-b2043.56-10027231)
# Java VM: OpenJDK 64-Bit Server VM (17.0.6+0-b2043.56-10027231, mixed mode, tiered, compressed oops, compressed class ptrs, g1 gc, windows-amd64)
# No core dump will be written. Minidumps are not enabled by default on client versions of Windows
#

---------------  S U M M A R Y ------------

Command Line: --add-opens=java.base/java.util.concurrent.atomic=ALL-UNNAMED --add-opens=java.base/java.util=ALL-UNNAMED --add-opens=java.base/java.lang=ALL-UNNAMED --add-opens=java.base/java.lang.invoke=ALL-UNNAMED --add-opens=java.prefs/java.util.prefs=ALL-UNNAMED --add-opens=java.base/java.nio.charset=ALL-UNNAMED --add-opens=java.base/java.net=ALL-UNNAMED --add-opens=java.base/java.util.concurrent.atomic=ALL-UNNAMED -Xmx2048m -Dfile.encoding=UTF-8 -Duser.country=RU -Duser.language=ru -Duser.variant org.gradle.launcher.daemon.bootstrap.GradleDaemon 8.0

Host: AMD Ryzen 5 3500U with Radeon Vega Mobile Gfx  , 8 cores, 6G,  Windows 10 , 64 bit Build 19041 (10.0.19041.3636)
Time: Sat Nov 18 21:48:03 2023  Windows 10 , 64 bit Build 19041 (10.0.19041.3636) elapsed time: 11.368193 seconds (0d 0h 0m 11s)

---------------  T H R E A D  ---------------

Current thread (0x000001d81aa3c180):  VMThread "VM Thread" [stack: 0x0000000bc6200000,0x0000000bc6300000] [id=5760]

Stack: [0x0000000bc6200000,0x0000000bc6300000]
Native frames: (J=compiled Java code, j=interpreted, Vv=VM code, C=native code)
V  [jvm.dll+0x683c9a]
V  [jvm.dll+0x8427a4]
V  [jvm.dll+0x843f9e]
V  [jvm.dll+0x844603]
V  [jvm.dll+0x249b75]
V  [jvm.dll+0x680b69]
V  [jvm.dll+0x67505a]
V  [jvm.dll+0x309acb]
V  [jvm.dll+0x310f86]
V  [jvm.dll+0x3608ee]
V  [jvm.dll+0x360b1f]
V  [jvm.dll+0x2dfbf8]
V  [jvm.dll+0x2ddec4]
V  [jvm.dll+0x2dd4cc]
V  [jvm.dll+0x321f3b]
V  [jvm.dll+0x848ccb]
V  [jvm.dll+0x849a04]
V  [jvm.dll+0x849f1d]
V  [jvm.dll+0x84a2f4]
V  [jvm.dll+0x84a3c0]
V  [jvm.dll+0x7f274a]
V  [jvm.dll+0x682ad5]
C  [ucrtbase.dll+0x21bb2]
C  [KERNEL32.DLL+0x17344]
C  [ntdll.dll+0x526b1]

VM_Operation (0x0000000bc7bf5750): G1CollectForAllocation, mode: safepoint, requested by thread 0x000001d81dd9e9f0


---------------  P R O C E S S  ---------------

Threads class SMR info:
_java_thread_list=0x000001d82423a1a0, length=125, elements={
0x000001d87ec0d440, 0x000001d81aa42060, 0x000001d81aa42b20, 0x000001d81b40dbf0,
0x000001d81aa63670, 0x000001d81aa63f30, 0x000001d81aa647f0, 0x000001d81aa674c0,
0x000001d81b447910, 0x000001d81b448210, 0x000001d81b5c1990, 0x000001d81b5ca690,
0x000001d81c8757f0, 0x000001d81dde0fe0, 0x000001d81e635ac0, 0x000001d81ea1d820,
0x000001d81c8906b0, 0x000001d81e98e050, 0x000001d81dd9e9f0, 0x000001d81c860f10,
0x000001d81c8613e0, 0x000001d81c860a40, 0x000001d81c8618b0, 0x000001d81c8600a0,
0x000001d81e058580, 0x000001d81e05d750, 0x000001d81e057be0, 0x000001d81e058a50,
0x000001d81e058f20, 0x000001d81e05a730, 0x000001d81e05b5a0, 0x000001d81e057240,
0x000001d81e0593f0, 0x000001d81e05ac00, 0x000001d81e05bf40, 0x000001d81ecc6440,
0x000001d81e05c410, 0x000001d81e0598c0, 0x000001d81e05ba70, 0x000001d81e05b0d0,
0x000001d81e05c8e0, 0x000001d81e0580b0, 0x000001d81ef7dd60, 0x000001d81ef77380,
0x000001d81ef78b90, 0x000001d81ef7c080, 0x000001d81ef7a3a0, 0x000001d81ef7c550,
0x000001d81ef7b210, 0x000001d81ef79060, 0x000001d81ef7cef0, 0x000001d81ef7a870,
0x000001d81ef7ad40, 0x000001d81ef7ca20, 0x000001d81ef7ebd0, 0x000001d81ef7e230,
0x000001d81ef786c0, 0x000001d81ef7d890, 0x000001d81ef781f0, 0x000001d81ef79530,
0x000001d81ef77850, 0x000001d81ef7d3c0, 0x000001d81ef7e700, 0x000001d81ef79a00,
0x000001d81ef77d20, 0x000001d81ef79ed0, 0x000001d821389400, 0x000001d821384230,
0x000001d821383d60, 0x000001d821382080, 0x000001d821387bf0, 0x000001d821384bd0,
0x000001d8213868b0, 0x000001d8213898d0, 0x000001d821387720, 0x000001d821388590,
0x000001d8213850a0, 0x000001d8213880c0, 0x000001d821385a40, 0x000001d821384700,
0x000001d821382550, 0x000001d821388a60, 0x000001d821382ef0, 0x000001d821382a20,
0x000001d821385570, 0x000001d821388f30, 0x000001d821385f10, 0x000001d821387250,
0x000001d8213833c0, 0x000001d8213863e0, 0x000001d821386d80, 0x000001d821383890,
0x000001d81ed0df70, 0x000001d81ed11e00, 0x000001d81ed13ae0, 0x000001d81ed0cc30,
0x000001d81ed0c290, 0x000001d81ed0ede0, 0x000001d81ed122d0, 0x000001d81ed0d100,
0x000001d81ed0c760, 0x000001d81ed0e440, 0x000001d81ed0d5d0, 0x000001d81ed0f2b0,
0x000001d81ed0f780, 0x000001d81ed0e910, 0x000001d81ed0fc50, 0x000001d81ed10ac0,
0x000001d81ed127a0, 0x000001d81ed10120, 0x000001d81ed105f0, 0x000001d81ed10f90,
0x000001d81ed11460, 0x000001d81ed0daa0, 0x000001d81ed11930, 0x000001d81ed12c70,
0x000001d81ed13140, 0x000001d81ed13610, 0x000001d81c8cd4c0, 0x000001d81c8c87c0,
0x000001d81c8c8c90, 0x000001d81c8cd990, 0x000001d81c8c9630, 0x000001d81c8c6610,
0x000001d81c8c9b00
}

Java Threads: ( => current thread )
  0x000001d87ec0d440 JavaThread "main" [_thread_blocked, id=9220, stack(0x0000000bc5c00000,0x0000000bc5d00000)]
  0x000001d81aa42060 JavaThread "Reference Handler" daemon [_thread_blocked, id=4240, stack(0x0000000bc6300000,0x0000000bc6400000)]
  0x000001d81aa42b20 JavaThread "Finalizer" daemon [_thread_blocked, id=1148, stack(0x0000000bc6400000,0x0000000bc6500000)]
  0x000001d81b40dbf0 JavaThread "Signal Dispatcher" daemon [_thread_blocked, id=4836, stack(0x0000000bc6500000,0x0000000bc6600000)]
  0x000001d81aa63670 JavaThread "Attach Listener" daemon [_thread_blocked, id=1420, stack(0x0000000bc6600000,0x0000000bc6700000)]
  0x000001d81aa63f30 JavaThread "Service Thread" daemon [_thread_blocked, id=11224, stack(0x0000000bc6700000,0x0000000bc6800000)]
  0x000001d81aa647f0 JavaThread "Monitor Deflation Thread" daemon [_thread_blocked, id=4544, stack(0x0000000bc6800000,0x0000000bc6900000)]
  0x000001d81aa674c0 JavaThread "C2 CompilerThread0" daemon [_thread_blocked, id=13960, stack(0x0000000bc6900000,0x0000000bc6a00000)]
  0x000001d81b447910 JavaThread "C1 CompilerThread0" daemon [_thread_blocked, id=13844, stack(0x0000000bc6a00000,0x0000000bc6b00000)]
  0x000001d81b448210 JavaThread "Sweeper thread" daemon [_thread_blocked, id=4332, stack(0x0000000bc6b00000,0x0000000bc6c00000)]
  0x000001d81b5c1990 JavaThread "Common-Cleaner" daemon [_thread_blocked, id=8064, stack(0x0000000bc6c00000,0x0000000bc6d00000)]
  0x000001d81b5ca690 JavaThread "Notification Thread" daemon [_thread_blocked, id=2820, stack(0x0000000bc6d00000,0x0000000bc6e00000)]
  0x000001d81c8757f0 JavaThread "Daemon health stats" [_thread_blocked, id=3696, stack(0x0000000bc7500000,0x0000000bc7600000)]
  0x000001d81dde0fe0 JavaThread "Incoming local TCP Connector on port 50493" [_thread_in_native, id=4796, stack(0x0000000bc7600000,0x0000000bc7700000)]
  0x000001d81e635ac0 JavaThread "Daemon periodic checks" [_thread_blocked, id=13128, stack(0x0000000bc7700000,0x0000000bc7800000)]
  0x000001d81ea1d820 JavaThread "Daemon" [_thread_blocked, id=15204, stack(0x0000000bc7800000,0x0000000bc7900000)]
  0x000001d81c8906b0 JavaThread "Handler for socket connection from /127.0.0.1:50493 to /127.0.0.1:50494" [_thread_in_native, id=15084, stack(0x0000000bc7900000,0x0000000bc7a00000)]
  0x000001d81e98e050 JavaThread "Cancel handler" [_thread_blocked, id=9392, stack(0x0000000bc7a00000,0x0000000bc7b00000)]
  0x000001d81dd9e9f0 JavaThread "Daemon worker" [_thread_blocked, id=10336, stack(0x0000000bc7b00000,0x0000000bc7c00000)]
  0x000001d81c860f10 JavaThread "Asynchronous log dispatcher for DefaultDaemonConnection: socket connection from /127.0.0.1:50493 to /127.0.0.1:50494" [_thread_blocked, id=13468, stack(0x0000000bc7c00000,0x0000000bc7d00000)]
  0x000001d81c8613e0 JavaThread "Stdin handler" [_thread_blocked, id=13292, stack(0x0000000bc7d00000,0x0000000bc7e00000)]
  0x000001d81c860a40 JavaThread "Daemon client event forwarder" [_thread_blocked, id=10260, stack(0x0000000bc7e00000,0x0000000bc7f00000)]
  0x000001d81c8618b0 JavaThread "Cache worker for journal cache (C:\Users\Егор\.gradle\caches\journal-1)" [_thread_blocked, id=6276, stack(0x0000000bc6f00000,0x0000000bc7000000)]
  0x000001d81c8600a0 JavaThread "File lock request listener" [_thread_in_native, id=2668, stack(0x0000000bc7300000,0x0000000bc7400000)]
  0x000001d81e058580 JavaThread "Cache worker for file hash cache (C:\Users\Егор\.gradle\caches\8.0\fileHashes)" [_thread_blocked, id=7568, stack(0x0000000bc8400000,0x0000000bc8500000)]
  0x000001d81e05d750 JavaThread "File watcher server" daemon [_thread_in_native, id=5004, stack(0x0000000bc8500000,0x0000000bc8600000)]
  0x000001d81e057be0 JavaThread "File watcher consumer" daemon [_thread_blocked, id=2828, stack(0x0000000bc8600000,0x0000000bc8700000)]
  0x000001d81e058a50 JavaThread "jar transforms" [_thread_blocked, id=8780, stack(0x0000000bc8700000,0x0000000bc8800000)]
  0x000001d81e058f20 JavaThread "jar transforms Thread 2" [_thread_blocked, id=13936, stack(0x0000000bc8800000,0x0000000bc8900000)]
  0x000001d81e05a730 JavaThread "jar transforms Thread 3" [_thread_blocked, id=5584, stack(0x0000000bc8900000,0x0000000bc8a00000)]
  0x000001d81e05b5a0 JavaThread "jar transforms Thread 4" [_thread_blocked, id=4952, stack(0x0000000bc8a00000,0x0000000bc8b00000)]
  0x000001d81e057240 JavaThread "jar transforms Thread 5" [_thread_blocked, id=8480, stack(0x0000000bc8b00000,0x0000000bc8c00000)]
  0x000001d81e0593f0 JavaThread "jar transforms Thread 6" [_thread_blocked, id=7960, stack(0x0000000bc8c00000,0x0000000bc8d00000)]
  0x000001d81e05ac00 JavaThread "jar transforms Thread 7" [_thread_blocked, id=14960, stack(0x0000000bc8d00000,0x0000000bc8e00000)]
  0x000001d81e05bf40 JavaThread "jar transforms Thread 8" [_thread_blocked, id=1620, stack(0x0000000bc8e00000,0x0000000bc8f00000)]
  0x000001d81ecc6440 JavaThread "C2 CompilerThread1" daemon [_thread_in_native, id=3996, stack(0x0000000bc8300000,0x0000000bc8400000)]
  0x000001d81e05c410 JavaThread "Cache worker for checksums cache (D:\EduProjects\AquaGraph\AquaGraphApp\.gradle\8.0\checksums)" [_thread_blocked, id=9624, stack(0x0000000bc8f00000,0x0000000bc9000000)]
  0x000001d81e0598c0 JavaThread "Cache worker for cache directory md-rule (C:\Users\Егор\.gradle\caches\8.0\md-rule)" [_thread_blocked, id=6492, stack(0x0000000bc9000000,0x0000000bc9100000)]
  0x000001d81e05ba70 JavaThread "Cache worker for file content cache (C:\Users\Егор\.gradle\caches\8.0\fileContent)" [_thread_blocked, id=6364, stack(0x0000000bc9100000,0x0000000bc9200000)]
  0x000001d81e05b0d0 JavaThread "Cache worker for file hash cache (D:\EduProjects\AquaGraph\AquaGraphApp\.gradle\8.0\fileHashes)" [_thread_blocked, id=14672, stack(0x0000000bc9200000,0x0000000bc9300000)]
  0x000001d81e05c8e0 JavaThread "Cache worker for cache directory md-supplier (C:\Users\Егор\.gradle\caches\8.0\md-supplier)" [_thread_blocked, id=10368, stack(0x0000000bc9300000,0x0000000bc9400000)]
  0x000001d81e0580b0 JavaThread "Cache worker for execution history cache (C:\Users\Егор\.gradle\caches\8.0\executionHistory)" [_thread_blocked, id=3536, stack(0x0000000bc9400000,0x0000000bc9500000)]
  0x000001d81ef7dd60 JavaThread "Cache worker for kotlin-dsl (C:\Users\Егор\.gradle\caches\8.0\kotlin-dsl)" [_thread_blocked, id=13996, stack(0x0000000bc9500000,0x0000000bc9600000)]
  0x000001d81ef77380 JavaThread "Cache worker for dependencies-accessors (D:\EduProjects\AquaGraph\AquaGraphApp\.gradle\8.0\dependencies-accessors)" [_thread_blocked, id=14320, stack(0x0000000bc9600000,0x0000000bc9700000)]
  0x000001d81ef78b90 JavaThread "Cache worker for Build Output Cleanup Cache (D:\EduProjects\AquaGraph\AquaGraphApp\.gradle\buildOutputCleanup)" [_thread_blocked, id=13856, stack(0x0000000bc9700000,0x0000000bc9800000)]
  0x000001d81ef7c080 JavaThread "Unconstrained build operations" [_thread_blocked, id=9020, stack(0x0000000bc9800000,0x0000000bc9900000)]
  0x000001d81ef7a3a0 JavaThread "Unconstrained build operations Thread 2" [_thread_blocked, id=11184, stack(0x0000000bc9900000,0x0000000bc9a00000)]
  0x000001d81ef7c550 JavaThread "Unconstrained build operations Thread 3" [_thread_blocked, id=14868, stack(0x0000000bc9a00000,0x0000000bc9b00000)]
  0x000001d81ef7b210 JavaThread "Unconstrained build operations Thread 4" [_thread_blocked, id=5468, stack(0x0000000bc9b00000,0x0000000bc9c00000)]
  0x000001d81ef79060 JavaThread "Unconstrained build operations Thread 5" [_thread_blocked, id=9412, stack(0x0000000bc9c00000,0x0000000bc9d00000)]
  0x000001d81ef7cef0 JavaThread "Unconstrained build operations Thread 6" [_thread_blocked, id=12188, stack(0x0000000bc9d00000,0x0000000bc9e00000)]
  0x000001d81ef7a870 JavaThread "Unconstrained build operations Thread 7" [_thread_blocked, id=3840, stack(0x0000000bc9e00000,0x0000000bc9f00000)]
  0x000001d81ef7ad40 JavaThread "Unconstrained build operations Thread 8" [_thread_blocked, id=7120, stack(0x0000000bc9f00000,0x0000000bca000000)]
  0x000001d81ef7ca20 JavaThread "Unconstrained build operations Thread 9" [_thread_blocked, id=6472, stack(0x0000000bca000000,0x0000000bca100000)]
  0x000001d81ef7ebd0 JavaThread "Unconstrained build operations Thread 10" [_thread_blocked, id=4928, stack(0x0000000bca100000,0x0000000bca200000)]
  0x000001d81ef7e230 JavaThread "Unconstrained build operations Thread 11" [_thread_blocked, id=3216, stack(0x0000000bca200000,0x0000000bca300000)]
  0x000001d81ef786c0 JavaThread "Unconstrained build operations Thread 12" [_thread_blocked, id=15008, stack(0x0000000bca300000,0x0000000bca400000)]
  0x000001d81ef7d890 JavaThread "Unconstrained build operations Thread 13" [_thread_blocked, id=15088, stack(0x0000000bca400000,0x0000000bca500000)]
  0x000001d81ef781f0 JavaThread "Unconstrained build operations Thread 14" [_thread_blocked, id=4176, stack(0x0000000bca500000,0x0000000bca600000)]
  0x000001d81ef79530 JavaThread "Unconstrained build operations Thread 15" [_thread_blocked, id=9024, stack(0x0000000bca600000,0x0000000bca700000)]
  0x000001d81ef77850 JavaThread "Unconstrained build operations Thread 16" [_thread_blocked, id=5876, stack(0x0000000bca700000,0x0000000bca800000)]
  0x000001d81ef7d3c0 JavaThread "Unconstrained build operations Thread 17" [_thread_blocked, id=9476, stack(0x0000000bca800000,0x0000000bca900000)]
  0x000001d81ef7e700 JavaThread "Unconstrained build operations Thread 18" [_thread_blocked, id=7140, stack(0x0000000bca900000,0x0000000bcaa00000)]
  0x000001d81ef79a00 JavaThread "Unconstrained build operations Thread 19" [_thread_blocked, id=14268, stack(0x0000000bcaa00000,0x0000000bcab00000)]
  0x000001d81ef77d20 JavaThread "Unconstrained build operations Thread 20" [_thread_blocked, id=11944, stack(0x0000000bcab00000,0x0000000bcac00000)]
  0x000001d81ef79ed0 JavaThread "Unconstrained build operations Thread 21" [_thread_blocked, id=8296, stack(0x0000000bcac00000,0x0000000bcad00000)]
  0x000001d821389400 JavaThread "Unconstrained build operations Thread 22" [_thread_blocked, id=15100, stack(0x0000000bcad00000,0x0000000bcae00000)]
  0x000001d821384230 JavaThread "Unconstrained build operations Thread 23" [_thread_blocked, id=8556, stack(0x0000000bcae00000,0x0000000bcaf00000)]
  0x000001d821383d60 JavaThread "Unconstrained build operations Thread 24" [_thread_blocked, id=11888, stack(0x0000000bcaf00000,0x0000000bcb000000)]
  0x000001d821382080 JavaThread "Unconstrained build operations Thread 25" [_thread_blocked, id=2708, stack(0x0000000bcb000000,0x0000000bcb100000)]
  0x000001d821387bf0 JavaThread "Unconstrained build operations Thread 26" [_thread_blocked, id=2612, stack(0x0000000bcb100000,0x0000000bcb200000)]
  0x000001d821384bd0 JavaThread "Unconstrained build operations Thread 27" [_thread_blocked, id=7928, stack(0x0000000bcb200000,0x0000000bcb300000)]
  0x000001d8213868b0 JavaThread "Unconstrained build operations Thread 28" [_thread_blocked, id=8572, stack(0x0000000bcb300000,0x0000000bcb400000)]
  0x000001d8213898d0 JavaThread "Unconstrained build operations Thread 29" [_thread_blocked, id=1712, stack(0x0000000bcb400000,0x0000000bcb500000)]
  0x000001d821387720 JavaThread "Unconstrained build operations Thread 30" [_thread_blocked, id=11068, stack(0x0000000bcb500000,0x0000000bcb600000)]
  0x000001d821388590 JavaThread "Unconstrained build operations Thread 31" [_thread_blocked, id=12556, stack(0x0000000bcb600000,0x0000000bcb700000)]
  0x000001d8213850a0 JavaThread "Unconstrained build operations Thread 32" [_thread_blocked, id=7828, stack(0x0000000bcb700000,0x0000000bcb800000)]
  0x000001d8213880c0 JavaThread "Unconstrained build operations Thread 33" [_thread_blocked, id=3788, stack(0x0000000bcb800000,0x0000000bcb900000)]
  0x000001d821385a40 JavaThread "Unconstrained build operations Thread 34" [_thread_blocked, id=8644, stack(0x0000000bcb900000,0x0000000bcba00000)]
  0x000001d821384700 JavaThread "Unconstrained build operations Thread 35" [_thread_blocked, id=2528, stack(0x0000000bcba00000,0x0000000bcbb00000)]
  0x000001d821382550 JavaThread "Unconstrained build operations Thread 36" [_thread_blocked, id=14468, stack(0x0000000bcbb00000,0x0000000bcbc00000)]
  0x000001d821388a60 JavaThread "Unconstrained build operations Thread 37" [_thread_blocked, id=3984, stack(0x0000000bcbc00000,0x0000000bcbd00000)]
  0x000001d821382ef0 JavaThread "Unconstrained build operations Thread 38" [_thread_blocked, id=10732, stack(0x0000000bcbd00000,0x0000000bcbe00000)]
  0x000001d821382a20 JavaThread "Unconstrained build operations Thread 39" [_thread_blocked, id=11524, stack(0x0000000bcbe00000,0x0000000bcbf00000)]
  0x000001d821385570 JavaThread "Unconstrained build operations Thread 40" [_thread_blocked, id=9552, stack(0x0000000bcbf00000,0x0000000bcc000000)]
  0x000001d821388f30 JavaThread "Unconstrained build operations Thread 41" [_thread_blocked, id=3284, stack(0x0000000bcc000000,0x0000000bcc100000)]
  0x000001d821385f10 JavaThread "Unconstrained build operations Thread 42" [_thread_blocked, id=15292, stack(0x0000000bcc100000,0x0000000bcc200000)]
  0x000001d821387250 JavaThread "Unconstrained build operations Thread 43" [_thread_blocked, id=10268, stack(0x0000000bcc200000,0x0000000bcc300000)]
  0x000001d8213833c0 JavaThread "Unconstrained build operations Thread 44" [_thread_blocked, id=9312, stack(0x0000000bcc300000,0x0000000bcc400000)]
  0x000001d8213863e0 JavaThread "Unconstrained build operations Thread 45" [_thread_blocked, id=3028, stack(0x0000000bcc400000,0x0000000bcc500000)]
  0x000001d821386d80 JavaThread "Unconstrained build operations Thread 46" [_thread_blocked, id=4828, stack(0x0000000bcc500000,0x0000000bcc600000)]
  0x000001d821383890 JavaThread "Unconstrained build operations Thread 47" [_thread_blocked, id=2756, stack(0x0000000bcc600000,0x0000000bcc700000)]
  0x000001d81ed0df70 JavaThread "Unconstrained build operations Thread 48" [_thread_blocked, id=6612, stack(0x0000000bcc700000,0x0000000bcc800000)]
  0x000001d81ed11e00 JavaThread "Unconstrained build operations Thread 49" [_thread_blocked, id=15300, stack(0x0000000bcc800000,0x0000000bcc900000)]
  0x000001d81ed13ae0 JavaThread "Unconstrained build operations Thread 50" [_thread_blocked, id=5532, stack(0x0000000bcc900000,0x0000000bcca00000)]
  0x000001d81ed0cc30 JavaThread "Unconstrained build operations Thread 51" [_thread_blocked, id=6232, stack(0x0000000bcca00000,0x0000000bccb00000)]
  0x000001d81ed0c290 JavaThread "Unconstrained build operations Thread 52" [_thread_blocked, id=840, stack(0x0000000bccb00000,0x0000000bccc00000)]
  0x000001d81ed0ede0 JavaThread "Unconstrained build operations Thread 53" [_thread_blocked, id=7708, stack(0x0000000bccc00000,0x0000000bccd00000)]
  0x000001d81ed122d0 JavaThread "Unconstrained build operations Thread 54" [_thread_blocked, id=9380, stack(0x0000000bccd00000,0x0000000bcce00000)]
  0x000001d81ed0d100 JavaThread "Unconstrained build operations Thread 55" [_thread_blocked, id=11400, stack(0x0000000bcce00000,0x0000000bccf00000)]
  0x000001d81ed0c760 JavaThread "Unconstrained build operations Thread 56" [_thread_blocked, id=8932, stack(0x0000000bccf00000,0x0000000bcd000000)]
  0x000001d81ed0e440 JavaThread "Unconstrained build operations Thread 57" [_thread_blocked, id=12500, stack(0x0000000bcd000000,0x0000000bcd100000)]
  0x000001d81ed0d5d0 JavaThread "Unconstrained build operations Thread 58" [_thread_blocked, id=5160, stack(0x0000000bcd100000,0x0000000bcd200000)]
  0x000001d81ed0f2b0 JavaThread "Unconstrained build operations Thread 59" [_thread_blocked, id=9792, stack(0x0000000bcd200000,0x0000000bcd300000)]
  0x000001d81ed0f780 JavaThread "Unconstrained build operations Thread 60" [_thread_blocked, id=10460, stack(0x0000000bcd300000,0x0000000bcd400000)]
  0x000001d81ed0e910 JavaThread "Unconstrained build operations Thread 61" [_thread_blocked, id=276, stack(0x0000000bcd400000,0x0000000bcd500000)]
  0x000001d81ed0fc50 JavaThread "Unconstrained build operations Thread 62" [_thread_blocked, id=2268, stack(0x0000000bcd500000,0x0000000bcd600000)]
  0x000001d81ed10ac0 JavaThread "Unconstrained build operations Thread 63" [_thread_blocked, id=4184, stack(0x0000000bcd600000,0x0000000bcd700000)]
  0x000001d81ed127a0 JavaThread "Unconstrained build operations Thread 64" [_thread_blocked, id=8604, stack(0x0000000bcd700000,0x0000000bcd800000)]
  0x000001d81ed10120 JavaThread "Unconstrained build operations Thread 65" [_thread_blocked, id=8416, stack(0x0000000bcd800000,0x0000000bcd900000)]
  0x000001d81ed105f0 JavaThread "Unconstrained build operations Thread 66" [_thread_blocked, id=4620, stack(0x0000000bcd900000,0x0000000bcda00000)]
  0x000001d81ed10f90 JavaThread "Unconstrained build operations Thread 67" [_thread_blocked, id=14032, stack(0x0000000bcda00000,0x0000000bcdb00000)]
  0x000001d81ed11460 JavaThread "Unconstrained build operations Thread 68" [_thread_blocked, id=3920, stack(0x0000000bcdb00000,0x0000000bcdc00000)]
  0x000001d81ed0daa0 JavaThread "Unconstrained build operations Thread 69" [_thread_blocked, id=12700, stack(0x0000000bcdc00000,0x0000000bcdd00000)]
  0x000001d81ed11930 JavaThread "Unconstrained build operations Thread 70" [_thread_blocked, id=6288, stack(0x0000000bcdd00000,0x0000000bcde00000)]
  0x000001d81ed12c70 JavaThread "Unconstrained build operations Thread 71" [_thread_blocked, id=6408, stack(0x0000000bcde00000,0x0000000bcdf00000)]
  0x000001d81ed13140 JavaThread "Unconstrained build operations Thread 72" [_thread_blocked, id=9884, stack(0x0000000bcdf00000,0x0000000bce000000)]
  0x000001d81ed13610 JavaThread "Unconstrained build operations Thread 73" [_thread_blocked, id=14040, stack(0x0000000bce000000,0x0000000bce100000)]
  0x000001d81c8cd4c0 JavaThread "Unconstrained build operations Thread 74" [_thread_blocked, id=7004, stack(0x0000000bce100000,0x0000000bce200000)]
  0x000001d81c8c87c0 JavaThread "Unconstrained build operations Thread 75" [_thread_blocked, id=7476, stack(0x0000000bce200000,0x0000000bce300000)]
  0x000001d81c8c8c90 JavaThread "Unconstrained build operations Thread 76" [_thread_blocked, id=1960, stack(0x0000000bce300000,0x0000000bce400000)]
  0x000001d81c8cd990 JavaThread "Unconstrained build operations Thread 77" [_thread_blocked, id=9976, stack(0x0000000bce400000,0x0000000bce500000)]
  0x000001d81c8c9630 JavaThread "Unconstrained build operations Thread 78" [_thread_blocked, id=15032, stack(0x0000000bce500000,0x0000000bce600000)]
  0x000001d81c8c6610 JavaThread "Unconstrained build operations Thread 79" [_thread_blocked, id=5904, stack(0x0000000bce600000,0x0000000bce700000)]
  0x000001d81c8c9b00 JavaThread "Unconstrained build operations Thread 80" [_thread_blocked, id=13164, stack(0x0000000bce700000,0x0000000bce800000)]

Other Threads:
=>0x000001d81aa3c180 VMThread "VM Thread" [stack: 0x0000000bc6200000,0x0000000bc6300000] [id=5760]
  0x000001d87ec80d00 WatcherThread [stack: 0x0000000bc6e00000,0x0000000bc6f00000] [id=8532]
  0x000001d87ec67620 GCTaskThread "GC Thread#0" [stack: 0x0000000bc5d00000,0x0000000bc5e00000] [id=7144]
  0x000001d81b878880 GCTaskThread "GC Thread#1" [stack: 0x0000000bc7000000,0x0000000bc7100000] [id=4920]
  0x000001d81c09c4a0 GCTaskThread "GC Thread#2" [stack: 0x0000000bc7100000,0x0000000bc7200000] [id=13984]
  0x000001d81c09c750 GCTaskThread "GC Thread#3" [stack: 0x0000000bc7200000,0x0000000bc7300000] [id=14056]
  0x000001d81c1a3b50 GCTaskThread "GC Thread#4" [stack: 0x0000000bc7400000,0x0000000bc7500000] [id=5928]
  0x000001d81e7cec60 GCTaskThread "GC Thread#5" [stack: 0x0000000bc7f00000,0x0000000bc8000000] [id=5596]
  0x000001d81df45020 GCTaskThread "GC Thread#6" [stack: 0x0000000bc8000000,0x0000000bc8100000] [id=14772]
  0x000001d81cc3e5a0 GCTaskThread "GC Thread#7" [stack: 0x0000000bc8100000,0x0000000bc8200000] [id=14076]
  0x000001d87ec78c10 ConcurrentGCThread "G1 Main Marker" [stack: 0x0000000bc5e00000,0x0000000bc5f00000] [id=8252]
  0x000001d87ec79530 ConcurrentGCThread "G1 Conc#0" [stack: 0x0000000bc5f00000,0x0000000bc6000000] [id=7468]
  0x000001d81e8ec970 ConcurrentGCThread "G1 Conc#1" [stack: 0x0000000bc8200000,0x0000000bc8300000] [id=11236]
  0x000001d81a8a24a0 ConcurrentGCThread "G1 Refine#0" [stack: 0x0000000bc6000000,0x0000000bc6100000] [id=11872]
  0x000001d81a8a2dd0 ConcurrentGCThread "G1 Service" [stack: 0x0000000bc6100000,0x0000000bc6200000] [id=11668]

Threads with active compile tasks:
C2 CompilerThread0    11398 7461       4       java.lang.ClassLoader::postDefineClass (39 bytes)
C2 CompilerThread1    11398 7469       4       org.objectweb.asm.SymbolTable::addConstantUtf8 (98 bytes)

VM state: at safepoint (normal execution)

VM Mutex/Monitor currently owned by a thread:  ([mutex/lock_event])
[0x000001d87ec06bf0] Threads_lock - owner thread: 0x000001d81aa3c180
[0x000001d87ec064a0] Heap_lock - owner thread: 0x000001d81dd9e9f0

Heap address: 0x0000000080000000, size: 2048 MB, Compressed Oops mode: 32-bit

CDS archive(s) not mapped
Compressed class space mapped at: 0x0000000100000000-0x0000000140000000, reserved size: 1073741824
Narrow klass base: 0x0000000000000000, Narrow klass shift: 3, Narrow klass range: 0x140000000

GC Precious Log:
 CPUs: 8 total, 8 available
 Memory: 7103M
 Large Page Support: Disabled
 NUMA Support: Disabled
 Compressed Oops: Enabled (32-bit)
 Heap Region Size: 1M
 Heap Min Capacity: 8M
 Heap Initial Capacity: 112M
 Heap Max Capacity: 2G
 Pre-touch: Disabled
 Parallel Workers: 8
 Concurrent Workers: 2
 Concurrent Refinement Workers: 8
 Periodic GC: Disabled

Heap:
 garbage-first heap   total 114688K, used 79356K [0x0000000080000000, 0x0000000100000000)
  region size 1024K, 4 young (4096K), 4 survivors (4096K)
 Metaspace       used 63273K, committed 63872K, reserved 1105920K
  class space    used 8516K, committed 8768K, reserved 1048576K

Heap Regions: E=young(eden), S=young(survivor), O=old, HS=humongous(starts), HC=humongous(continues), CS=collection set, F=free, OA=open archive, CA=closed archive, TAMS=top-at-mark-start (previous, next)
|   0|0x0000000080000000, 0x0000000080100000, 0x0000000080100000|100%|HS|  |TAMS 0x0000000080100000, 0x0000000080100000| Complete 
|   1|0x0000000080100000, 0x0000000080200000, 0x0000000080200000|100%|HC|  |TAMS 0x0000000080200000, 0x0000000080200000| Complete 
|   2|0x0000000080200000, 0x0000000080300000, 0x0000000080300000|100%|HC|  |TAMS 0x0000000080300000, 0x0000000080300000| Complete 
|   3|0x0000000080300000, 0x0000000080400000, 0x0000000080400000|100%|HC|  |TAMS 0x0000000080400000, 0x0000000080400000| Complete 
|   4|0x0000000080400000, 0x0000000080500000, 0x0000000080500000|100%| O|  |TAMS 0x0000000080500000, 0x0000000080500000| Untracked 
|   5|0x0000000080500000, 0x0000000080600000, 0x0000000080600000|100%| O|  |TAMS 0x0000000080600000, 0x0000000080600000| Untracked 
|   6|0x0000000080600000, 0x0000000080700000, 0x0000000080700000|100%| O|  |TAMS 0x0000000080700000, 0x0000000080700000| Untracked 
|   7|0x0000000080700000, 0x0000000080800000, 0x0000000080800000|100%| O|  |TAMS 0x0000000080800000, 0x0000000080800000| Untracked 
|   8|0x0000000080800000, 0x0000000080900000, 0x0000000080900000|100%| O|  |TAMS 0x0000000080900000, 0x0000000080900000| Untracked 
|   9|0x0000000080900000, 0x0000000080a00000, 0x0000000080a00000|100%| O|  |TAMS 0x0000000080a00000, 0x0000000080a00000| Untracked 
|  10|0x0000000080a00000, 0x0000000080b00000, 0x0000000080b00000|100%| O|  |TAMS 0x0000000080b00000, 0x0000000080b00000| Untracked 
|  11|0x0000000080b00000, 0x0000000080c00000, 0x0000000080c00000|100%| O|  |TAMS 0x0000000080c00000, 0x0000000080c00000| Untracked 
|  12|0x0000000080c00000, 0x0000000080d00000, 0x0000000080d00000|100%| O|  |TAMS 0x0000000080d00000, 0x0000000080d00000| Untracked 
|  13|0x0000000080d00000, 0x0000000080e00000, 0x0000000080e00000|100%| O|  |TAMS 0x0000000080e00000, 0x0000000080e00000| Untracked 
|  14|0x0000000080e00000, 0x0000000080f00000, 0x0000000080f00000|100%| O|  |TAMS 0x0000000080f00000, 0x0000000080f00000| Untracked 
|  15|0x0000000080f00000, 0x0000000081000000, 0x0000000081000000|100%| O|  |TAMS 0x0000000081000000, 0x0000000081000000| Untracked 
|  16|0x0000000081000000, 0x0000000081100000, 0x0000000081100000|100%| O|  |TAMS 0x0000000081100000, 0x0000000081100000| Untracked 
|  17|0x0000000081100000, 0x0000000081200000, 0x0000000081200000|100%| O|  |TAMS 0x0000000081200000, 0x0000000081200000| Untracked 
|  18|0x0000000081200000, 0x0000000081300000, 0x0000000081300000|100%| O|  |TAMS 0x0000000081300000, 0x0000000081300000| Untracked 
|  19|0x0000000081300000, 0x0000000081400000, 0x0000000081400000|100%| O|  |TAMS 0x0000000081400000, 0x0000000081400000| Untracked 
|  20|0x0000000081400000, 0x0000000081500000, 0x0000000081500000|100%|HS|  |TAMS 0x0000000081500000, 0x0000000081500000| Complete 
|  21|0x0000000081500000, 0x0000000081600000, 0x0000000081600000|100%|HC|  |TAMS 0x0000000081600000, 0x0000000081600000| Complete 
|  22|0x0000000081600000, 0x0000000081700000, 0x0000000081700000|100%| O|  |TAMS 0x0000000081700000, 0x0000000081700000| Untracked 
|  23|0x0000000081700000, 0x0000000081800000, 0x0000000081800000|100%| O|  |TAMS 0x0000000081800000, 0x0000000081800000| Untracked 
|  24|0x0000000081800000, 0x0000000081900000, 0x0000000081900000|100%| O|  |TAMS 0x0000000081900000, 0x0000000081900000| Untracked 
|  25|0x0000000081900000, 0x0000000081a00000, 0x0000000081a00000|100%| O|  |TAMS 0x0000000081a00000, 0x0000000081a00000| Untracked 
|  26|0x0000000081a00000, 0x0000000081b00000, 0x0000000081b00000|100%| O|  |TAMS 0x0000000081b00000, 0x0000000081b00000| Untracked 
|  27|0x0000000081b00000, 0x0000000081c00000, 0x0000000081c00000|100%|HS|  |TAMS 0x0000000081c00000, 0x0000000081c00000| Complete 
|  28|0x0000000081c00000, 0x0000000081d00000, 0x0000000081d00000|100%|HC|  |TAMS 0x0000000081d00000, 0x0000000081d00000| Complete 
|  29|0x0000000081d00000, 0x0000000081e00000, 0x0000000081e00000|100%|HC|  |TAMS 0x0000000081e00000, 0x0000000081e00000| Complete 
|  30|0x0000000081e00000, 0x0000000081f00000, 0x0000000081f00000|100%|HS|  |TAMS 0x0000000081f00000, 0x0000000081f00000| Complete 
|  31|0x0000000081f00000, 0x0000000082000000, 0x0000000082000000|100%|HC|  |TAMS 0x0000000082000000, 0x0000000082000000| Complete 
|  32|0x0000000082000000, 0x0000000082100000, 0x0000000082100000|100%|HC|  |TAMS 0x0000000082100000, 0x0000000082100000| Complete 
|  33|0x0000000082100000, 0x0000000082200000, 0x0000000082200000|100%| O|  |TAMS 0x0000000082200000, 0x0000000082200000| Untracked 
|  34|0x0000000082200000, 0x0000000082300000, 0x0000000082300000|100%| O|  |TAMS 0x0000000082300000, 0x0000000082300000| Untracked 
|  35|0x0000000082300000, 0x0000000082400000, 0x0000000082400000|100%| O|  |TAMS 0x0000000082400000, 0x0000000082400000| Untracked 
|  36|0x0000000082400000, 0x0000000082500000, 0x0000000082500000|100%|HS|  |TAMS 0x0000000082400000, 0x0000000082500000| Complete 
|  37|0x0000000082500000, 0x0000000082600000, 0x0000000082600000|100%| O|  |TAMS 0x0000000082500000, 0x0000000082600000| Untracked 
|  38|0x0000000082600000, 0x0000000082700000, 0x0000000082700000|100%| O|  |TAMS 0x0000000082700000, 0x0000000082700000| Untracked 
|  39|0x0000000082700000, 0x0000000082800000, 0x0000000082800000|100%| O|  |TAMS 0x0000000082800000, 0x0000000082800000| Untracked 
|  40|0x0000000082800000, 0x0000000082900000, 0x0000000082900000|100%| O|  |TAMS 0x0000000082900000, 0x0000000082900000| Untracked 
|  41|0x0000000082900000, 0x0000000082a00000, 0x0000000082a00000|100%| O|  |TAMS 0x0000000082a00000, 0x0000000082a00000| Untracked 
|  42|0x0000000082a00000, 0x0000000082b00000, 0x0000000082b00000|100%| O|  |TAMS 0x0000000082b00000, 0x0000000082b00000| Untracked 
|  43|0x0000000082b00000, 0x0000000082c00000, 0x0000000082c00000|100%| O|  |TAMS 0x0000000082c00000, 0x0000000082c00000| Untracked 
|  44|0x0000000082c00000, 0x0000000082d00000, 0x0000000082d00000|100%|HS|  |TAMS 0x0000000082d00000, 0x0000000082d00000| Complete 
|  45|0x0000000082d00000, 0x0000000082e00000, 0x0000000082e00000|100%|HC|  |TAMS 0x0000000082e00000, 0x0000000082e00000| Complete 
|  46|0x0000000082e00000, 0x0000000082f00000, 0x0000000082f00000|100%|HC|  |TAMS 0x0000000082f00000, 0x0000000082f00000| Complete 
|  47|0x0000000082f00000, 0x0000000083000000, 0x0000000083000000|100%| O|  |TAMS 0x0000000083000000, 0x0000000083000000| Untracked 
|  48|0x0000000083000000, 0x0000000083100000, 0x0000000083100000|100%|HS|  |TAMS 0x0000000083100000, 0x0000000083100000| Complete 
|  49|0x0000000083100000, 0x0000000083200000, 0x0000000083200000|100%|HC|  |TAMS 0x0000000083200000, 0x0000000083200000| Complete 
|  50|0x0000000083200000, 0x0000000083300000, 0x0000000083300000|100%|HC|  |TAMS 0x0000000083300000, 0x0000000083300000| Complete 
|  51|0x0000000083300000, 0x0000000083400000, 0x0000000083400000|100%| O|  |TAMS 0x0000000083400000, 0x0000000083400000| Untracked 
|  52|0x0000000083400000, 0x0000000083500000, 0x0000000083500000|100%| O|  |TAMS 0x0000000083500000, 0x0000000083500000| Untracked 
|  53|0x0000000083500000, 0x0000000083600000, 0x0000000083600000|100%| O|  |TAMS 0x0000000083600000, 0x0000000083600000| Untracked 
|  54|0x0000000083600000, 0x0000000083700000, 0x0000000083700000|100%| O|  |TAMS 0x0000000083700000, 0x0000000083700000| Untracked 
|  55|0x0000000083700000, 0x0000000083800000, 0x0000000083800000|100%| O|  |TAMS 0x0000000083800000, 0x0000000083800000| Untracked 
|  56|0x0000000083800000, 0x0000000083900000, 0x0000000083900000|100%| O|  |TAMS 0x0000000083900000, 0x0000000083900000| Untracked 
|  57|0x0000000083900000, 0x0000000083a00000, 0x0000000083a00000|100%| O|  |TAMS 0x0000000083a00000, 0x0000000083a00000| Untracked 
|  58|0x0000000083a00000, 0x0000000083b00000, 0x0000000083b00000|100%| O|  |TAMS 0x0000000083b00000, 0x0000000083b00000| Untracked 
|  59|0x0000000083b00000, 0x0000000083c00000, 0x0000000083c00000|100%| O|  |TAMS 0x0000000083bd9a00, 0x0000000083c00000| Untracked 
|  60|0x0000000083c00000, 0x0000000083d00000, 0x0000000083d00000|100%| O|  |TAMS 0x0000000083c00000, 0x0000000083d00000| Untracked 
|  61|0x0000000083d00000, 0x0000000083e00000, 0x0000000083e00000|100%| O|  |TAMS 0x0000000083d00000, 0x0000000083e00000| Untracked 
|  62|0x0000000083e00000, 0x0000000083f00000, 0x0000000083f00000|100%| O|  |TAMS 0x0000000083e00000, 0x0000000083ea4800| Untracked 
|  63|0x0000000083f00000, 0x0000000084000000, 0x0000000084000000|100%|HS|  |TAMS 0x0000000083f00000, 0x0000000084000000| Complete 
|  64|0x0000000084000000, 0x0000000084100000, 0x0000000084100000|100%|HS|  |TAMS 0x0000000084000000, 0x0000000084100000| Complete 
|  65|0x0000000084100000, 0x0000000084200000, 0x0000000084200000|100%|HC|  |TAMS 0x0000000084100000, 0x0000000084200000| Complete 
|  66|0x0000000084200000, 0x0000000084300000, 0x0000000084300000|100%|HS|  |TAMS 0x0000000084200000, 0x0000000084300000| Complete 
|  67|0x0000000084300000, 0x0000000084400000, 0x0000000084400000|100%|HS|  |TAMS 0x0000000084300000, 0x0000000084400000| Complete 
|  68|0x0000000084400000, 0x0000000084500000, 0x0000000084500000|100%|HC|  |TAMS 0x0000000084400000, 0x0000000084500000| Complete 
|  69|0x0000000084500000, 0x0000000084600000, 0x0000000084600000|100%|HC|  |TAMS 0x0000000084500000, 0x0000000084600000| Complete 
|  70|0x0000000084600000, 0x0000000084700000, 0x0000000084700000|100%|HC|  |TAMS 0x0000000084600000, 0x0000000084700000| Complete 
|  71|0x0000000084700000, 0x0000000084700000, 0x0000000084800000|  0%| F|  |TAMS 0x0000000084700000, 0x0000000084700000| Untracked 
|  72|0x0000000084800000, 0x0000000084900000, 0x0000000084900000|100%| O|  |TAMS 0x0000000084800000, 0x0000000084800000| Untracked 
|  73|0x0000000084900000, 0x0000000084a00000, 0x0000000084a00000|100%| O|  |TAMS 0x0000000084900000, 0x0000000084900000| Untracked 
|  74|0x0000000084a00000, 0x0000000084a7f200, 0x0000000084b00000| 49%| O|  |TAMS 0x0000000084a00000, 0x0000000084a00000| Untracked 
|  75|0x0000000084b00000, 0x0000000084b00000, 0x0000000084c00000|  0%| F|  |TAMS 0x0000000084b00000, 0x0000000084b00000| Untracked 
|  76|0x0000000084c00000, 0x0000000084d00000, 0x0000000084d00000|100%| S|CS|TAMS 0x0000000084c00000, 0x0000000084c00000| Complete 
|  77|0x0000000084d00000, 0x0000000084e00000, 0x0000000084e00000|100%| S|CS|TAMS 0x0000000084d00000, 0x0000000084d00000| Complete 
|  78|0x0000000084e00000, 0x0000000084f00000, 0x0000000084f00000|100%| S|CS|TAMS 0x0000000084e00000, 0x0000000084e00000| Complete 
|  79|0x0000000084f00000, 0x0000000085000000, 0x0000000085000000|100%| S|CS|TAMS 0x0000000084f00000, 0x0000000084f00000| Complete 
|  80|0x0000000085000000, 0x0000000085000000, 0x0000000085100000|  0%| F|  |TAMS 0x0000000085000000, 0x0000000085000000| Untracked 
|  81|0x0000000085100000, 0x0000000085100000, 0x0000000085200000|  0%| F|  |TAMS 0x0000000085100000, 0x0000000085100000| Untracked 
|  82|0x0000000085200000, 0x0000000085200000, 0x0000000085300000|  0%| F|  |TAMS 0x0000000085200000, 0x0000000085200000| Untracked 
|  83|0x0000000085300000, 0x0000000085300000, 0x0000000085400000|  0%| F|  |TAMS 0x0000000085300000, 0x0000000085300000| Untracked 
|  84|0x0000000085400000, 0x0000000085400000, 0x0000000085500000|  0%| F|  |TAMS 0x0000000085400000, 0x0000000085400000| Untracked 
|  85|0x0000000085500000, 0x0000000085500000, 0x0000000085600000|  0%| F|  |TAMS 0x0000000085500000, 0x0000000085500000| Untracked 
|  86|0x0000000085600000, 0x0000000085600000, 0x0000000085700000|  0%| F|  |TAMS 0x0000000085600000, 0x0000000085600000| Untracked 
|  87|0x0000000085700000, 0x0000000085700000, 0x0000000085800000|  0%| F|  |TAMS 0x0000000085700000, 0x0000000085700000| Untracked 
|  88|0x0000000085800000, 0x0000000085800000, 0x0000000085900000|  0%| F|  |TAMS 0x0000000085800000, 0x0000000085800000| Untracked 
|  89|0x0000000085900000, 0x0000000085900000, 0x0000000085a00000|  0%| F|  |TAMS 0x0000000085900000, 0x0000000085900000| Untracked 
|  90|0x0000000085a00000, 0x0000000085a00000, 0x0000000085b00000|  0%| F|  |TAMS 0x0000000085a00000, 0x0000000085a00000| Untracked 
|  91|0x0000000085b00000, 0x0000000085b00000, 0x0000000085c00000|  0%| F|  |TAMS 0x0000000085b00000, 0x0000000085b00000| Untracked 
|  92|0x0000000085c00000, 0x0000000085c00000, 0x0000000085d00000|  0%| F|  |TAMS 0x0000000085c00000, 0x0000000085c00000| Untracked 
|  93|0x0000000085d00000, 0x0000000085d00000, 0x0000000085e00000|  0%| F|  |TAMS 0x0000000085d00000, 0x0000000085d00000| Untracked 
|  94|0x0000000085e00000, 0x0000000085e00000, 0x0000000085f00000|  0%| F|  |TAMS 0x0000000085e00000, 0x0000000085e00000| Untracked 
|  95|0x0000000085f00000, 0x0000000085f00000, 0x0000000086000000|  0%| F|  |TAMS 0x0000000085f00000, 0x0000000085f00000| Untracked 
|  96|0x0000000086000000, 0x0000000086000000, 0x0000000086100000|  0%| F|  |TAMS 0x0000000086000000, 0x0000000086000000| Untracked 
|  97|0x0000000086100000, 0x0000000086100000, 0x0000000086200000|  0%| F|  |TAMS 0x0000000086100000, 0x0000000086100000| Untracked 
|  98|0x0000000086200000, 0x0000000086200000, 0x0000000086300000|  0%| F|  |TAMS 0x0000000086200000, 0x0000000086200000| Untracked 
|  99|0x0000000086300000, 0x0000000086300000, 0x0000000086400000|  0%| F|  |TAMS 0x0000000086300000, 0x0000000086300000| Untracked 
| 100|0x0000000086400000, 0x0000000086400000, 0x0000000086500000|  0%| F|  |TAMS 0x0000000086400000, 0x0000000086400000| Untracked 
| 101|0x0000000086500000, 0x0000000086500000, 0x0000000086600000|  0%| F|  |TAMS 0x0000000086500000, 0x0000000086500000| Untracked 
| 102|0x0000000086600000, 0x0000000086600000, 0x0000000086700000|  0%| F|  |TAMS 0x0000000086600000, 0x0000000086600000| Untracked 
| 103|0x0000000086700000, 0x0000000086700000, 0x0000000086800000|  0%| F|  |TAMS 0x0000000086700000, 0x0000000086700000| Untracked 
| 104|0x0000000086800000, 0x0000000086800000, 0x0000000086900000|  0%| F|  |TAMS 0x0000000086800000, 0x0000000086800000| Untracked 
| 105|0x0000000086900000, 0x0000000086900000, 0x0000000086a00000|  0%| F|  |TAMS 0x0000000086900000, 0x0000000086900000| Untracked 
| 106|0x0000000086a00000, 0x0000000086a00000, 0x0000000086b00000|  0%| F|  |TAMS 0x0000000086a00000, 0x0000000086a00000| Untracked 
| 107|0x0000000086b00000, 0x0000000086b00000, 0x0000000086c00000|  0%| F|  |TAMS 0x0000000086b00000, 0x0000000086b00000| Untracked 
| 108|0x0000000086c00000, 0x0000000086c00000, 0x0000000086d00000|  0%| F|  |TAMS 0x0000000086c00000, 0x0000000086c00000| Untracked 
| 109|0x0000000086d00000, 0x0000000086d00000, 0x0000000086e00000|  0%| F|  |TAMS 0x0000000086d00000, 0x0000000086d00000| Untracked 
| 110|0x0000000086e00000, 0x0000000086e00000, 0x0000000086f00000|  0%| F|  |TAMS 0x0000000086e00000, 0x0000000086e00000| Untracked 
| 111|0x0000000086f00000, 0x0000000086f00000, 0x0000000087000000|  0%| F|  |TAMS 0x0000000086f00000, 0x0000000086f00000| Untracked 

Card table byte_map: [0x000001d813810000,0x000001d813c10000] _byte_map_base: 0x000001d813410000

Marking Bits (Prev, Next): (CMBitMap*) 0x000001d87ec67b80, (CMBitMap*) 0x000001d87ec67b40
 Prev Bits: [0x000001d816010000, 0x000001d818010000)
 Next Bits: [0x000001d814010000, 0x000001d816010000)

Polling page: 0x000001d87ece0000

Metaspace:

Usage:
  Non-class:     53.47 MB used.
      Class:      8.32 MB used.
       Both:     61.79 MB used.

Virtual space:
  Non-class space:       56.00 MB reserved,      53.81 MB ( 96%) committed,  7 nodes.
      Class space:        1.00 GB reserved,       8.56 MB ( <1%) committed,  1 nodes.
             Both:        1.05 GB reserved,      62.38 MB (  6%) committed. 

Chunk freelists:
   Non-Class:  1.62 MB
       Class:  3.44 MB
        Both:  5.07 MB

MaxMetaspaceSize: unlimited
CompressedClassSpaceSize: 1.00 GB
Initial GC threshold: 21.00 MB
Current GC threshold: 100.31 MB
CDS: off
MetaspaceReclaimPolicy: balanced
 - commit_granule_bytes: 65536.
 - commit_granule_words: 8192.
 - virtual_space_node_default_size: 1048576.
 - enlarge_chunks_in_place: 1.
 - new_chunks_are_fully_committed: 0.
 - uncommit_free_chunks: 1.
 - use_allocation_guard: 0.
 - handle_deallocations: 1.


Internal statistics:

num_allocs_failed_limit: 3.
num_arena_births: 670.
num_arena_deaths: 4.
num_vsnodes_births: 8.
num_vsnodes_deaths: 0.
num_space_committed: 998.
num_space_uncommitted: 0.
num_chunks_returned_to_freelist: 12.
num_chunks_taken_from_freelist: 2800.
num_chunk_merges: 3.
num_chunk_splits: 1885.
num_chunks_enlarged: 1321.
num_purges: 4.
num_inconsistent_stats: 0.

CodeHeap 'non-profiled nmethods': size=120000Kb used=3864Kb max_used=3864Kb free=116135Kb
 bounds [0x000001d80c2e0000, 0x000001d80c6b0000, 0x000001d813810000]
CodeHeap 'profiled nmethods': size=120000Kb used=12416Kb max_used=12416Kb free=107583Kb
 bounds [0x000001d804810000, 0x000001d805440000, 0x000001d80bd40000]
CodeHeap 'non-nmethods': size=5760Kb used=2337Kb max_used=2386Kb free=3423Kb
 bounds [0x000001d80bd40000, 0x000001d80bfb0000, 0x000001d80c2e0000]
 total_blobs=7510 nmethods=6651 adapters=771
 compilation: enabled
              stopped_count=0, restarted_count=0
 full_count=0

Compilation events (20 events):
Event: 11.345 Thread 0x000001d81b447910 7468       3       com.google.common.collect.LinkedHashMultimap$ValueSet::<init> (55 bytes)
Event: 11.346 Thread 0x000001d81b447910 nmethod 7468 0x000001d805428b90 code [0x000001d805428d80, 0x000001d8054292a8]
Event: 11.347 Thread 0x000001d81b447910 7470       3       org.gradle.model.internal.asm.AsmClassGeneratorUtils::visitType (414 bytes)
Event: 11.350 Thread 0x000001d81b447910 nmethod 7470 0x000001d805429410 code [0x000001d805429a20, 0x000001d80542ca88]
Event: 11.352 Thread 0x000001d81b447910 7472       3       java.lang.invoke.DirectMethodHandle$Special::<init> (16 bytes)
Event: 11.352 Thread 0x000001d81b447910 nmethod 7472 0x000001d80542da10 code [0x000001d80542dbc0, 0x000001d80542dd68]
Event: 11.352 Thread 0x000001d81b447910 7474       3       jdk.internal.misc.CDS::isDumpingClassList (4 bytes)
Event: 11.352 Thread 0x000001d81b447910 nmethod 7474 0x000001d80542de10 code [0x000001d80542dfa0, 0x000001d80542e098]
Event: 11.353 Thread 0x000001d81b447910 7477       3       java.lang.invoke.InvokerBytecodeGenerator$ClassData::<init> (20 bytes)
Event: 11.353 Thread 0x000001d81b447910 nmethod 7477 0x000001d80542e110 code [0x000001d80542e2c0, 0x000001d80542e538]
Event: 11.353 Thread 0x000001d81b447910 7478       3       java.lang.invoke.MethodHandles$Lookup::makeHiddenClassDefiner (14 bytes)
Event: 11.353 Thread 0x000001d81ecc6440 nmethod 7462 0x000001d80c6a4c90 code [0x000001d80c6a4e60, 0x000001d80c6a5a28]
Event: 11.354 Thread 0x000001d81ecc6440 7469       4       org.objectweb.asm.SymbolTable::addConstantUtf8 (98 bytes)
Event: 11.354 Thread 0x000001d81b447910 nmethod 7478 0x000001d80542e610 code [0x000001d80542e7c0, 0x000001d80542e9b8]
Event: 11.354 Thread 0x000001d81b447910 7479       3       java.lang.invoke.MethodHandles$Lookup$ClassFile::newInstanceNoCheck (11 bytes)
Event: 11.354 Thread 0x000001d81b447910 nmethod 7479 0x000001d80542ea90 code [0x000001d80542ec40, 0x000001d80542eef8]
Event: 11.358 Thread 0x000001d81b447910 7480       3       org.objectweb.asm.Type::getSize (86 bytes)
Event: 11.358 Thread 0x000001d81b447910 nmethod 7480 0x000001d80542f010 code [0x000001d80542f1c0, 0x000001d80542f588]
Event: 11.361 Thread 0x000001d81b447910 7481       3       org.objectweb.asm.SymbolTable::addConstantIntegerOrFloat (100 bytes)
Event: 11.362 Thread 0x000001d81b447910 nmethod 7481 0x000001d80542f690 code [0x000001d80542f8a0, 0x000001d80542fdd8]

GC Heap History (20 events):
Event: 8.206 GC heap after
{Heap after GC invocations=28 (full 0):
 garbage-first heap   total 103424K, used 55491K [0x0000000080000000, 0x0000000100000000)
  region size 1024K, 2 young (2048K), 2 survivors (2048K)
 Metaspace       used 51729K, committed 52160K, reserved 1097728K
  class space    used 6902K, committed 7104K, reserved 1048576K
}
Event: 8.434 GC heap before
{Heap before GC invocations=28 (full 0):
 garbage-first heap   total 103424K, used 78019K [0x0000000080000000, 0x0000000100000000)
  region size 1024K, 24 young (24576K), 2 survivors (2048K)
 Metaspace       used 52083K, committed 52544K, reserved 1097728K
  class space    used 6934K, committed 7168K, reserved 1048576K
}
Event: 8.437 GC heap after
{Heap after GC invocations=29 (full 0):
 garbage-first heap   total 103424K, used 55455K [0x0000000080000000, 0x0000000100000000)
  region size 1024K, 2 young (2048K), 2 survivors (2048K)
 Metaspace       used 52083K, committed 52544K, reserved 1097728K
  class space    used 6934K, committed 7168K, reserved 1048576K
}
Event: 9.050 GC heap before
{Heap before GC invocations=30 (full 0):
 garbage-first heap   total 103424K, used 80031K [0x0000000080000000, 0x0000000100000000)
  region size 1024K, 26 young (26624K), 2 survivors (2048K)
 Metaspace       used 54650K, committed 55232K, reserved 1097728K
  class space    used 7178K, committed 7424K, reserved 1048576K
}
Event: 9.054 GC heap after
{Heap after GC invocations=31 (full 0):
 garbage-first heap   total 103424K, used 57891K [0x0000000080000000, 0x0000000100000000)
  region size 1024K, 4 young (4096K), 4 survivors (4096K)
 Metaspace       used 54650K, committed 55232K, reserved 1097728K
  class space    used 7178K, committed 7424K, reserved 1048576K
}
Event: 9.087 GC heap before
{Heap before GC invocations=31 (full 0):
 garbage-first heap   total 103424K, used 58915K [0x0000000080000000, 0x0000000100000000)
  region size 1024K, 5 young (5120K), 4 survivors (4096K)
 Metaspace       used 54783K, committed 55296K, reserved 1097728K
  class space    used 7201K, committed 7424K, reserved 1048576K
}
Event: 9.090 GC heap after
{Heap after GC invocations=32 (full 0):
 garbage-first heap   total 103424K, used 58569K [0x0000000080000000, 0x0000000100000000)
  region size 1024K, 1 young (1024K), 1 survivors (1024K)
 Metaspace       used 54783K, committed 55296K, reserved 1097728K
  class space    used 7201K, committed 7424K, reserved 1048576K
}
Event: 9.402 GC heap before
{Heap before GC invocations=32 (full 0):
 garbage-first heap   total 103424K, used 81097K [0x0000000080000000, 0x0000000100000000)
  region size 1024K, 24 young (24576K), 1 survivors (1024K)
 Metaspace       used 55726K, committed 56320K, reserved 1105920K
  class space    used 7367K, committed 7616K, reserved 1048576K
}
Event: 9.404 GC heap after
{Heap after GC invocations=33 (full 0):
 garbage-first heap   total 103424K, used 59079K [0x0000000080000000, 0x0000000100000000)
  region size 1024K, 1 young (1024K), 1 survivors (1024K)
 Metaspace       used 55726K, committed 56320K, reserved 1105920K
  class space    used 7367K, committed 7616K, reserved 1048576K
}
Event: 9.883 GC heap before
{Heap before GC invocations=34 (full 0):
 garbage-first heap   total 103424K, used 82631K [0x0000000080000000, 0x0000000100000000)
  region size 1024K, 25 young (25600K), 1 survivors (1024K)
 Metaspace       used 58200K, committed 58752K, reserved 1105920K
  class space    used 7812K, committed 8064K, reserved 1048576K
}
Event: 9.886 GC heap after
{Heap after GC invocations=35 (full 0):
 garbage-first heap   total 103424K, used 60766K [0x0000000080000000, 0x0000000100000000)
  region size 1024K, 3 young (3072K), 3 survivors (3072K)
 Metaspace       used 58200K, committed 58752K, reserved 1105920K
  class space    used 7812K, committed 8064K, reserved 1048576K
}
Event: 9.924 GC heap before
{Heap before GC invocations=35 (full 0):
 garbage-first heap   total 103424K, used 62814K [0x0000000080000000, 0x0000000100000000)
  region size 1024K, 5 young (5120K), 3 survivors (3072K)
 Metaspace       used 58507K, committed 59072K, reserved 1105920K
  class space    used 7868K, committed 8128K, reserved 1048576K
}
Event: 9.928 GC heap after
{Heap after GC invocations=36 (full 0):
 garbage-first heap   total 103424K, used 60579K [0x0000000080000000, 0x0000000100000000)
  region size 1024K, 1 young (1024K), 1 survivors (1024K)
 Metaspace       used 58507K, committed 59072K, reserved 1105920K
  class space    used 7868K, committed 8128K, reserved 1048576K
}
Event: 10.514 GC heap before
{Heap before GC invocations=36 (full 0):
 garbage-first heap   total 103424K, used 83107K [0x0000000080000000, 0x0000000100000000)
  region size 1024K, 24 young (24576K), 1 survivors (1024K)
 Metaspace       used 60988K, committed 61568K, reserved 1105920K
  class space    used 8235K, committed 8512K, reserved 1048576K
}
Event: 10.518 GC heap after
{Heap after GC invocations=37 (full 0):
 garbage-first heap   total 103424K, used 62114K [0x0000000080000000, 0x0000000100000000)
  region size 1024K, 2 young (2048K), 2 survivors (2048K)
 Metaspace       used 60988K, committed 61568K, reserved 1105920K
  class space    used 8235K, committed 8512K, reserved 1048576K
}
Event: 10.912 GC heap before
{Heap before GC invocations=38 (full 0):
 garbage-first heap   total 107520K, used 84642K [0x0000000080000000, 0x0000000100000000)
  region size 1024K, 24 young (24576K), 2 survivors (2048K)
 Metaspace       used 61591K, committed 62208K, reserved 1105920K
  class space    used 8298K, committed 8576K, reserved 1048576K
}
Event: 10.915 GC heap after
{Heap after GC invocations=39 (full 0):
 garbage-first heap   total 107520K, used 63612K [0x0000000080000000, 0x0000000100000000)
  region size 1024K, 2 young (2048K), 2 survivors (2048K)
 Metaspace       used 61591K, committed 62208K, reserved 1105920K
  class space    used 8298K, committed 8576K, reserved 1048576K
}
Event: 10.965 GC heap before
{Heap before GC invocations=39 (full 0):
 garbage-first heap   total 107520K, used 65660K [0x0000000080000000, 0x0000000100000000)
  region size 1024K, 5 young (5120K), 2 survivors (2048K)
 Metaspace       used 61632K, committed 62272K, reserved 1105920K
  class space    used 8298K, committed 8576K, reserved 1048576K
}
Event: 10.967 GC heap after
{Heap after GC invocations=40 (full 0):
 garbage-first heap   total 107520K, used 63420K [0x0000000080000000, 0x0000000100000000)
  region size 1024K, 1 young (1024K), 1 survivors (1024K)
 Metaspace       used 61632K, committed 62272K, reserved 1105920K
  class space    used 8298K, committed 8576K, reserved 1048576K
}
Event: 11.362 GC heap before
{Heap before GC invocations=40 (full 0):
 garbage-first heap   total 107520K, used 97212K [0x0000000080000000, 0x0000000100000000)
  region size 1024K, 25 young (25600K), 1 survivors (1024K)
 Metaspace       used 63273K, committed 63872K, reserved 1105920K
  class space    used 8516K, committed 8768K, reserved 1048576K
}

Dll operation events (2 events):
Event: 0.009 Loaded shared library D:\AndroidStudio\jbr\bin\java.dll
Event: 0.442 Loaded shared library D:\AndroidStudio\jbr\bin\verify.dll

Deoptimization events (20 events):
Event: 11.081 Thread 0x000001d81dd9e9f0 DEOPT PACKING pc=0x000001d80c5631e8 sp=0x0000000bc7bf5da0
Event: 11.081 Thread 0x000001d81dd9e9f0 DEOPT UNPACKING pc=0x000001d80bd969a3 sp=0x0000000bc7bf5d10 mode 2
Event: 11.273 Thread 0x000001d81dd9e9f0 Uncommon trap: trap_request=0xffffffde fr.pc=0x000001d80c5631e8 relative=0x0000000000002748
Event: 11.273 Thread 0x000001d81dd9e9f0 Uncommon trap: reason=class_check action=maybe_recompile pc=0x000001d80c5631e8 method=java.util.jar.JarFile.getManifestFromReference()Ljava/util/jar/Manifest; @ 152 c2
Event: 11.273 Thread 0x000001d81dd9e9f0 DEOPT PACKING pc=0x000001d80c5631e8 sp=0x0000000bc7bf5d70
Event: 11.273 Thread 0x000001d81dd9e9f0 DEOPT UNPACKING pc=0x000001d80bd969a3 sp=0x0000000bc7bf5ce0 mode 2
Event: 11.335 Thread 0x000001d81dd9e9f0 Uncommon trap: trap_request=0xffffffde fr.pc=0x000001d80c5631e8 relative=0x0000000000002748
Event: 11.335 Thread 0x000001d81dd9e9f0 Uncommon trap: reason=class_check action=maybe_recompile pc=0x000001d80c5631e8 method=java.util.jar.JarFile.getManifestFromReference()Ljava/util/jar/Manifest; @ 152 c2
Event: 11.335 Thread 0x000001d81dd9e9f0 DEOPT PACKING pc=0x000001d80c5631e8 sp=0x0000000bc7bf4d90
Event: 11.335 Thread 0x000001d81dd9e9f0 DEOPT UNPACKING pc=0x000001d80bd969a3 sp=0x0000000bc7bf4d00 mode 2
Event: 11.342 Thread 0x000001d81dd9e9f0 DEOPT PACKING pc=0x000001d8053ae309 sp=0x0000000bc7bf5ae0
Event: 11.342 Thread 0x000001d81dd9e9f0 DEOPT UNPACKING pc=0x000001d80bd97143 sp=0x0000000bc7bf4ff0 mode 0
Event: 11.351 Thread 0x000001d81dd9e9f0 DEOPT PACKING pc=0x000001d8053ae309 sp=0x0000000bc7bf67e0
Event: 11.351 Thread 0x000001d81dd9e9f0 DEOPT UNPACKING pc=0x000001d80bd97143 sp=0x0000000bc7bf5cf0 mode 0
Event: 11.361 Thread 0x000001d81dd9e9f0 DEOPT PACKING pc=0x000001d8053ae309 sp=0x0000000bc7bf5c90
Event: 11.361 Thread 0x000001d81dd9e9f0 DEOPT UNPACKING pc=0x000001d80bd97143 sp=0x0000000bc7bf51a0 mode 0
Event: 11.362 Thread 0x000001d81dd9e9f0 Uncommon trap: trap_request=0xffffff45 fr.pc=0x000001d80c53b3a0 relative=0x0000000000004fc0
Event: 11.362 Thread 0x000001d81dd9e9f0 Uncommon trap: reason=unstable_if action=reinterpret pc=0x000001d80c53b3a0 method=org.objectweb.asm.Frame.execute(IILorg/objectweb/asm/Symbol;Lorg/objectweb/asm/SymbolTable;)V @ 1 c2
Event: 11.362 Thread 0x000001d81dd9e9f0 DEOPT PACKING pc=0x000001d80c53b3a0 sp=0x0000000bc7bf5c70
Event: 11.362 Thread 0x000001d81dd9e9f0 DEOPT UNPACKING pc=0x000001d80bd969a3 sp=0x0000000bc7bf5c08 mode 2

Classes unloaded (9 events):
Event: 8.476 Thread 0x000001d81aa3c180 Unloading class 0x00000001006d8410 '_BuildScript_$_run_closure1$_closure2'
Event: 8.476 Thread 0x000001d81aa3c180 Unloading class 0x00000001006d8000 '_BuildScript_$_run_closure1'
Event: 8.476 Thread 0x000001d81aa3c180 Unloading class 0x00000001006d0800 '_BuildScript_'
Event: 9.444 Thread 0x000001d81aa3c180 Unloading class 0x00000001006f4b10 '_BuildScript_'
Event: 9.444 Thread 0x000001d81aa3c180 Unloading class 0x00000001006f4820 'RegistryProcessor'
Event: 9.444 Thread 0x000001d81aa3c180 Unloading class 0x00000001006f4410 'JetGradlePlugin$_apply_closure1$_closure2$_closure3'
Event: 9.444 Thread 0x000001d81aa3c180 Unloading class 0x00000001006f4000 'JetGradlePlugin$_apply_closure1$_closure2'
Event: 9.444 Thread 0x000001d81aa3c180 Unloading class 0x00000001006e9ac0 'JetGradlePlugin$_apply_closure1'
Event: 9.444 Thread 0x000001d81aa3c180 Unloading class 0x00000001006e9800 'JetGradlePlugin'

Classes redefined (0 events):
No events

Internal exceptions (20 events):
Event: 9.514 Thread 0x000001d81dd9e9f0 Exception <a 'java/lang/IncompatibleClassChangeError'{0x0000000085f7d1d8}: Found class java.lang.Object, but interface was expected> (0x0000000085f7d1d8) 
thrown [s\src\hotspot\share\interpreter\linkResolver.cpp, line 838]
Event: 9.624 Thread 0x000001d81dd9e9f0 Exception <a 'java/lang/ClassNotFoundException'{0x0000000085b11e98}: org/jetbrains/plugins/gradle/model/web/WebConfigurationBeanInfo> (0x0000000085b11e98) 
thrown [s\src\hotspot\share\classfile\systemDictionary.cpp, line 256]
Event: 9.625 Thread 0x000001d81dd9e9f0 Exception <a 'java/lang/ClassNotFoundException'{0x0000000085b1a220}: org/jetbrains/plugins/gradle/model/web/WebConfigurationCustomizer> (0x0000000085b1a220) 
thrown [s\src\hotspot\share\classfile\systemDictionary.cpp, line 256]
Event: 9.627 Thread 0x000001d81dd9e9f0 Exception <a 'java/lang/ClassNotFoundException'{0x0000000085b39f70}: org/jetbrains/plugins/gradle/model/scala/ScalaModelBeanInfo> (0x0000000085b39f70) 
thrown [s\src\hotspot\share\classfile\systemDictionary.cpp, line 256]
Event: 9.627 Thread 0x000001d81dd9e9f0 Exception <a 'java/lang/ClassNotFoundException'{0x0000000085b42278}: org/jetbrains/plugins/gradle/model/scala/ScalaModelCustomizer> (0x0000000085b42278) 
thrown [s\src\hotspot\share\classfile\systemDictionary.cpp, line 256]
Event: 9.631 Thread 0x000001d81dd9e9f0 Exception <a 'java/lang/ClassNotFoundException'{0x0000000085b75fd8}: org/jetbrains/plugins/gradle/model/DependencyAccessorsModelBeanInfo> (0x0000000085b75fd8) 
thrown [s\src\hotspot\share\classfile\systemDictionary.cpp, line 256]
Event: 9.631 Thread 0x000001d81dd9e9f0 Exception <a 'java/lang/ClassNotFoundException'{0x0000000085b7e5d0}: org/jetbrains/plugins/gradle/model/DependencyAccessorsModelCustomizer> (0x0000000085b7e5d0) 
thrown [s\src\hotspot\share\classfile\systemDictionary.cpp, line 256]
Event: 9.771 Thread 0x000001d81dd9e9f0 Exception <a 'java/lang/ClassNotFoundException'{0x0000000085345820}: org/gradle/api/internal/project/DefaultProject_DecoratedBeanInfo> (0x0000000085345820) 
thrown [s\src\hotspot\share\classfile\systemDictionary.cpp, line 256]
Event: 9.771 Thread 0x000001d81dd9e9f0 Exception <a 'java/lang/ClassNotFoundException'{0x0000000085352378}: org/gradle/api/internal/project/DefaultProjectBeanInfo> (0x0000000085352378) 
thrown [s\src\hotspot\share\classfile\systemDictionary.cpp, line 256]
Event: 9.771 Thread 0x000001d81dd9e9f0 Exception <a 'java/lang/ClassNotFoundException'{0x000000008535eed8}: org/gradle/api/internal/project/DefaultProjectCustomizer> (0x000000008535eed8) 
thrown [s\src\hotspot\share\classfile\systemDictionary.cpp, line 256]
Event: 9.775 Thread 0x000001d81dd9e9f0 Exception <a 'java/lang/ClassNotFoundException'{0x0000000085208920}: org/gradle/api/internal/project/DefaultProject_DecoratedCustomizer> (0x0000000085208920) 
thrown [s\src\hotspot\share\classfile\systemDictionary.cpp, line 256]
Event: 9.921 Thread 0x000001d81dd9e9f0 Implicit null exception at 0x000001d80c43416d to 0x000001d80c434384
Event: 10.298 Thread 0x000001d81dd9e9f0 Exception <a 'java/lang/NoSuchMethodError'{0x00000000854fdd08}: 'java.lang.Object java.lang.invoke.DirectMethodHandle$Holder.newInvokeSpecial(java.lang.Object, java.lang.Object, java.lang.Object, java.lang.Object, java.lang.Object, int)'> (0x00000000854fdd08) 
thrown [s\src\hotspot\share\interpreter\linkResolver.cpp, line 771]
Event: 10.298 Thread 0x000001d81dd9e9f0 Exception <a 'java/lang/NoSuchMethodError'{0x0000000085303938}: 'java.lang.Object java.lang.invoke.DirectMethodHandle$Holder.invokeSpecial(java.lang.Object, java.lang.Object, java.lang.Object, java.lang.Object, java.lang.Object, java.lang.Object, int)'> (0x0000000085303938) 
thrown [s\src\hotspot\share\interpreter\linkResolver.cpp, line 771]
Event: 10.312 Thread 0x000001d81dd9e9f0 Exception <a 'java/lang/NoSuchMethodError'{0x00000000853a5dc8}: 'void java.lang.invoke.DirectMethodHandle$Holder.invokeStatic(java.lang.Object, java.lang.Object, java.lang.Object, int, java.lang.Object)'> (0x00000000853a5dc8) 
thrown [s\src\hotspot\share\interpreter\linkResolver.cpp, line 771]
Event: 10.715 Thread 0x000001d81dd9e9f0 Implicit null exception at 0x000001d80c645f6f to 0x000001d80c646518
Event: 11.027 Thread 0x000001d81dd9e9f0 Implicit null exception at 0x000001d80c631c11 to 0x000001d80c63237c
Event: 11.352 Thread 0x000001d81dd9e9f0 Exception <a 'java/lang/NoSuchMethodError'{0x0000000085071788}: 'java.lang.Object java.lang.invoke.DirectMethodHandle$Holder.newInvokeSpecial(java.lang.Object, java.lang.Object, java.lang.Object, java.lang.Object, int)'> (0x0000000085071788) 
thrown [s\src\hotspot\share\interpreter\linkResolver.cpp, line 771]
Event: 11.352 Thread 0x000001d81dd9e9f0 Exception <a 'java/lang/NoSuchMethodError'{0x0000000085076b88}: 'java.lang.Object java.lang.invoke.DirectMethodHandle$Holder.invokeSpecial(java.lang.Object, java.lang.Object, java.lang.Object, java.lang.Object, java.lang.Object, int)'> (0x0000000085076b88) 
thrown [s\src\hotspot\share\interpreter\linkResolver.cpp, line 771]
Event: 11.353 Thread 0x000001d81dd9e9f0 Exception <a 'java/lang/NoSuchMethodError'{0x000000008507b8c0}: 'java.lang.Object java.lang.invoke.Invokers$Holder.linkToTargetMethod(java.lang.Object, java.lang.Object, java.lang.Object, int, java.lang.Object)'> (0x000000008507b8c0) 
thrown [s\src\hotspot\share\interpreter\linkResolver.cpp, line 771]

VM Operations (20 events):
Event: 9.928 Executing VM operation: G1CollectForAllocation done
Event: 10.257 Executing VM operation: HandshakeAllThreads
Event: 10.257 Executing VM operation: HandshakeAllThreads done
Event: 10.441 Executing VM operation: ICBufferFull
Event: 10.441 Executing VM operation: ICBufferFull done
Event: 10.514 Executing VM operation: G1CollectForAllocation
Event: 10.519 Executing VM operation: G1CollectForAllocation done
Event: 10.564 Executing VM operation: G1Concurrent
Event: 10.567 Executing VM operation: G1Concurrent done
Event: 10.586 Executing VM operation: G1Concurrent
Event: 10.586 Executing VM operation: G1Concurrent done
Event: 10.610 Executing VM operation: HandshakeAllThreads
Event: 10.610 Executing VM operation: HandshakeAllThreads done
Event: 10.760 Executing VM operation: ICBufferFull
Event: 10.761 Executing VM operation: ICBufferFull done
Event: 10.912 Executing VM operation: G1CollectForAllocation
Event: 10.915 Executing VM operation: G1CollectForAllocation done
Event: 10.964 Executing VM operation: G1CollectForAllocation
Event: 10.967 Executing VM operation: G1CollectForAllocation done
Event: 11.362 Executing VM operation: G1CollectForAllocation

Events (20 events):
Event: 10.749 Thread 0x000001d81ed0e910 Thread added: 0x000001d81ed0e910
Event: 10.749 Thread 0x000001d81ed0fc50 Thread added: 0x000001d81ed0fc50
Event: 10.750 Thread 0x000001d81ed10ac0 Thread added: 0x000001d81ed10ac0
Event: 10.750 Thread 0x000001d81ed127a0 Thread added: 0x000001d81ed127a0
Event: 10.751 Thread 0x000001d81ed10120 Thread added: 0x000001d81ed10120
Event: 10.751 Thread 0x000001d81ed105f0 Thread added: 0x000001d81ed105f0
Event: 10.751 Thread 0x000001d81ed10f90 Thread added: 0x000001d81ed10f90
Event: 10.753 Thread 0x000001d81ed11460 Thread added: 0x000001d81ed11460
Event: 10.753 Thread 0x000001d81ed0daa0 Thread added: 0x000001d81ed0daa0
Event: 10.754 Thread 0x000001d81ed11930 Thread added: 0x000001d81ed11930
Event: 10.754 Thread 0x000001d81ed12c70 Thread added: 0x000001d81ed12c70
Event: 10.754 Thread 0x000001d81ed13140 Thread added: 0x000001d81ed13140
Event: 10.755 Thread 0x000001d81ed13610 Thread added: 0x000001d81ed13610
Event: 10.755 Thread 0x000001d81c8cd4c0 Thread added: 0x000001d81c8cd4c0
Event: 10.756 Thread 0x000001d81c8c87c0 Thread added: 0x000001d81c8c87c0
Event: 10.756 Thread 0x000001d81c8c8c90 Thread added: 0x000001d81c8c8c90
Event: 10.757 Thread 0x000001d81c8cd990 Thread added: 0x000001d81c8cd990
Event: 10.757 Thread 0x000001d81c8c9630 Thread added: 0x000001d81c8c9630
Event: 10.758 Thread 0x000001d81c8c6610 Thread added: 0x000001d81c8c6610
Event: 10.759 Thread 0x000001d81c8c9b00 Thread added: 0x000001d81c8c9b00


Dynamic libraries:
0x00007ff685ef0000 - 0x00007ff685efa000 	D:\AndroidStudio\jbr\bin\java.exe
0x00007fffb6e30000 - 0x00007fffb7028000 	C:\WINDOWS\SYSTEM32\ntdll.dll
0x00007fffb54f0000 - 0x00007fffb55ad000 	C:\WINDOWS\System32\KERNEL32.DLL
0x00007fffb4a00000 - 0x00007fffb4cf6000 	C:\WINDOWS\System32\KERNELBASE.dll
0x00007fffb4820000 - 0x00007fffb4920000 	C:\WINDOWS\System32\ucrtbase.dll
0x00007fff8e6a0000 - 0x00007fff8e6b7000 	D:\AndroidStudio\jbr\bin\jli.dll
0x00007fffb6a60000 - 0x00007fffb6bfe000 	C:\WINDOWS\System32\USER32.dll
0x00007fffa1370000 - 0x00007fffa160a000 	C:\WINDOWS\WinSxS\amd64_microsoft.windows.common-controls_6595b64144ccf1df_6.0.19041.3636_none_60b6a03d71f818d5\COMCTL32.dll
0x00007fffb4640000 - 0x00007fffb4662000 	C:\WINDOWS\System32\win32u.dll
0x00007fffb6660000 - 0x00007fffb66fe000 	C:\WINDOWS\System32\msvcrt.dll
0x00007fffb6630000 - 0x00007fffb665c000 	C:\WINDOWS\System32\GDI32.dll
0x00007fffb4d70000 - 0x00007fffb4e8a000 	C:\WINDOWS\System32\gdi32full.dll
0x00007fffb45a0000 - 0x00007fffb463d000 	C:\WINDOWS\System32\msvcp_win.dll
0x00007fff96380000 - 0x00007fff9639b000 	D:\AndroidStudio\jbr\bin\VCRUNTIME140.dll
0x00007fffb6c60000 - 0x00007fffb6c90000 	C:\WINDOWS\System32\IMM32.DLL
0x00007fff983f0000 - 0x00007fff983fc000 	D:\AndroidStudio\jbr\bin\vcruntime140_1.dll
0x00007fff88f60000 - 0x00007fff88fed000 	D:\AndroidStudio\jbr\bin\msvcp140.dll
0x00007fff448f0000 - 0x00007fff4555e000 	D:\AndroidStudio\jbr\bin\server\jvm.dll
0x00007fffb5d10000 - 0x00007fffb5dbf000 	C:\WINDOWS\System32\ADVAPI32.dll
0x00007fffb68b0000 - 0x00007fffb694c000 	C:\WINDOWS\System32\sechost.dll
0x00007fffb5300000 - 0x00007fffb5426000 	C:\WINDOWS\System32\RPCRT4.dll
0x00007fffaad30000 - 0x00007fffaad57000 	C:\WINDOWS\SYSTEM32\WINMM.dll
0x00007fffaaf20000 - 0x00007fffaaf2a000 	C:\WINDOWS\SYSTEM32\VERSION.dll
0x00007fff9b6e0000 - 0x00007fff9b6e9000 	C:\WINDOWS\SYSTEM32\WSOCK32.dll
0x00007fffb6460000 - 0x00007fffb64cb000 	C:\WINDOWS\System32\WS2_32.dll
0x00007fffb2db0000 - 0x00007fffb2dc2000 	C:\WINDOWS\SYSTEM32\kernel.appcore.dll
0x00007fff93270000 - 0x00007fff9327a000 	D:\AndroidStudio\jbr\bin\jimage.dll
0x00007fffb2810000 - 0x00007fffb29f4000 	C:\WINDOWS\SYSTEM32\DBGHELP.DLL
0x00007fffa3bd0000 - 0x00007fffa3c04000 	C:\WINDOWS\SYSTEM32\dbgcore.DLL
0x00007fffb4510000 - 0x00007fffb4592000 	C:\WINDOWS\System32\bcryptPrimitives.dll
0x00007fff8efa0000 - 0x00007fff8efc5000 	D:\AndroidStudio\jbr\bin\java.dll
0x00007fff8fd80000 - 0x00007fff8fd98000 	D:\AndroidStudio\jbr\bin\zip.dll
0x00007fffb55b0000 - 0x00007fffb5cf4000 	C:\WINDOWS\System32\SHELL32.dll
0x00007fffb1fa0000 - 0x00007fffb273b000 	C:\WINDOWS\SYSTEM32\windows.storage.dll
0x00007fffb5fc0000 - 0x00007fffb6314000 	C:\WINDOWS\System32\combase.dll
0x00007fffb3e80000 - 0x00007fffb3ead000 	C:\WINDOWS\SYSTEM32\Wldp.dll
0x00007fffb69b0000 - 0x00007fffb6a5d000 	C:\WINDOWS\System32\SHCORE.dll
0x00007fffb6950000 - 0x00007fffb69a5000 	C:\WINDOWS\System32\shlwapi.dll
0x00007fffb4440000 - 0x00007fffb4465000 	C:\WINDOWS\SYSTEM32\profapi.dll
0x00007fff8f020000 - 0x00007fff8f039000 	D:\AndroidStudio\jbr\bin\net.dll
0x00007fffacf40000 - 0x00007fffad04a000 	C:\WINDOWS\SYSTEM32\WINHTTP.dll
0x00007fffb3be0000 - 0x00007fffb3c4a000 	C:\WINDOWS\system32\mswsock.dll
0x00007fff8ef80000 - 0x00007fff8ef96000 	D:\AndroidStudio\jbr\bin\nio.dll
0x00007fffaca70000 - 0x00007fffaca80000 	D:\AndroidStudio\jbr\bin\verify.dll
0x00007fff963a0000 - 0x00007fff963c7000 	C:\Users\\.gradle\native\68d5fa5c4cc2d200863cafc0d521ce42e7d3e7ee720ec0a83991735586a16f82\windows-amd64\native-platform.dll
0x00007fff868c0000 - 0x00007fff86a04000 	C:\Users\\.gradle\native\e376f236ea51e6404a007f0833ffe2c6e607c4080706a723a18a27aeea778392\windows-amd64\native-platform-file-events.dll
0x00007fffaca20000 - 0x00007fffaca29000 	D:\AndroidStudio\jbr\bin\management.dll
0x00007fffaca10000 - 0x00007fffaca1b000 	D:\AndroidStudio\jbr\bin\management_ext.dll
0x00007fffb5d00000 - 0x00007fffb5d08000 	C:\WINDOWS\System32\PSAPI.DLL
0x00007fffb3dd0000 - 0x00007fffb3de8000 	C:\WINDOWS\SYSTEM32\CRYPTSP.dll
0x00007fffb3510000 - 0x00007fffb3544000 	C:\WINDOWS\system32\rsaenh.dll
0x00007fffb4920000 - 0x00007fffb4947000 	C:\WINDOWS\System32\bcrypt.dll
0x00007fffb4400000 - 0x00007fffb442e000 	C:\WINDOWS\SYSTEM32\USERENV.dll
0x00007fffb3df0000 - 0x00007fffb3dfc000 	C:\WINDOWS\SYSTEM32\CRYPTBASE.dll
0x00007fffb38d0000 - 0x00007fffb390b000 	C:\WINDOWS\SYSTEM32\IPHLPAPI.DLL
0x00007fffb6c90000 - 0x00007fffb6c98000 	C:\WINDOWS\System32\NSI.dll
0x00007fffaafa0000 - 0x00007fffaafb7000 	C:\WINDOWS\SYSTEM32\dhcpcsvc6.DLL
0x00007fffaaf00000 - 0x00007fffaaf1d000 	C:\WINDOWS\SYSTEM32\dhcpcsvc.DLL
0x00007fffb3910000 - 0x00007fffb39da000 	C:\WINDOWS\SYSTEM32\DNSAPI.dll
0x00007fff81fe0000 - 0x00007fff81fe7000 	C:\WINDOWS\system32\wshunix.dll

dbghelp: loaded successfully - version: 4.0.5 - missing functions: none
symbol engine: initialized successfully - sym options: 0x614 - pdb path: .;D:\AndroidStudio\jbr\bin;C:\WINDOWS\SYSTEM32;C:\WINDOWS\WinSxS\amd64_microsoft.windows.common-controls_6595b64144ccf1df_6.0.19041.3636_none_60b6a03d71f818d5;D:\AndroidStudio\jbr\bin\server;C:\Users\\.gradle\native\68d5fa5c4cc2d200863cafc0d521ce42e7d3e7ee720ec0a83991735586a16f82\windows-amd64;C:\Users\\.gradle\native\e376f236ea51e6404a007f0833ffe2c6e607c4080706a723a18a27aeea778392\windows-amd64

VM Arguments:
jvm_args: --add-opens=java.base/java.util.concurrent.atomic=ALL-UNNAMED --add-opens=java.base/java.util=ALL-UNNAMED --add-opens=java.base/java.lang=ALL-UNNAMED --add-opens=java.base/java.lang.invoke=ALL-UNNAMED --add-opens=java.prefs/java.util.prefs=ALL-UNNAMED --add-opens=java.base/java.nio.charset=ALL-UNNAMED --add-opens=java.base/java.net=ALL-UNNAMED --add-opens=java.base/java.util.concurrent.atomic=ALL-UNNAMED -Xmx2048m -Dfile.encoding=UTF-8 -Duser.country=RU -Duser.language=ru -Duser.variant 
java_command: org.gradle.launcher.daemon.bootstrap.GradleDaemon 8.0
java_class_path (initial): C:\Users\\.gradle\wrapper\dists\gradle-8.0-bin\ca5e32bp14vu59qr306oxotwh\gradle-8.0\lib\gradle-launcher-8.0.jar
Launcher Type: SUN_STANDARD

[Global flags]
     intx CICompilerCount                          = 4                                         {product} {ergonomic}
     uint ConcGCThreads                            = 2                                         {product} {ergonomic}
     uint G1ConcRefinementThreads                  = 8                                         {product} {ergonomic}
   size_t G1HeapRegionSize                         = 1048576                                   {product} {ergonomic}
    uintx GCDrainStackTargetSize                   = 64                                        {product} {ergonomic}
   size_t InitialHeapSize                          = 117440512                                 {product} {ergonomic}
   size_t MarkStackSize                            = 4194304                                   {product} {ergonomic}
   size_t MaxHeapSize                              = 2147483648                                {product} {command line}
   size_t MaxNewSize                               = 1287651328                                {product} {ergonomic}
   size_t MinHeapDeltaBytes                        = 1048576                                   {product} {ergonomic}
   size_t MinHeapSize                              = 8388608                                   {product} {ergonomic}
    uintx NonNMethodCodeHeapSize                   = 5839372                                {pd product} {ergonomic}
    uintx NonProfiledCodeHeapSize                  = 122909434                              {pd product} {ergonomic}
    uintx ProfiledCodeHeapSize                     = 122909434                              {pd product} {ergonomic}
    uintx ReservedCodeCacheSize                    = 251658240                              {pd product} {ergonomic}
     bool SegmentedCodeCache                       = true                                      {product} {ergonomic}
   size_t SoftMaxHeapSize                          = 2147483648                             {manageable} {ergonomic}
     bool UseCompressedClassPointers               = true                           {product lp64_product} {ergonomic}
     bool UseCompressedOops                        = true                           {product lp64_product} {ergonomic}
     bool UseG1GC                                  = true                                      {product} {ergonomic}
     bool UseLargePagesIndividualAllocation        = false                                  {pd product} {ergonomic}

Logging:
Log output configuration:
 #0: stdout all=warning uptime,level,tags
 #1: stderr all=off uptime,level,tags

Environment Variables:
PATH=C:\Program Files\Common Files\Oracle\Java\javapath;C:\Program Files (x86)\Common Files\Oracle\Java\javapath;C:\WINDOWS\system32;C:\WINDOWS;C:\WINDOWS\System32\Wbem;C:\WINDOWS\System32\WindowsPowerShell\v1.0\;C:\WINDOWS\System32\OpenSSH\;C:\Program Files\Git\cmd;C:\Program Files\dotnet\;C:\Program Files\Go\bin;D:\gcc\ucrt64\bin;C:\Users\\AppData\Local\Microsoft\WindowsApps;D:\GoLand\GoLand 2023.1.2\bin;;C:\Users\\.dotnet\tools;C:\Users\\go\bin;D:\gcc\ucrt64\bin;
USERNAME=
OS=Windows_NT
PROCESSOR_IDENTIFIER=AMD64 Family 23 Model 24 Stepping 1, AuthenticAMD
TMP=C:\Users\A946~1\AppData\Local\Temp
TEMP=C:\Users\A946~1\AppData\Local\Temp


JNI global refs:
JNI global refs: 27, weak refs: 3

JNI global refs memory usage: 843, weak refs: 841


---------------  S Y S T E M  ---------------

OS:
 Windows 10 , 64 bit Build 19041 (10.0.19041.3636)
OS uptime: 0 days 0:26 hours

CPU: total 8 (initial active 8) (8 cores per cpu, 2 threads per core) family 23 model 24 stepping 1 microcode 0x0, cx8, cmov, fxsr, ht, mmx, 3dnowpref, sse, sse2, sse3, ssse3, sse4a, sse4.1, sse4.2, popcnt, lzcnt, tsc, tscinvbit, avx, avx2, aes, clmul, bmi1, bmi2, adx, sha, fma, vzeroupper, clflush, clflushopt

Memory: 4k page, system-wide physical 7103M (457M free)
TotalPageFile size 12536M (AvailPageFile size 48M)
current process WorkingSet (physical memory assigned to process): 301M, peak: 301M
current process commit charge ("private bytes"): 345M, peak: 415M

vm_info: OpenJDK 64-Bit Server VM (17.0.6+0-b2043.56-10027231) for windows-amd64 JRE (17.0.6+0-b2043.56-10027231), built on Apr 28 2023 00:43:19 by "androidbuild" with MS VC++ 16.10 / 16.11 (VS2019)

END.
