#
# There is insufficient memory for the Java Runtime Environment to continue.
# Native memory allocation (mmap) failed to map 170917888 bytes for G1 virtual space
# Possible reasons:
#   The system is out of physical RAM or swap space
#   The process is running with CompressedOops enabled, and the Java Heap may be blocking the growth of the native heap
# Possible solutions:
#   Reduce memory load on the system
#   Increase physical memory or swap space
#   Check if swap backing store is full
#   Decrease Java heap size (-Xmx/-Xms)
#   Decrease number of Java threads
#   Decrease Java thread stack sizes (-Xss)
#   Set larger code cache with -XX:ReservedCodeCacheSize=
#   JVM is running with Unscaled Compressed Oops mode in which the Java heap is
#     placed in the first 4GB address space. The Java Heap base address is the
#     maximum limit for the native heap growth. Please use -XX:HeapBaseMinAddress
#     to set the Java Heap base and to place the Java Heap above 4GB virtual address.
# This output file may be truncated or incomplete.
#
#  Out of Memory Error (os_windows.cpp:3769), pid=12184, tid=18628
#
# JRE version: OpenJDK Runtime Environment (17.0.6) (build 17.0.6+0-b2043.56-10027231)
# Java VM: OpenJDK 64-Bit Server VM (17.0.6+0-b2043.56-10027231, mixed mode, tiered, compressed oops, compressed class ptrs, g1 gc, windows-amd64)
# No core dump will be written. Minidumps are not enabled by default on client versions of Windows
#

---------------  S U M M A R Y ------------

Command Line: --add-opens=java.base/java.util=ALL-UNNAMED --add-opens=java.base/java.lang=ALL-UNNAMED --add-opens=java.base/java.lang.invoke=ALL-UNNAMED --add-opens=java.prefs/java.util.prefs=ALL-UNNAMED --add-opens=java.base/java.nio.charset=ALL-UNNAMED --add-opens=java.base/java.net=ALL-UNNAMED --add-opens=java.base/java.util.concurrent.atomic=ALL-UNNAMED -Xmx2048m -Dfile.encoding=UTF-8 -Duser.country=RU -Duser.language=ru -Duser.variant org.gradle.launcher.daemon.bootstrap.GradleDaemon 8.0

Host: AMD Ryzen 5 3500U with Radeon Vega Mobile Gfx  , 8 cores, 6G,  Windows 10 , 64 bit Build 19041 (10.0.19041.3636)
Time: Sat Dec  2 12:25:56 2023  Windows 10 , 64 bit Build 19041 (10.0.19041.3636) elapsed time: 47.672860 seconds (0d 0h 0m 47s)

---------------  T H R E A D  ---------------

Current thread (0x000001db4dbf0300):  VMThread "VM Thread" [stack: 0x0000006cbbc00000,0x0000006cbbd00000] [id=18628]

Stack: [0x0000006cbbc00000,0x0000006cbbd00000]
Native frames: (J=compiled Java code, j=interpreted, Vv=VM code, C=native code)
V  [jvm.dll+0x683c9a]
V  [jvm.dll+0x8427a4]
V  [jvm.dll+0x843f9e]
V  [jvm.dll+0x844603]
V  [jvm.dll+0x249b75]
V  [jvm.dll+0x680b69]
V  [jvm.dll+0x67505a]
V  [jvm.dll+0x309acb]
V  [jvm.dll+0x310f86]
V  [jvm.dll+0x3608ee]
V  [jvm.dll+0x360b1f]
V  [jvm.dll+0x2dfbf8]
V  [jvm.dll+0x2ddec4]
V  [jvm.dll+0x2dd4cc]
V  [jvm.dll+0x321f3b]
V  [jvm.dll+0x848ccb]
V  [jvm.dll+0x849a04]
V  [jvm.dll+0x849f1d]
V  [jvm.dll+0x84a2f4]
V  [jvm.dll+0x84a3c0]
V  [jvm.dll+0x7f274a]
V  [jvm.dll+0x682ad5]
C  [ucrtbase.dll+0x21bb2]
C  [KERNEL32.DLL+0x17344]
C  [ntdll.dll+0x526b1]

VM_Operation (0x0000006cbdefe2a0): G1CollectForAllocation, mode: safepoint, requested by thread 0x000001db4f520880


---------------  P R O C E S S  ---------------

Threads class SMR info:
_java_thread_list=0x000001db5350da70, length=136, elements={
0x000001db31dca460, 0x000001db4dbf5340, 0x000001db4dbf60c0, 0x000001db4e40d540,
0x000001db4e42c410, 0x000001db4e42ccd0, 0x000001db4e449400, 0x000001db4e44d1c0,
0x000001db4e44dec0, 0x000001db4e44e7c0, 0x000001db4e5da6c0, 0x000001db4e5f3650,
0x000001db515f8510, 0x000001db511b1d80, 0x000001db50d74010, 0x000001db517d7d50,
0x000001db4f30b3c0, 0x000001db4fead840, 0x000001db4f30b890, 0x000001db4f5216f0,
0x000001db4f522a30, 0x000001db4f522f00, 0x000001db4f5203b0, 0x000001db4f51fee0,
0x000001db4f520880, 0x000001db4f520d50, 0x000001db4f521bc0, 0x000001db4f5233d0,
0x000001db4f522090, 0x000001db4f5238a0, 0x000001db4f521220, 0x000001db4f998d40,
0x000001db4f99d0a0, 0x000001db4f99df10, 0x000001db4f9996e0, 0x000001db4f99e3e0,
0x000001db4f99a080, 0x000001db4f99aa20, 0x000001db4f99aef0, 0x000001db4f99b3c0,
0x000001db4f997ed0, 0x000001db4f99c230, 0x000001db4f99c700, 0x000001db4f99d570,
0x000001db4f998870, 0x000001db4f99da40, 0x000001db4f99e8b0, 0x000001db4f99ed80,
0x000001db4f997530, 0x000001db4f997a00, 0x000001db530126a0, 0x000001db53013eb0,
0x000001db53016a00, 0x000001db530156c0, 0x000001db530121d0, 0x000001db53010e90,
0x000001db530139e0, 0x000001db53016ed0, 0x000001db53011360, 0x000001db53012b70,
0x000001db530173a0, 0x000001db53011d00, 0x000001db53017870, 0x000001db53013040,
0x000001db53011830, 0x000001db53010020, 0x000001db530104f0, 0x000001db53014d20,
0x000001db53015b90, 0x000001db530109c0, 0x000001db53013510, 0x000001db53014380,
0x000001db53014850, 0x000001db53016060, 0x000001db530151f0, 0x000001db53016530,
0x000001db4ee7bc60, 0x000001db4ee7adf0, 0x000001db4ee77dd0, 0x000001db4ee7b790,
0x000001db4ee7e2e0, 0x000001db4ee7cad0, 0x000001db4ee7c130, 0x000001db4ee7c600,
0x000001db4ee795e0, 0x000001db4ee7cfa0, 0x000001db4ee7ec80, 0x000001db4ee7d470,
0x000001db4ee7d940, 0x000001db4ee77900, 0x000001db4ee7de10, 0x000001db4ee78c40,
0x000001db4ee7e7b0, 0x000001db4ee782a0, 0x000001db4ee7f150, 0x000001db4ee79110,
0x000001db4ee78770, 0x000001db4ee79ab0, 0x000001db4ee79f80, 0x000001db4ee7a450,
0x000001db4ee7a920, 0x000001db4ee7b2c0, 0x000001db511868a0, 0x000001db51184220,
0x000001db51185560, 0x000001db511846f0, 0x000001db51185a30, 0x000001db51184bc0,
0x000001db51186d70, 0x000001db51185f00, 0x000001db51185090, 0x000001db511863d0,
0x000001db51187710, 0x000001db51187240, 0x000001db51187be0, 0x000001db4f7bb4f0,
0x000001db4f7bd6a0, 0x000001db4f7b5e50, 0x000001db4f7bbe90, 0x000001db4f7b6320,
0x000001db4f7b84d0, 0x000001db4f7bb020, 0x000001db4f7b67f0, 0x000001db4f7bb9c0,
0x000001db4f7b7b30, 0x000001db4f7b9ce0, 0x000001db4f7bd1d0, 0x000001db4f7b7190,
0x000001db4f7b7660, 0x000001db4f7b8000, 0x000001db4f7b89a0, 0x000001db4f7b8e70,
0x000001db53ee6700, 0x000001db53ee1060, 0x000001db53ee5d60, 0x000001db549c3e00
}

Java Threads: ( => current thread )
  0x000001db31dca460 JavaThread "main" [_thread_blocked, id=632, stack(0x0000006cbb600000,0x0000006cbb700000)]
  0x000001db4dbf5340 JavaThread "Reference Handler" daemon [_thread_blocked, id=18980, stack(0x0000006cbbd00000,0x0000006cbbe00000)]
  0x000001db4dbf60c0 JavaThread "Finalizer" daemon [_thread_blocked, id=15648, stack(0x0000006cbbe00000,0x0000006cbbf00000)]
  0x000001db4e40d540 JavaThread "Signal Dispatcher" daemon [_thread_blocked, id=18684, stack(0x0000006cbbf00000,0x0000006cbc000000)]
  0x000001db4e42c410 JavaThread "Attach Listener" daemon [_thread_blocked, id=1640, stack(0x0000006cbc000000,0x0000006cbc100000)]
  0x000001db4e42ccd0 JavaThread "Service Thread" daemon [_thread_blocked, id=12360, stack(0x0000006cbc100000,0x0000006cbc200000)]
  0x000001db4e449400 JavaThread "Monitor Deflation Thread" daemon [_thread_blocked, id=11332, stack(0x0000006cbc200000,0x0000006cbc300000)]
  0x000001db4e44d1c0 JavaThread "C2 CompilerThread0" daemon [_thread_blocked, id=16000, stack(0x0000006cbc300000,0x0000006cbc400000)]
  0x000001db4e44dec0 JavaThread "C1 CompilerThread0" daemon [_thread_blocked, id=1100, stack(0x0000006cbc400000,0x0000006cbc500000)]
  0x000001db4e44e7c0 JavaThread "Sweeper thread" daemon [_thread_blocked, id=17972, stack(0x0000006cbc500000,0x0000006cbc600000)]
  0x000001db4e5da6c0 JavaThread "Common-Cleaner" daemon [_thread_blocked, id=6784, stack(0x0000006cbc600000,0x0000006cbc700000)]
  0x000001db4e5f3650 JavaThread "Notification Thread" daemon [_thread_blocked, id=9984, stack(0x0000006cbc700000,0x0000006cbc800000)]
  0x000001db515f8510 JavaThread "Daemon health stats" [_thread_blocked, id=10004, stack(0x0000006cbce00000,0x0000006cbcf00000)]
  0x000001db511b1d80 JavaThread "Incoming local TCP Connector on port 49721" [_thread_in_native, id=12892, stack(0x0000006cbcf00000,0x0000006cbd000000)]
  0x000001db50d74010 JavaThread "Daemon periodic checks" [_thread_blocked, id=8528, stack(0x0000006cbd000000,0x0000006cbd100000)]
  0x000001db517d7d50 JavaThread "Daemon" [_thread_blocked, id=6824, stack(0x0000006cbd100000,0x0000006cbd200000)]
  0x000001db4f30b3c0 JavaThread "Handler for socket connection from /127.0.0.1:49721 to /127.0.0.1:49722" [_thread_in_native, id=4208, stack(0x0000006cbd200000,0x0000006cbd300000)]
  0x000001db4fead840 JavaThread "Cancel handler" [_thread_blocked, id=14124, stack(0x0000006cbd300000,0x0000006cbd400000)]
  0x000001db4f30b890 JavaThread "Daemon worker" [_thread_blocked, id=5404, stack(0x0000006cbd400000,0x0000006cbd500000)]
  0x000001db4f5216f0 JavaThread "Asynchronous log dispatcher for DefaultDaemonConnection: socket connection from /127.0.0.1:49721 to /127.0.0.1:49722" [_thread_blocked, id=11668, stack(0x0000006cbd500000,0x0000006cbd600000)]
  0x000001db4f522a30 JavaThread "Stdin handler" [_thread_blocked, id=9956, stack(0x0000006cbd600000,0x0000006cbd700000)]
  0x000001db4f522f00 JavaThread "Daemon client event forwarder" [_thread_blocked, id=10680, stack(0x0000006cbd700000,0x0000006cbd800000)]
  0x000001db4f5203b0 JavaThread "Cache worker for journal cache (C:\Users\Егор\.gradle\caches\journal-1)" [_thread_blocked, id=10440, stack(0x0000006cbdb00000,0x0000006cbdc00000)]
  0x000001db4f51fee0 JavaThread "File lock request listener" [_thread_in_native, id=9772, stack(0x0000006cbdc00000,0x0000006cbdd00000)]
  0x000001db4f520880 JavaThread "Cache worker for file hash cache (C:\Users\Егор\.gradle\caches\8.0\fileHashes)" [_thread_blocked, id=11056, stack(0x0000006cbde00000,0x0000006cbdf00000)]
  0x000001db4f520d50 JavaThread "File watcher server" daemon [_thread_blocked, id=1096, stack(0x0000006cbe000000,0x0000006cbe100000)]
  0x000001db4f521bc0 JavaThread "File watcher consumer" daemon [_thread_blocked, id=13668, stack(0x0000006cbe100000,0x0000006cbe200000)]
  0x000001db4f5233d0 JavaThread "Cache worker for checksums cache (D:\EduProjects\AquaGraph\AquaGraphApp\.gradle\8.0\checksums)" [_thread_blocked, id=14032, stack(0x0000006cbe200000,0x0000006cbe300000)]
  0x000001db4f522090 JavaThread "Cache worker for cache directory md-rule (C:\Users\Егор\.gradle\caches\8.0\md-rule)" [_thread_blocked, id=18540, stack(0x0000006cbe300000,0x0000006cbe400000)]
  0x000001db4f5238a0 JavaThread "Cache worker for file content cache (C:\Users\Егор\.gradle\caches\8.0\fileContent)" [_thread_blocked, id=956, stack(0x0000006cbe400000,0x0000006cbe500000)]
  0x000001db4f521220 JavaThread "Cache worker for file hash cache (D:\EduProjects\AquaGraph\AquaGraphApp\.gradle\8.0\fileHashes)" [_thread_blocked, id=16876, stack(0x0000006cbe500000,0x0000006cbe600000)]
  0x000001db4f998d40 JavaThread "Cache worker for cache directory md-supplier (C:\Users\Егор\.gradle\caches\8.0\md-supplier)" [_thread_blocked, id=14396, stack(0x0000006cbdf00000,0x0000006cbe000000)]
  0x000001db4f99d0a0 JavaThread "Cache worker for execution history cache (C:\Users\Егор\.gradle\caches\8.0\executionHistory)" [_thread_blocked, id=3756, stack(0x0000006cbe600000,0x0000006cbe700000)]
  0x000001db4f99df10 JavaThread "jar transforms" [_thread_blocked, id=5552, stack(0x0000006cbdd00000,0x0000006cbde00000)]
  0x000001db4f9996e0 JavaThread "jar transforms Thread 2" [_thread_blocked, id=1160, stack(0x0000006cbe900000,0x0000006cbea00000)]
  0x000001db4f99e3e0 JavaThread "Cache worker for kotlin-dsl (C:\Users\Егор\.gradle\caches\8.0\kotlin-dsl)" [_thread_blocked, id=18356, stack(0x0000006cbeb00000,0x0000006cbec00000)]
  0x000001db4f99a080 JavaThread "jar transforms Thread 3" [_thread_blocked, id=16308, stack(0x0000006cbec00000,0x0000006cbed00000)]
  0x000001db4f99aa20 JavaThread "jar transforms Thread 4" [_thread_blocked, id=428, stack(0x0000006cbed00000,0x0000006cbee00000)]
  0x000001db4f99aef0 JavaThread "Cache worker for dependencies-accessors (D:\EduProjects\AquaGraph\AquaGraphApp\.gradle\8.0\dependencies-accessors)" [_thread_blocked, id=1932, stack(0x0000006cbee00000,0x0000006cbef00000)]
  0x000001db4f99b3c0 JavaThread "Cache worker for Build Output Cleanup Cache (D:\EduProjects\AquaGraph\AquaGraphApp\.gradle\buildOutputCleanup)" [_thread_blocked, id=18972, stack(0x0000006cbef00000,0x0000006cbf000000)]
  0x000001db4f997ed0 JavaThread "jar transforms Thread 5" [_thread_blocked, id=6864, stack(0x0000006cbf000000,0x0000006cbf100000)]
  0x000001db4f99c230 JavaThread "Unconstrained build operations" [_thread_blocked, id=17840, stack(0x0000006cbe700000,0x0000006cbe800000)]
  0x000001db4f99c700 JavaThread "Unconstrained build operations Thread 2" [_thread_blocked, id=5952, stack(0x0000006cbe800000,0x0000006cbe900000)]
  0x000001db4f99d570 JavaThread "Unconstrained build operations Thread 3" [_thread_blocked, id=2544, stack(0x0000006cbf100000,0x0000006cbf200000)]
  0x000001db4f998870 JavaThread "Unconstrained build operations Thread 4" [_thread_blocked, id=4760, stack(0x0000006cbf200000,0x0000006cbf300000)]
  0x000001db4f99da40 JavaThread "Unconstrained build operations Thread 5" [_thread_blocked, id=17820, stack(0x0000006cbf300000,0x0000006cbf400000)]
  0x000001db4f99e8b0 JavaThread "Unconstrained build operations Thread 6" [_thread_blocked, id=16368, stack(0x0000006cbf400000,0x0000006cbf500000)]
  0x000001db4f99ed80 JavaThread "Unconstrained build operations Thread 7" [_thread_blocked, id=3360, stack(0x0000006cbf500000,0x0000006cbf600000)]
  0x000001db4f997530 JavaThread "Unconstrained build operations Thread 8" [_thread_blocked, id=1812, stack(0x0000006cbf600000,0x0000006cbf700000)]
  0x000001db4f997a00 JavaThread "Unconstrained build operations Thread 9" [_thread_blocked, id=952, stack(0x0000006cbf700000,0x0000006cbf800000)]
  0x000001db530126a0 JavaThread "Unconstrained build operations Thread 10" [_thread_blocked, id=3708, stack(0x0000006cbf800000,0x0000006cbf900000)]
  0x000001db53013eb0 JavaThread "Unconstrained build operations Thread 11" [_thread_blocked, id=17900, stack(0x0000006cbf900000,0x0000006cbfa00000)]
  0x000001db53016a00 JavaThread "Unconstrained build operations Thread 12" [_thread_blocked, id=6200, stack(0x0000006cbfa00000,0x0000006cbfb00000)]
  0x000001db530156c0 JavaThread "Unconstrained build operations Thread 13" [_thread_blocked, id=7464, stack(0x0000006cbfb00000,0x0000006cbfc00000)]
  0x000001db530121d0 JavaThread "Unconstrained build operations Thread 14" [_thread_blocked, id=10496, stack(0x0000006cbfc00000,0x0000006cbfd00000)]
  0x000001db53010e90 JavaThread "Unconstrained build operations Thread 15" [_thread_blocked, id=10044, stack(0x0000006cbfd00000,0x0000006cbfe00000)]
  0x000001db530139e0 JavaThread "Unconstrained build operations Thread 16" [_thread_blocked, id=13608, stack(0x0000006cbfe00000,0x0000006cbff00000)]
  0x000001db53016ed0 JavaThread "Unconstrained build operations Thread 17" [_thread_blocked, id=1524, stack(0x0000006cbff00000,0x0000006cc0000000)]
  0x000001db53011360 JavaThread "Unconstrained build operations Thread 18" [_thread_blocked, id=7884, stack(0x0000006cc0000000,0x0000006cc0100000)]
  0x000001db53012b70 JavaThread "Unconstrained build operations Thread 19" [_thread_blocked, id=13052, stack(0x0000006cc0100000,0x0000006cc0200000)]
  0x000001db530173a0 JavaThread "Unconstrained build operations Thread 20" [_thread_blocked, id=5584, stack(0x0000006cc0200000,0x0000006cc0300000)]
  0x000001db53011d00 JavaThread "Unconstrained build operations Thread 21" [_thread_blocked, id=2864, stack(0x0000006cc0300000,0x0000006cc0400000)]
  0x000001db53017870 JavaThread "Unconstrained build operations Thread 22" [_thread_blocked, id=14768, stack(0x0000006cc0400000,0x0000006cc0500000)]
  0x000001db53013040 JavaThread "Unconstrained build operations Thread 23" [_thread_blocked, id=13728, stack(0x0000006cc0500000,0x0000006cc0600000)]
  0x000001db53011830 JavaThread "Unconstrained build operations Thread 24" [_thread_blocked, id=3120, stack(0x0000006cc0600000,0x0000006cc0700000)]
  0x000001db53010020 JavaThread "Unconstrained build operations Thread 25" [_thread_blocked, id=18728, stack(0x0000006cc0700000,0x0000006cc0800000)]
  0x000001db530104f0 JavaThread "Unconstrained build operations Thread 26" [_thread_blocked, id=1992, stack(0x0000006cc0800000,0x0000006cc0900000)]
  0x000001db53014d20 JavaThread "Unconstrained build operations Thread 27" [_thread_blocked, id=144, stack(0x0000006cc0900000,0x0000006cc0a00000)]
  0x000001db53015b90 JavaThread "Unconstrained build operations Thread 28" [_thread_blocked, id=10232, stack(0x0000006cc0a00000,0x0000006cc0b00000)]
  0x000001db530109c0 JavaThread "Unconstrained build operations Thread 29" [_thread_blocked, id=8196, stack(0x0000006cc0b00000,0x0000006cc0c00000)]
  0x000001db53013510 JavaThread "Unconstrained build operations Thread 30" [_thread_blocked, id=15064, stack(0x0000006cc0c00000,0x0000006cc0d00000)]
  0x000001db53014380 JavaThread "Unconstrained build operations Thread 31" [_thread_blocked, id=17372, stack(0x0000006cc0d00000,0x0000006cc0e00000)]
  0x000001db53014850 JavaThread "Unconstrained build operations Thread 32" [_thread_blocked, id=16908, stack(0x0000006cc0e00000,0x0000006cc0f00000)]
  0x000001db53016060 JavaThread "Unconstrained build operations Thread 33" [_thread_blocked, id=2744, stack(0x0000006cc0f00000,0x0000006cc1000000)]
  0x000001db530151f0 JavaThread "Unconstrained build operations Thread 34" [_thread_blocked, id=18116, stack(0x0000006cc1000000,0x0000006cc1100000)]
  0x000001db53016530 JavaThread "Unconstrained build operations Thread 35" [_thread_blocked, id=12096, stack(0x0000006cc1100000,0x0000006cc1200000)]
  0x000001db4ee7bc60 JavaThread "Unconstrained build operations Thread 36" [_thread_blocked, id=18984, stack(0x0000006cc1200000,0x0000006cc1300000)]
  0x000001db4ee7adf0 JavaThread "Unconstrained build operations Thread 37" [_thread_blocked, id=18492, stack(0x0000006cc1300000,0x0000006cc1400000)]
  0x000001db4ee77dd0 JavaThread "Unconstrained build operations Thread 38" [_thread_blocked, id=18084, stack(0x0000006cc1400000,0x0000006cc1500000)]
  0x000001db4ee7b790 JavaThread "Unconstrained build operations Thread 39" [_thread_blocked, id=19044, stack(0x0000006cc1500000,0x0000006cc1600000)]
  0x000001db4ee7e2e0 JavaThread "Unconstrained build operations Thread 40" [_thread_blocked, id=19192, stack(0x0000006cc1600000,0x0000006cc1700000)]
  0x000001db4ee7cad0 JavaThread "Unconstrained build operations Thread 41" [_thread_blocked, id=10368, stack(0x0000006cc1700000,0x0000006cc1800000)]
  0x000001db4ee7c130 JavaThread "Unconstrained build operations Thread 42" [_thread_blocked, id=5272, stack(0x0000006cc1800000,0x0000006cc1900000)]
  0x000001db4ee7c600 JavaThread "Unconstrained build operations Thread 43" [_thread_blocked, id=14364, stack(0x0000006cc1900000,0x0000006cc1a00000)]
  0x000001db4ee795e0 JavaThread "Unconstrained build operations Thread 44" [_thread_blocked, id=19204, stack(0x0000006cc1a00000,0x0000006cc1b00000)]
  0x000001db4ee7cfa0 JavaThread "Unconstrained build operations Thread 45" [_thread_blocked, id=17140, stack(0x0000006cc1b00000,0x0000006cc1c00000)]
  0x000001db4ee7ec80 JavaThread "Unconstrained build operations Thread 46" [_thread_blocked, id=16084, stack(0x0000006cc1c00000,0x0000006cc1d00000)]
  0x000001db4ee7d470 JavaThread "Unconstrained build operations Thread 47" [_thread_blocked, id=16444, stack(0x0000006cc1d00000,0x0000006cc1e00000)]
  0x000001db4ee7d940 JavaThread "Unconstrained build operations Thread 48" [_thread_blocked, id=15000, stack(0x0000006cc1e00000,0x0000006cc1f00000)]
  0x000001db4ee77900 JavaThread "Unconstrained build operations Thread 49" [_thread_blocked, id=15300, stack(0x0000006cc1f00000,0x0000006cc2000000)]
  0x000001db4ee7de10 JavaThread "Unconstrained build operations Thread 50" [_thread_blocked, id=18844, stack(0x0000006cc2000000,0x0000006cc2100000)]
  0x000001db4ee78c40 JavaThread "Unconstrained build operations Thread 51" [_thread_blocked, id=10648, stack(0x0000006cc2100000,0x0000006cc2200000)]
  0x000001db4ee7e7b0 JavaThread "Unconstrained build operations Thread 52" [_thread_blocked, id=18052, stack(0x0000006cc2200000,0x0000006cc2300000)]
  0x000001db4ee782a0 JavaThread "Unconstrained build operations Thread 53" [_thread_blocked, id=13672, stack(0x0000006cc2300000,0x0000006cc2400000)]
  0x000001db4ee7f150 JavaThread "Unconstrained build operations Thread 54" [_thread_blocked, id=18060, stack(0x0000006cc2400000,0x0000006cc2500000)]
  0x000001db4ee79110 JavaThread "Unconstrained build operations Thread 55" [_thread_blocked, id=2500, stack(0x0000006cc2500000,0x0000006cc2600000)]
  0x000001db4ee78770 JavaThread "Unconstrained build operations Thread 56" [_thread_blocked, id=17520, stack(0x0000006cc2600000,0x0000006cc2700000)]
  0x000001db4ee79ab0 JavaThread "Unconstrained build operations Thread 57" [_thread_blocked, id=17400, stack(0x0000006cc2700000,0x0000006cc2800000)]
  0x000001db4ee79f80 JavaThread "Unconstrained build operations Thread 58" [_thread_blocked, id=12384, stack(0x0000006cc2800000,0x0000006cc2900000)]
  0x000001db4ee7a450 JavaThread "Unconstrained build operations Thread 59" [_thread_blocked, id=5440, stack(0x0000006cc2900000,0x0000006cc2a00000)]
  0x000001db4ee7a920 JavaThread "Unconstrained build operations Thread 60" [_thread_blocked, id=16788, stack(0x0000006cc2a00000,0x0000006cc2b00000)]
  0x000001db4ee7b2c0 JavaThread "Unconstrained build operations Thread 61" [_thread_blocked, id=12572, stack(0x0000006cc2b00000,0x0000006cc2c00000)]
  0x000001db511868a0 JavaThread "Unconstrained build operations Thread 62" [_thread_blocked, id=1688, stack(0x0000006cc2c00000,0x0000006cc2d00000)]
  0x000001db51184220 JavaThread "Unconstrained build operations Thread 63" [_thread_blocked, id=3280, stack(0x0000006cc2d00000,0x0000006cc2e00000)]
  0x000001db51185560 JavaThread "Unconstrained build operations Thread 64" [_thread_blocked, id=5932, stack(0x0000006cc2e00000,0x0000006cc2f00000)]
  0x000001db511846f0 JavaThread "Unconstrained build operations Thread 65" [_thread_blocked, id=6612, stack(0x0000006cc2f00000,0x0000006cc3000000)]
  0x000001db51185a30 JavaThread "Unconstrained build operations Thread 66" [_thread_blocked, id=16668, stack(0x0000006cc3000000,0x0000006cc3100000)]
  0x000001db51184bc0 JavaThread "Unconstrained build operations Thread 67" [_thread_blocked, id=12416, stack(0x0000006cc3100000,0x0000006cc3200000)]
  0x000001db51186d70 JavaThread "Unconstrained build operations Thread 68" [_thread_blocked, id=10428, stack(0x0000006cc3200000,0x0000006cc3300000)]
  0x000001db51185f00 JavaThread "Unconstrained build operations Thread 69" [_thread_blocked, id=7804, stack(0x0000006cc3300000,0x0000006cc3400000)]
  0x000001db51185090 JavaThread "Unconstrained build operations Thread 70" [_thread_blocked, id=10708, stack(0x0000006cc3400000,0x0000006cc3500000)]
  0x000001db511863d0 JavaThread "Unconstrained build operations Thread 71" [_thread_blocked, id=10772, stack(0x0000006cc3500000,0x0000006cc3600000)]
  0x000001db51187710 JavaThread "Unconstrained build operations Thread 72" [_thread_blocked, id=3668, stack(0x0000006cc3600000,0x0000006cc3700000)]
  0x000001db51187240 JavaThread "Unconstrained build operations Thread 73" [_thread_blocked, id=18752, stack(0x0000006cc3700000,0x0000006cc3800000)]
  0x000001db51187be0 JavaThread "Unconstrained build operations Thread 74" [_thread_blocked, id=16728, stack(0x0000006cc3800000,0x0000006cc3900000)]
  0x000001db4f7bb4f0 JavaThread "Unconstrained build operations Thread 75" [_thread_blocked, id=17200, stack(0x0000006cc3900000,0x0000006cc3a00000)]
  0x000001db4f7bd6a0 JavaThread "Unconstrained build operations Thread 76" [_thread_blocked, id=12668, stack(0x0000006cc3a00000,0x0000006cc3b00000)]
  0x000001db4f7b5e50 JavaThread "Unconstrained build operations Thread 77" [_thread_blocked, id=10272, stack(0x0000006cc3b00000,0x0000006cc3c00000)]
  0x000001db4f7bbe90 JavaThread "Unconstrained build operations Thread 78" [_thread_blocked, id=492, stack(0x0000006cc3c00000,0x0000006cc3d00000)]
  0x000001db4f7b6320 JavaThread "Unconstrained build operations Thread 79" [_thread_blocked, id=14356, stack(0x0000006cc3d00000,0x0000006cc3e00000)]
  0x000001db4f7b84d0 JavaThread "Unconstrained build operations Thread 80" [_thread_blocked, id=16720, stack(0x0000006cc3e00000,0x0000006cc3f00000)]
  0x000001db4f7bb020 JavaThread "jar transforms Thread 6" [_thread_blocked, id=5320, stack(0x0000006cc4000000,0x0000006cc4100000)]
  0x000001db4f7b67f0 JavaThread "jar transforms Thread 7" [_thread_blocked, id=6644, stack(0x0000006cc4100000,0x0000006cc4200000)]
  0x000001db4f7bb9c0 JavaThread "jar transforms Thread 8" [_thread_blocked, id=5152, stack(0x0000006cc4200000,0x0000006cc4300000)]
  0x000001db4f7b7b30 JavaThread "build event listener" [_thread_blocked, id=13384, stack(0x0000006cc4300000,0x0000006cc4400000)]
  0x000001db4f7b9ce0 JavaThread "Memory manager" [_thread_blocked, id=19424, stack(0x0000006cc4500000,0x0000006cc4600000)]
  0x000001db4f7bd1d0 JavaThread "included builds" [_thread_blocked, id=17424, stack(0x0000006cc4600000,0x0000006cc4700000)]
  0x000001db4f7b7190 JavaThread "Execution worker" [_thread_blocked, id=4776, stack(0x0000006cc4700000,0x0000006cc4800000)]
  0x000001db4f7b7660 JavaThread "Execution worker Thread 2" [_thread_blocked, id=11864, stack(0x0000006cc4800000,0x0000006cc4900000)]
  0x000001db4f7b8000 JavaThread "Execution worker Thread 3" [_thread_blocked, id=3444, stack(0x0000006cc4900000,0x0000006cc4a00000)]
  0x000001db4f7b89a0 JavaThread "Execution worker Thread 4" [_thread_blocked, id=5220, stack(0x0000006cc4a00000,0x0000006cc4b00000)]
  0x000001db4f7b8e70 JavaThread "Execution worker Thread 5" [_thread_blocked, id=6380, stack(0x0000006cc4b00000,0x0000006cc4c00000)]
  0x000001db53ee6700 JavaThread "Execution worker Thread 6" [_thread_blocked, id=13704, stack(0x0000006cc4c00000,0x0000006cc4d00000)]
  0x000001db53ee1060 JavaThread "Execution worker Thread 7" [_thread_blocked, id=16800, stack(0x0000006cc4d00000,0x0000006cc4e00000)]
  0x000001db53ee5d60 JavaThread "Cache worker for execution history cache (D:\EduProjects\AquaGraph\AquaGraphApp\.gradle\8.0\executionHistory)" [_thread_blocked, id=7520, stack(0x0000006cc4e00000,0x0000006cc4f00000)]
  0x000001db549c3e00 JavaThread "C2 CompilerThread1" daemon [_thread_blocked, id=11952, stack(0x0000006cc3f00000,0x0000006cc4000000)]

Other Threads:
=>0x000001db4dbf0300 VMThread "VM Thread" [stack: 0x0000006cbbc00000,0x0000006cbbd00000] [id=18628]
  0x000001db31e3faa0 WatcherThread [stack: 0x0000006cbc800000,0x0000006cbc900000] [id=148]
  0x000001db31e26250 GCTaskThread "GC Thread#0" [stack: 0x0000006cbb700000,0x0000006cbb800000] [id=11752]
  0x000001db4f11eaf0 GCTaskThread "GC Thread#1" [stack: 0x0000006cbca00000,0x0000006cbcb00000] [id=9340]
  0x000001db4f28be80 GCTaskThread "GC Thread#2" [stack: 0x0000006cbcb00000,0x0000006cbcc00000] [id=14528]
  0x000001db4ea3c840 GCTaskThread "GC Thread#3" [stack: 0x0000006cbcc00000,0x0000006cbcd00000] [id=10336]
  0x000001db4f1dae10 GCTaskThread "GC Thread#4" [stack: 0x0000006cbc900000,0x0000006cbca00000] [id=18308]
  0x000001db4ed81070 GCTaskThread "GC Thread#5" [stack: 0x0000006cbcd00000,0x0000006cbce00000] [id=13136]
  0x000001db4ed81320 GCTaskThread "GC Thread#6" [stack: 0x0000006cbd800000,0x0000006cbd900000] [id=10616]
  0x000001db50058900 GCTaskThread "GC Thread#7" [stack: 0x0000006cbd900000,0x0000006cbda00000] [id=17240]
  0x000001db31e370a0 ConcurrentGCThread "G1 Main Marker" [stack: 0x0000006cbb800000,0x0000006cbb900000] [id=13600]
  0x000001db31e38160 ConcurrentGCThread "G1 Conc#0" [stack: 0x0000006cbb900000,0x0000006cbba00000] [id=9292]
  0x000001db50058fb0 ConcurrentGCThread "G1 Conc#1" [stack: 0x0000006cbda00000,0x0000006cbdb00000] [id=19120]
  0x000001db31e9e430 ConcurrentGCThread "G1 Refine#0" [stack: 0x0000006cbba00000,0x0000006cbbb00000] [id=13720]
  0x000001db52ffdee0 ConcurrentGCThread "G1 Refine#1" [stack: 0x0000006cbea00000,0x0000006cbeb00000] [id=2008]
  0x000001db4da44120 ConcurrentGCThread "G1 Service" [stack: 0x0000006cbbb00000,0x0000006cbbc00000] [id=16680]

Threads with active compile tasks:
C2 CompilerThread0    47722 11934       4       org.gradle.internal.resources.DefaultResourceLockCoordinationService::maybeNotifyStateChange (94 bytes)
C2 CompilerThread1    47722 11949   !   4       org.gradle.internal.resources.AbstractTrackedResourceLock::tryLock (75 bytes)

VM state: at safepoint (normal execution)

VM Mutex/Monitor currently owned by a thread:  ([mutex/lock_event])
[0x000001db31dc3680] Threads_lock - owner thread: 0x000001db4dbf0300
[0x000001db31dc2f30] Heap_lock - owner thread: 0x000001db4f520880

Heap address: 0x0000000080000000, size: 2048 MB, Compressed Oops mode: 32-bit

CDS archive(s) not mapped
Compressed class space mapped at: 0x0000000100000000-0x0000000140000000, reserved size: 1073741824
Narrow klass base: 0x0000000000000000, Narrow klass shift: 3, Narrow klass range: 0x140000000

GC Precious Log:
 CPUs: 8 total, 8 available
 Memory: 7103M
 Large Page Support: Disabled
 NUMA Support: Disabled
 Compressed Oops: Enabled (32-bit)
 Heap Region Size: 1M
 Heap Min Capacity: 8M
 Heap Initial Capacity: 112M
 Heap Max Capacity: 2G
 Pre-touch: Disabled
 Parallel Workers: 8
 Concurrent Workers: 2
 Concurrent Refinement Workers: 8
 Periodic GC: Disabled

Heap:
 garbage-first heap   total 153600K, used 101739K [0x0000000080000000, 0x0000000100000000)
  region size 1024K, 5 young (5120K), 5 survivors (5120K)
 Metaspace       used 96158K, committed 96832K, reserved 1138688K
  class space    used 13108K, committed 13440K, reserved 1048576K

Heap Regions: E=young(eden), S=young(survivor), O=old, HS=humongous(starts), HC=humongous(continues), CS=collection set, F=free, OA=open archive, CA=closed archive, TAMS=top-at-mark-start (previous, next)
|   0|0x0000000080000000, 0x0000000080100000, 0x0000000080100000|100%|HS|  |TAMS 0x0000000080100000, 0x0000000080000000| Complete 
|   1|0x0000000080100000, 0x0000000080200000, 0x0000000080200000|100%|HC|  |TAMS 0x0000000080200000, 0x0000000080100000| Complete 
|   2|0x0000000080200000, 0x0000000080300000, 0x0000000080300000|100%|HC|  |TAMS 0x0000000080300000, 0x0000000080200000| Complete 
|   3|0x0000000080300000, 0x0000000080400000, 0x0000000080400000|100%|HC|  |TAMS 0x0000000080400000, 0x0000000080300000| Complete 
|   4|0x0000000080400000, 0x0000000080500000, 0x0000000080500000|100%| O|  |TAMS 0x0000000080500000, 0x0000000080400000| Untracked 
|   5|0x0000000080500000, 0x0000000080600000, 0x0000000080600000|100%| O|  |TAMS 0x0000000080600000, 0x0000000080500000| Untracked 
|   6|0x0000000080600000, 0x0000000080700000, 0x0000000080700000|100%| O|  |TAMS 0x0000000080700000, 0x0000000080600000| Untracked 
|   7|0x0000000080700000, 0x0000000080800000, 0x0000000080800000|100%| O|  |TAMS 0x0000000080800000, 0x0000000080700000| Untracked 
|   8|0x0000000080800000, 0x0000000080900000, 0x0000000080900000|100%| O|  |TAMS 0x0000000080900000, 0x0000000080800000| Untracked 
|   9|0x0000000080900000, 0x0000000080a00000, 0x0000000080a00000|100%| O|  |TAMS 0x0000000080a00000, 0x0000000080900000| Untracked 
|  10|0x0000000080a00000, 0x0000000080b00000, 0x0000000080b00000|100%| O|  |TAMS 0x0000000080b00000, 0x0000000080a00000| Untracked 
|  11|0x0000000080b00000, 0x0000000080c00000, 0x0000000080c00000|100%| O|  |TAMS 0x0000000080c00000, 0x0000000080b00000| Untracked 
|  12|0x0000000080c00000, 0x0000000080d00000, 0x0000000080d00000|100%| O|  |TAMS 0x0000000080d00000, 0x0000000080c00000| Untracked 
|  13|0x0000000080d00000, 0x0000000080e00000, 0x0000000080e00000|100%| O|  |TAMS 0x0000000080e00000, 0x0000000080d00000| Untracked 
|  14|0x0000000080e00000, 0x0000000080f00000, 0x0000000080f00000|100%| O|  |TAMS 0x0000000080f00000, 0x0000000080e00000| Untracked 
|  15|0x0000000080f00000, 0x0000000081000000, 0x0000000081000000|100%| O|  |TAMS 0x0000000081000000, 0x0000000080f00000| Untracked 
|  16|0x0000000081000000, 0x0000000081100000, 0x0000000081100000|100%| O|  |TAMS 0x0000000081100000, 0x0000000081000000| Untracked 
|  17|0x0000000081100000, 0x0000000081200000, 0x0000000081200000|100%| O|  |TAMS 0x0000000081200000, 0x0000000081100000| Untracked 
|  18|0x0000000081200000, 0x0000000081300000, 0x0000000081300000|100%| O|  |TAMS 0x0000000081300000, 0x0000000081200000| Untracked 
|  19|0x0000000081300000, 0x0000000081400000, 0x0000000081400000|100%| O|  |TAMS 0x0000000081400000, 0x0000000081300000| Untracked 
|  20|0x0000000081400000, 0x0000000081500000, 0x0000000081500000|100%| O|  |TAMS 0x0000000081500000, 0x0000000081400000| Untracked 
|  21|0x0000000081500000, 0x0000000081600000, 0x0000000081600000|100%| O|  |TAMS 0x0000000081600000, 0x0000000081500000| Untracked 
|  22|0x0000000081600000, 0x0000000081700000, 0x0000000081700000|100%| O|  |TAMS 0x0000000081700000, 0x0000000081600000| Untracked 
|  23|0x0000000081700000, 0x0000000081800000, 0x0000000081800000|100%| O|  |TAMS 0x0000000081800000, 0x0000000081700000| Untracked 
|  24|0x0000000081800000, 0x0000000081900000, 0x0000000081900000|100%| O|  |TAMS 0x0000000081800000, 0x0000000081800000| Untracked 
|  25|0x0000000081900000, 0x0000000081a00000, 0x0000000081a00000|100%| O|  |TAMS 0x0000000081a00000, 0x0000000081900000| Untracked 
|  26|0x0000000081a00000, 0x0000000081b00000, 0x0000000081b00000|100%| O|  |TAMS 0x0000000081b00000, 0x0000000081a00000| Untracked 
|  27|0x0000000081b00000, 0x0000000081c00000, 0x0000000081c00000|100%| O|  |TAMS 0x0000000081c00000, 0x0000000081b00000| Untracked 
|  28|0x0000000081c00000, 0x0000000081d00000, 0x0000000081d00000|100%| O|  |TAMS 0x0000000081d00000, 0x0000000081c00000| Untracked 
|  29|0x0000000081d00000, 0x0000000081e00000, 0x0000000081e00000|100%| O|  |TAMS 0x0000000081e00000, 0x0000000081d00000| Untracked 
|  30|0x0000000081e00000, 0x0000000081f00000, 0x0000000081f00000|100%| O|  |TAMS 0x0000000081f00000, 0x0000000081e00000| Untracked 
|  31|0x0000000081f00000, 0x0000000082000000, 0x0000000082000000|100%| O|  |TAMS 0x0000000082000000, 0x0000000081f00000| Untracked 
|  32|0x0000000082000000, 0x0000000082100000, 0x0000000082100000|100%| O|  |TAMS 0x0000000082100000, 0x0000000082000000| Untracked 
|  33|0x0000000082100000, 0x0000000082200000, 0x0000000082200000|100%| O|  |TAMS 0x0000000082200000, 0x0000000082100000| Untracked 
|  34|0x0000000082200000, 0x0000000082300000, 0x0000000082300000|100%| O|  |TAMS 0x0000000082300000, 0x0000000082200000| Untracked 
|  35|0x0000000082300000, 0x0000000082400000, 0x0000000082400000|100%| O|  |TAMS 0x0000000082400000, 0x0000000082300000| Untracked 
|  36|0x0000000082400000, 0x0000000082500000, 0x0000000082500000|100%| O|  |TAMS 0x0000000082500000, 0x0000000082400000| Untracked 
|  37|0x0000000082500000, 0x0000000082600000, 0x0000000082600000|100%|HS|  |TAMS 0x0000000082600000, 0x0000000082500000| Complete 
|  38|0x0000000082600000, 0x0000000082700000, 0x0000000082700000|100%|HS|  |TAMS 0x0000000082700000, 0x0000000082600000| Complete 
|  39|0x0000000082700000, 0x0000000082800000, 0x0000000082800000|100%| O|  |TAMS 0x0000000082800000, 0x0000000082700000| Untracked 
|  40|0x0000000082800000, 0x0000000082900000, 0x0000000082900000|100%| O|  |TAMS 0x0000000082900000, 0x0000000082800000| Untracked 
|  41|0x0000000082900000, 0x0000000082a00000, 0x0000000082a00000|100%|HS|  |TAMS 0x0000000082a00000, 0x0000000082900000| Complete 
|  42|0x0000000082a00000, 0x0000000082b00000, 0x0000000082b00000|100%|HC|  |TAMS 0x0000000082b00000, 0x0000000082a00000| Complete 
|  43|0x0000000082b00000, 0x0000000082c00000, 0x0000000082c00000|100%|HS|  |TAMS 0x0000000082c00000, 0x0000000082b00000| Complete 
|  44|0x0000000082c00000, 0x0000000082d00000, 0x0000000082d00000|100%| O|  |TAMS 0x0000000082d00000, 0x0000000082c00000| Untracked 
|  45|0x0000000082d00000, 0x0000000082e00000, 0x0000000082e00000|100%|HS|  |TAMS 0x0000000082e00000, 0x0000000082d00000| Complete 
|  46|0x0000000082e00000, 0x0000000082f00000, 0x0000000082f00000|100%|HC|  |TAMS 0x0000000082f00000, 0x0000000082e00000| Complete 
|  47|0x0000000082f00000, 0x0000000083000000, 0x0000000083000000|100%|HC|  |TAMS 0x0000000083000000, 0x0000000082f00000| Complete 
|  48|0x0000000083000000, 0x0000000083100000, 0x0000000083100000|100%|HC|  |TAMS 0x0000000083100000, 0x0000000083000000| Complete 
|  49|0x0000000083100000, 0x0000000083200000, 0x0000000083200000|100%| O|  |TAMS 0x0000000083200000, 0x0000000083100000| Untracked 
|  50|0x0000000083200000, 0x0000000083300000, 0x0000000083300000|100%| O|  |TAMS 0x0000000083200000, 0x0000000083200000| Untracked 
|  51|0x0000000083300000, 0x0000000083400000, 0x0000000083400000|100%| O|  |TAMS 0x0000000083400000, 0x0000000083300000| Untracked 
|  52|0x0000000083400000, 0x0000000083500000, 0x0000000083500000|100%| O|  |TAMS 0x0000000083500000, 0x0000000083400000| Untracked 
|  53|0x0000000083500000, 0x0000000083600000, 0x0000000083600000|100%| O|  |TAMS 0x0000000083600000, 0x0000000083500000| Untracked 
|  54|0x0000000083600000, 0x0000000083700000, 0x0000000083700000|100%| O|  |TAMS 0x0000000083700000, 0x0000000083600000| Untracked 
|  55|0x0000000083700000, 0x0000000083800000, 0x0000000083800000|100%| O|  |TAMS 0x0000000083800000, 0x0000000083700000| Untracked 
|  56|0x0000000083800000, 0x0000000083900000, 0x0000000083900000|100%| O|  |TAMS 0x0000000083900000, 0x0000000083800000| Untracked 
|  57|0x0000000083900000, 0x0000000083a00000, 0x0000000083a00000|100%| O|  |TAMS 0x0000000083a00000, 0x0000000083900000| Untracked 
|  58|0x0000000083a00000, 0x0000000083b00000, 0x0000000083b00000|100%| O|  |TAMS 0x0000000083b00000, 0x0000000083a00000| Untracked 
|  59|0x0000000083b00000, 0x0000000083c00000, 0x0000000083c00000|100%| O|  |TAMS 0x0000000083c00000, 0x0000000083b00000| Untracked 
|  60|0x0000000083c00000, 0x0000000083d00000, 0x0000000083d00000|100%| O|  |TAMS 0x0000000083d00000, 0x0000000083c00000| Untracked 
|  61|0x0000000083d00000, 0x0000000083e00000, 0x0000000083e00000|100%| O|  |TAMS 0x0000000083e00000, 0x0000000083d00000| Untracked 
|  62|0x0000000083e00000, 0x0000000083f00000, 0x0000000083f00000|100%| O|  |TAMS 0x0000000083f00000, 0x0000000083e00000| Untracked 
|  63|0x0000000083f00000, 0x0000000084000000, 0x0000000084000000|100%| O|  |TAMS 0x0000000084000000, 0x0000000083f00000| Untracked 
|  64|0x0000000084000000, 0x0000000084100000, 0x0000000084100000|100%| O|  |TAMS 0x0000000084100000, 0x0000000084000000| Untracked 
|  65|0x0000000084100000, 0x0000000084200000, 0x0000000084200000|100%| O|  |TAMS 0x0000000084200000, 0x0000000084100000| Untracked 
|  66|0x0000000084200000, 0x0000000084300000, 0x0000000084300000|100%| O|  |TAMS 0x0000000084300000, 0x0000000084200000| Untracked 
|  67|0x0000000084300000, 0x0000000084400000, 0x0000000084400000|100%| O|  |TAMS 0x0000000084400000, 0x0000000084300000| Untracked 
|  68|0x0000000084400000, 0x0000000084500000, 0x0000000084500000|100%| O|  |TAMS 0x0000000084500000, 0x0000000084400000| Untracked 
|  69|0x0000000084500000, 0x0000000084600000, 0x0000000084600000|100%| O|  |TAMS 0x0000000084600000, 0x0000000084500000| Untracked 
|  70|0x0000000084600000, 0x0000000084700000, 0x0000000084700000|100%| O|  |TAMS 0x0000000084700000, 0x0000000084600000| Untracked 
|  71|0x0000000084700000, 0x0000000084800000, 0x0000000084800000|100%| O|  |TAMS 0x0000000084800000, 0x0000000084700000| Untracked 
|  72|0x0000000084800000, 0x0000000084900000, 0x0000000084900000|100%| O|  |TAMS 0x0000000084900000, 0x0000000084800000| Untracked 
|  73|0x0000000084900000, 0x0000000084a00000, 0x0000000084a00000|100%| O|  |TAMS 0x0000000084a00000, 0x0000000084900000| Untracked 
|  74|0x0000000084a00000, 0x0000000084b00000, 0x0000000084b00000|100%| O|  |TAMS 0x0000000084b00000, 0x0000000084a00000| Untracked 
|  75|0x0000000084b00000, 0x0000000084c00000, 0x0000000084c00000|100%| O|  |TAMS 0x0000000084bc8800, 0x0000000084b00000| Untracked 
|  76|0x0000000084c00000, 0x0000000084d00000, 0x0000000084d00000|100%| O|  |TAMS 0x0000000084c00000, 0x0000000084c00000| Untracked 
|  77|0x0000000084d00000, 0x0000000084e00000, 0x0000000084e00000|100%| O|  |TAMS 0x0000000084d00000, 0x0000000084d00000| Untracked 
|  78|0x0000000084e00000, 0x0000000084f00000, 0x0000000084f00000|100%| O|  |TAMS 0x0000000084e00000, 0x0000000084e00000| Untracked 
|  79|0x0000000084f00000, 0x0000000085000000, 0x0000000085000000|100%| O|  |TAMS 0x0000000084f00000, 0x0000000084f00000| Untracked 
|  80|0x0000000085000000, 0x0000000085100000, 0x0000000085100000|100%| O|  |TAMS 0x0000000085000000, 0x0000000085000000| Untracked 
|  81|0x0000000085100000, 0x0000000085200000, 0x0000000085200000|100%| O|  |TAMS 0x0000000085100000, 0x0000000085100000| Untracked 
|  82|0x0000000085200000, 0x0000000085300000, 0x0000000085300000|100%| O|  |TAMS 0x0000000085200000, 0x0000000085200000| Untracked 
|  83|0x0000000085300000, 0x0000000085400000, 0x0000000085400000|100%| O|  |TAMS 0x0000000085300000, 0x0000000085300000| Untracked 
|  84|0x0000000085400000, 0x0000000085500000, 0x0000000085500000|100%| O|  |TAMS 0x0000000085400000, 0x0000000085400000| Untracked 
|  85|0x0000000085500000, 0x0000000085600000, 0x0000000085600000|100%| O|  |TAMS 0x0000000085500000, 0x0000000085500000| Untracked 
|  86|0x0000000085600000, 0x0000000085700000, 0x0000000085700000|100%| O|  |TAMS 0x0000000085600000, 0x0000000085600000| Untracked 
|  87|0x0000000085700000, 0x0000000085800000, 0x0000000085800000|100%| O|  |TAMS 0x0000000085700000, 0x0000000085700000| Untracked 
|  88|0x0000000085800000, 0x0000000085900000, 0x0000000085900000|100%| O|  |TAMS 0x0000000085800000, 0x0000000085800000| Untracked 
|  89|0x0000000085900000, 0x0000000085a00000, 0x0000000085a00000|100%| O|  |TAMS 0x0000000085900000, 0x0000000085900000| Untracked 
|  90|0x0000000085a00000, 0x0000000085b00000, 0x0000000085b00000|100%| O|  |TAMS 0x0000000085a00000, 0x0000000085a00000| Untracked 
|  91|0x0000000085b00000, 0x0000000085c00000, 0x0000000085c00000|100%| O|  |TAMS 0x0000000085b00000, 0x0000000085b00000| Untracked 
|  92|0x0000000085c00000, 0x0000000085d00000, 0x0000000085d00000|100%| O|  |TAMS 0x0000000085c00000, 0x0000000085c00000| Untracked 
|  93|0x0000000085d00000, 0x0000000085e00000, 0x0000000085e00000|100%| O|  |TAMS 0x0000000085d00000, 0x0000000085d00000| Untracked 
|  94|0x0000000085e00000, 0x0000000085f00000, 0x0000000085f00000|100%| O|  |TAMS 0x0000000085e00000, 0x0000000085e00000| Untracked 
|  95|0x0000000085f00000, 0x0000000085f41800, 0x0000000086000000| 25%| O|  |TAMS 0x0000000085f00000, 0x0000000085f00000| Untracked 
|  96|0x0000000086000000, 0x0000000086000000, 0x0000000086100000|  0%| F|  |TAMS 0x0000000086000000, 0x0000000086000000| Untracked 
|  97|0x0000000086100000, 0x0000000086100000, 0x0000000086200000|  0%| F|  |TAMS 0x0000000086100000, 0x0000000086100000| Untracked 
|  98|0x0000000086200000, 0x0000000086200000, 0x0000000086300000|  0%| F|  |TAMS 0x0000000086200000, 0x0000000086200000| Untracked 
|  99|0x0000000086300000, 0x0000000086300000, 0x0000000086400000|  0%| F|  |TAMS 0x0000000086300000, 0x0000000086300000| Untracked 
| 100|0x0000000086400000, 0x0000000086400000, 0x0000000086500000|  0%| F|  |TAMS 0x0000000086400000, 0x0000000086400000| Untracked 
| 101|0x0000000086500000, 0x0000000086500000, 0x0000000086600000|  0%| F|  |TAMS 0x0000000086500000, 0x0000000086500000| Untracked 
| 102|0x0000000086600000, 0x0000000086600000, 0x0000000086700000|  0%| F|  |TAMS 0x0000000086600000, 0x0000000086600000| Untracked 
| 103|0x0000000086700000, 0x0000000086700000, 0x0000000086800000|  0%| F|  |TAMS 0x0000000086700000, 0x0000000086700000| Untracked 
| 104|0x0000000086800000, 0x0000000086800000, 0x0000000086900000|  0%| F|  |TAMS 0x0000000086800000, 0x0000000086800000| Untracked 
| 105|0x0000000086900000, 0x0000000086900000, 0x0000000086a00000|  0%| F|  |TAMS 0x0000000086900000, 0x0000000086900000| Untracked 
| 106|0x0000000086a00000, 0x0000000086a00000, 0x0000000086b00000|  0%| F|  |TAMS 0x0000000086a00000, 0x0000000086a00000| Untracked 
| 107|0x0000000086b00000, 0x0000000086b00000, 0x0000000086c00000|  0%| F|  |TAMS 0x0000000086b00000, 0x0000000086b00000| Untracked 
| 108|0x0000000086c00000, 0x0000000086c00000, 0x0000000086d00000|  0%| F|  |TAMS 0x0000000086c00000, 0x0000000086c00000| Untracked 
| 109|0x0000000086d00000, 0x0000000086d00000, 0x0000000086e00000|  0%| F|  |TAMS 0x0000000086d00000, 0x0000000086d00000| Untracked 
| 110|0x0000000086e00000, 0x0000000086e00000, 0x0000000086f00000|  0%| F|  |TAMS 0x0000000086e00000, 0x0000000086e00000| Untracked 
| 111|0x0000000086f00000, 0x0000000086f00000, 0x0000000087000000|  0%| F|  |TAMS 0x0000000086f00000, 0x0000000086f00000| Untracked 
| 112|0x0000000087000000, 0x0000000087019508, 0x0000000087100000|  9%| S|CS|TAMS 0x0000000087000000, 0x0000000087000000| Complete 
| 113|0x0000000087100000, 0x0000000087200000, 0x0000000087200000|100%| S|CS|TAMS 0x0000000087100000, 0x0000000087100000| Complete 
| 114|0x0000000087200000, 0x0000000087300000, 0x0000000087300000|100%| S|CS|TAMS 0x0000000087200000, 0x0000000087200000| Complete 
| 115|0x0000000087300000, 0x0000000087300000, 0x0000000087400000|  0%| F|  |TAMS 0x0000000087300000, 0x0000000087300000| Untracked 
| 116|0x0000000087400000, 0x0000000087400000, 0x0000000087500000|  0%| F|  |TAMS 0x0000000087400000, 0x0000000087400000| Untracked 
| 117|0x0000000087500000, 0x0000000087500000, 0x0000000087600000|  0%| F|  |TAMS 0x0000000087500000, 0x0000000087500000| Untracked 
| 118|0x0000000087600000, 0x0000000087700000, 0x0000000087700000|100%| S|CS|TAMS 0x0000000087600000, 0x0000000087600000| Complete 
| 119|0x0000000087700000, 0x0000000087700000, 0x0000000087800000|  0%| F|  |TAMS 0x0000000087700000, 0x0000000087700000| Untracked 
| 120|0x0000000087800000, 0x0000000087900000, 0x0000000087900000|100%| S|CS|TAMS 0x0000000087800000, 0x0000000087800000| Complete 
| 121|0x0000000087900000, 0x0000000087900000, 0x0000000087a00000|  0%| F|  |TAMS 0x0000000087900000, 0x0000000087900000| Untracked 
| 122|0x0000000087a00000, 0x0000000087a00000, 0x0000000087b00000|  0%| F|  |TAMS 0x0000000087a00000, 0x0000000087a00000| Untracked 
| 123|0x0000000087b00000, 0x0000000087b00000, 0x0000000087c00000|  0%| F|  |TAMS 0x0000000087b00000, 0x0000000087b00000| Untracked 
| 124|0x0000000087c00000, 0x0000000087c00000, 0x0000000087d00000|  0%| F|  |TAMS 0x0000000087c00000, 0x0000000087c00000| Untracked 
| 125|0x0000000087d00000, 0x0000000087d00000, 0x0000000087e00000|  0%| F|  |TAMS 0x0000000087d00000, 0x0000000087d00000| Untracked 
| 126|0x0000000087e00000, 0x0000000087e00000, 0x0000000087f00000|  0%| F|  |TAMS 0x0000000087e00000, 0x0000000087e00000| Untracked 
| 127|0x0000000087f00000, 0x0000000087f00000, 0x0000000088000000|  0%| F|  |TAMS 0x0000000087f00000, 0x0000000087f00000| Untracked 
| 128|0x0000000088000000, 0x0000000088000000, 0x0000000088100000|  0%| F|  |TAMS 0x0000000088000000, 0x0000000088000000| Untracked 
| 129|0x0000000088100000, 0x0000000088100000, 0x0000000088200000|  0%| F|  |TAMS 0x0000000088100000, 0x0000000088100000| Untracked 
| 130|0x0000000088200000, 0x0000000088200000, 0x0000000088300000|  0%| F|  |TAMS 0x0000000088200000, 0x0000000088200000| Untracked 
| 131|0x0000000088300000, 0x0000000088300000, 0x0000000088400000|  0%| F|  |TAMS 0x0000000088300000, 0x0000000088300000| Untracked 
| 132|0x0000000088400000, 0x0000000088400000, 0x0000000088500000|  0%| F|  |TAMS 0x0000000088400000, 0x0000000088400000| Untracked 
| 133|0x0000000088500000, 0x0000000088500000, 0x0000000088600000|  0%| F|  |TAMS 0x0000000088500000, 0x0000000088500000| Untracked 
| 134|0x0000000088600000, 0x0000000088600000, 0x0000000088700000|  0%| F|  |TAMS 0x0000000088600000, 0x0000000088600000| Untracked 
| 135|0x0000000088700000, 0x0000000088700000, 0x0000000088800000|  0%| F|  |TAMS 0x0000000088700000, 0x0000000088700000| Untracked 
| 136|0x0000000088800000, 0x0000000088800000, 0x0000000088900000|  0%| F|  |TAMS 0x0000000088800000, 0x0000000088800000| Untracked 
| 137|0x0000000088900000, 0x0000000088900000, 0x0000000088a00000|  0%| F|  |TAMS 0x0000000088900000, 0x0000000088900000| Untracked 
| 138|0x0000000088a00000, 0x0000000088a00000, 0x0000000088b00000|  0%| F|  |TAMS 0x0000000088a00000, 0x0000000088a00000| Untracked 
| 139|0x0000000088b00000, 0x0000000088b00000, 0x0000000088c00000|  0%| F|  |TAMS 0x0000000088b00000, 0x0000000088b00000| Untracked 
| 140|0x0000000088c00000, 0x0000000088c00000, 0x0000000088d00000|  0%| F|  |TAMS 0x0000000088c00000, 0x0000000088c00000| Untracked 
| 141|0x0000000088d00000, 0x0000000088d00000, 0x0000000088e00000|  0%| F|  |TAMS 0x0000000088d00000, 0x0000000088d00000| Untracked 
| 142|0x0000000088e00000, 0x0000000088e00000, 0x0000000088f00000|  0%| F|  |TAMS 0x0000000088e00000, 0x0000000088e00000| Untracked 
| 143|0x0000000088f00000, 0x0000000088f00000, 0x0000000089000000|  0%| F|  |TAMS 0x0000000088f00000, 0x0000000088f00000| Untracked 
| 144|0x0000000089000000, 0x0000000089000000, 0x0000000089100000|  0%| F|  |TAMS 0x0000000089000000, 0x0000000089000000| Untracked 
| 145|0x0000000089100000, 0x0000000089100000, 0x0000000089200000|  0%| F|  |TAMS 0x0000000089100000, 0x0000000089100000| Untracked 
| 146|0x0000000089200000, 0x0000000089200000, 0x0000000089300000|  0%| F|  |TAMS 0x0000000089200000, 0x0000000089200000| Untracked 
| 147|0x0000000089300000, 0x0000000089300000, 0x0000000089400000|  0%| F|  |TAMS 0x0000000089300000, 0x0000000089300000| Untracked 
| 148|0x0000000089400000, 0x0000000089400000, 0x0000000089500000|  0%| F|  |TAMS 0x0000000089400000, 0x0000000089400000| Untracked 
| 149|0x0000000089500000, 0x0000000089500000, 0x0000000089600000|  0%| F|  |TAMS 0x0000000089500000, 0x0000000089500000| Untracked 

Card table byte_map: [0x000001db468e0000,0x000001db46ce0000] _byte_map_base: 0x000001db464e0000

Marking Bits (Prev, Next): (CMBitMap*) 0x000001db31e267b0, (CMBitMap*) 0x000001db31e26770
 Prev Bits: [0x000001db490e0000, 0x000001db4b0e0000)
 Next Bits: [0x000001db470e0000, 0x000001db490e0000)

Polling page: 0x000001db31ea0000

Metaspace:

Usage:
  Non-class:     81.10 MB used.
      Class:     12.80 MB used.
       Both:     93.90 MB used.

Virtual space:
  Non-class space:       88.00 MB reserved,      81.44 MB ( 93%) committed,  11 nodes.
      Class space:        1.00 GB reserved,      13.12 MB (  1%) committed,  1 nodes.
             Both:        1.09 GB reserved,      94.56 MB (  9%) committed. 

Chunk freelists:
   Non-Class:  2.39 MB
       Class:  2.85 MB
        Both:  5.24 MB

MaxMetaspaceSize: unlimited
CompressedClassSpaceSize: 1.00 GB
Initial GC threshold: 21.00 MB
Current GC threshold: 152.50 MB
CDS: off
MetaspaceReclaimPolicy: balanced
 - commit_granule_bytes: 65536.
 - commit_granule_words: 8192.
 - virtual_space_node_default_size: 1048576.
 - enlarge_chunks_in_place: 1.
 - new_chunks_are_fully_committed: 0.
 - uncommit_free_chunks: 1.
 - use_allocation_guard: 0.
 - handle_deallocations: 1.


Internal statistics:

num_allocs_failed_limit: 6.
num_arena_births: 1004.
num_arena_deaths: 0.
num_vsnodes_births: 12.
num_vsnodes_deaths: 0.
num_space_committed: 1513.
num_space_uncommitted: 0.
num_chunks_returned_to_freelist: 6.
num_chunks_taken_from_freelist: 4554.
num_chunk_merges: 6.
num_chunk_splits: 3011.
num_chunks_enlarged: 2025.
num_purges: 0.
num_inconsistent_stats: 0.

CodeHeap 'non-profiled nmethods': size=120000Kb used=6175Kb max_used=6175Kb free=113824Kb
 bounds [0x000001db3e540000, 0x000001db3eb50000, 0x000001db45a70000]
CodeHeap 'profiled nmethods': size=120000Kb used=20664Kb max_used=20664Kb free=99335Kb
 bounds [0x000001db36a70000, 0x000001db37ea0000, 0x000001db3dfa0000]
CodeHeap 'non-nmethods': size=5760Kb used=2389Kb max_used=2489Kb free=3370Kb
 bounds [0x000001db3dfa0000, 0x000001db3e230000, 0x000001db3e540000]
 total_blobs=11346 nmethods=10424 adapters=832
 compilation: enabled
              stopped_count=0, restarted_count=0
 full_count=0

Compilation events (20 events):
Event: 47.605 Thread 0x000001db549c3e00 11949   !   4       org.gradle.internal.resources.AbstractTrackedResourceLock::tryLock (75 bytes)
Event: 47.606 Thread 0x000001db4e44dec0 nmethod 11959 0x000001db37e99510 code [0x000001db37e996e0, 0x000001db37e99a78]
Event: 47.606 Thread 0x000001db4e44dec0 11960       1       org.gradle.api.internal.tasks.properties.DefaultInputPropertySpec::getValue (5 bytes)
Event: 47.606 Thread 0x000001db4e44dec0 nmethod 11960 0x000001db3eb47b10 code [0x000001db3eb47ca0, 0x000001db3eb47d78]
Event: 47.615 Thread 0x000001db4e44dec0 11961       3       java.lang.reflect.Proxy::isProxyClass (22 bytes)
Event: 47.616 Thread 0x000001db4e44dec0 nmethod 11961 0x000001db37e99c10 code [0x000001db37e99ee0, 0x000001db37e9aee8]
Event: 47.623 Thread 0x000001db4e44dec0 11962       3       org.gradle.internal.component.external.model.DefaultModuleComponentArtifactIdentifier::equals (63 bytes)
Event: 47.624 Thread 0x000001db4e44dec0 nmethod 11962 0x000001db37e9b410 code [0x000001db37e9b600, 0x000001db37e9bb78]
Event: 47.624 Thread 0x000001db4e44dec0 11963       3       org.gradle.internal.component.model.DefaultIvyArtifactName::equals (91 bytes)
Event: 47.626 Thread 0x000001db4e44dec0 nmethod 11963 0x000001db37e9bd10 code [0x000001db37e9bf60, 0x000001db37e9c998]
Event: 47.629 Thread 0x000001db4e44dec0 11965       3       java.net.URI$Parser::scan (23 bytes)
Event: 47.630 Thread 0x000001db4e44dec0 nmethod 11965 0x000001db37e9cc10 code [0x000001db37e9ce20, 0x000001db37e9d4b8]
Event: 47.630 Thread 0x000001db4e44dec0 11966       3       org.gradle.internal.component.local.model.DefaultLocalComponentMetadata$DefaultLocalConfigurationMetadata::addVariant (49 bytes)
Event: 47.631 Thread 0x000001db4e44dec0 nmethod 11966 0x000001db37e9d790 code [0x000001db37e9d940, 0x000001db37e9dc58]
Event: 47.631 Thread 0x000001db4e44dec0 11967       3       org.gradle.internal.component.local.model.DefaultLocalComponentMetadata$LocalVariantMetadata::<init> (47 bytes)
Event: 47.633 Thread 0x000001db4e44dec0 nmethod 11967 0x000001db37e9de10 code [0x000001db37e9e080, 0x000001db37e9ec08]
Event: 47.633 Thread 0x000001db4e44dec0 11968       3       org.gradle.internal.component.local.model.DefaultLocalComponentMetadata$LocalVariantMetadata$$Lambda$652/0x00000001006e4d40::<init> (20 bytes)
Event: 47.633 Thread 0x000001db4e44dec0 nmethod 11968 0x000001db37e9f090 code [0x000001db37e9f240, 0x000001db37e9f4b8]
Event: 47.657 Thread 0x000001db4e44dec0 11969       3       org.gradle.internal.event.BroadcastDispatch$EmptyDispatch::add (14 bytes)
Event: 47.658 Thread 0x000001db4e44dec0 nmethod 11969 0x000001db37e9f590 code [0x000001db37e9f760, 0x000001db37e9fbb8]

GC Heap History (20 events):
Event: 40.105 GC heap after
{Heap after GC invocations=50 (full 0):
 garbage-first heap   total 153600K, used 73521K [0x0000000080000000, 0x0000000100000000)
  region size 1024K, 3 young (3072K), 3 survivors (3072K)
 Metaspace       used 85180K, committed 85760K, reserved 1130496K
  class space    used 11570K, committed 11840K, reserved 1048576K
}
Event: 41.507 GC heap before
{Heap before GC invocations=51 (full 0):
 garbage-first heap   total 153600K, used 123697K [0x0000000080000000, 0x0000000100000000)
  region size 1024K, 52 young (53248K), 3 survivors (3072K)
 Metaspace       used 91203K, committed 91840K, reserved 1130496K
  class space    used 12438K, committed 12736K, reserved 1048576K
}
Event: 41.515 GC heap after
{Heap after GC invocations=52 (full 0):
 garbage-first heap   total 153600K, used 77321K [0x0000000080000000, 0x0000000100000000)
  region size 1024K, 7 young (7168K), 7 survivors (7168K)
 Metaspace       used 91203K, committed 91840K, reserved 1130496K
  class space    used 12438K, committed 12736K, reserved 1048576K
}
Event: 41.527 GC heap before
{Heap before GC invocations=52 (full 0):
 garbage-first heap   total 153600K, used 78345K [0x0000000080000000, 0x0000000100000000)
  region size 1024K, 8 young (8192K), 7 survivors (7168K)
 Metaspace       used 91205K, committed 91840K, reserved 1130496K
  class space    used 12438K, committed 12736K, reserved 1048576K
}
Event: 41.538 GC heap after
{Heap after GC invocations=53 (full 0):
 garbage-first heap   total 153600K, used 77602K [0x0000000080000000, 0x0000000100000000)
  region size 1024K, 1 young (1024K), 1 survivors (1024K)
 Metaspace       used 91205K, committed 91840K, reserved 1130496K
  class space    used 12438K, committed 12736K, reserved 1048576K
}
Event: 42.366 GC heap before
{Heap before GC invocations=53 (full 0):
 garbage-first heap   total 153600K, used 124706K [0x0000000080000000, 0x0000000100000000)
  region size 1024K, 47 young (48128K), 1 survivors (1024K)
 Metaspace       used 92964K, committed 93632K, reserved 1130496K
  class space    used 12670K, committed 12992K, reserved 1048576K
}
Event: 42.376 GC heap after
{Heap after GC invocations=54 (full 0):
 garbage-first heap   total 153600K, used 82694K [0x0000000080000000, 0x0000000100000000)
  region size 1024K, 6 young (6144K), 6 survivors (6144K)
 Metaspace       used 92964K, committed 93632K, reserved 1130496K
  class space    used 12670K, committed 12992K, reserved 1048576K
}
Event: 43.948 GC heap before
{Heap before GC invocations=55 (full 0):
 garbage-first heap   total 153600K, used 123654K [0x0000000080000000, 0x0000000100000000)
  region size 1024K, 47 young (48128K), 6 survivors (6144K)
 Metaspace       used 94401K, committed 95040K, reserved 1138688K
  class space    used 12914K, committed 13248K, reserved 1048576K
}
Event: 43.958 GC heap after
{Heap after GC invocations=56 (full 0):
 garbage-first heap   total 153600K, used 88665K [0x0000000080000000, 0x0000000100000000)
  region size 1024K, 6 young (6144K), 6 survivors (6144K)
 Metaspace       used 94401K, committed 95040K, reserved 1138688K
  class space    used 12914K, committed 13248K, reserved 1048576K
}
Event: 44.070 GC heap before
{Heap before GC invocations=56 (full 0):
 garbage-first heap   total 153600K, used 89689K [0x0000000080000000, 0x0000000100000000)
  region size 1024K, 7 young (7168K), 6 survivors (6144K)
 Metaspace       used 94422K, committed 95104K, reserved 1138688K
  class space    used 12914K, committed 13248K, reserved 1048576K
}
Event: 44.074 GC heap after
{Heap after GC invocations=57 (full 0):
 garbage-first heap   total 153600K, used 89526K [0x0000000080000000, 0x0000000100000000)
  region size 1024K, 1 young (1024K), 1 survivors (1024K)
 Metaspace       used 94422K, committed 95104K, reserved 1138688K
  class space    used 12914K, committed 13248K, reserved 1048576K
}
Event: 45.660 GC heap before
{Heap before GC invocations=57 (full 0):
 garbage-first heap   total 153600K, used 124342K [0x0000000080000000, 0x0000000100000000)
  region size 1024K, 36 young (36864K), 1 survivors (1024K)
 Metaspace       used 95271K, committed 95936K, reserved 1138688K
  class space    used 13059K, committed 13376K, reserved 1048576K
}
Event: 45.668 GC heap after
{Heap after GC invocations=58 (full 0):
 garbage-first heap   total 153600K, used 93149K [0x0000000080000000, 0x0000000100000000)
  region size 1024K, 5 young (5120K), 5 survivors (5120K)
 Metaspace       used 95271K, committed 95936K, reserved 1138688K
  class space    used 13059K, committed 13376K, reserved 1048576K
}
Event: 46.129 GC heap before
{Heap before GC invocations=58 (full 0):
 garbage-first heap   total 153600K, used 124893K [0x0000000080000000, 0x0000000100000000)
  region size 1024K, 37 young (37888K), 5 survivors (5120K)
 Metaspace       used 95425K, committed 96064K, reserved 1138688K
  class space    used 13059K, committed 13376K, reserved 1048576K
}
Event: 46.139 GC heap after
{Heap after GC invocations=59 (full 0):
 garbage-first heap   total 153600K, used 95725K [0x0000000080000000, 0x0000000100000000)
  region size 1024K, 3 young (3072K), 3 survivors (3072K)
 Metaspace       used 95425K, committed 96064K, reserved 1138688K
  class space    used 13059K, committed 13376K, reserved 1048576K
}
Event: 46.665 GC heap before
{Heap before GC invocations=59 (full 0):
 garbage-first heap   total 153600K, used 126445K [0x0000000080000000, 0x0000000100000000)
  region size 1024K, 34 young (34816K), 3 survivors (3072K)
 Metaspace       used 95801K, committed 96384K, reserved 1138688K
  class space    used 13094K, committed 13376K, reserved 1048576K
}
Event: 46.671 GC heap after
{Heap after GC invocations=60 (full 0):
 garbage-first heap   total 153600K, used 97514K [0x0000000080000000, 0x0000000100000000)
  region size 1024K, 5 young (5120K), 5 survivors (5120K)
 Metaspace       used 95801K, committed 96384K, reserved 1138688K
  class space    used 13094K, committed 13376K, reserved 1048576K
}
Event: 47.192 GC heap before
{Heap before GC invocations=60 (full 0):
 garbage-first heap   total 153600K, used 127210K [0x0000000080000000, 0x0000000100000000)
  region size 1024K, 35 young (35840K), 5 survivors (5120K)
 Metaspace       used 95965K, committed 96640K, reserved 1138688K
  class space    used 13095K, committed 13376K, reserved 1048576K
}
Event: 47.199 GC heap after
{Heap after GC invocations=61 (full 0):
 garbage-first heap   total 153600K, used 99730K [0x0000000080000000, 0x0000000100000000)
  region size 1024K, 5 young (5120K), 5 survivors (5120K)
 Metaspace       used 95965K, committed 96640K, reserved 1138688K
  class space    used 13095K, committed 13376K, reserved 1048576K
}
Event: 47.662 GC heap before
{Heap before GC invocations=61 (full 0):
 garbage-first heap   total 153600K, used 128402K [0x0000000080000000, 0x0000000100000000)
  region size 1024K, 34 young (34816K), 5 survivors (5120K)
 Metaspace       used 96158K, committed 96832K, reserved 1138688K
  class space    used 13108K, committed 13440K, reserved 1048576K
}

Dll operation events (2 events):
Event: 0.122 Loaded shared library D:\AndroidStudio\jbr\bin\java.dll
Event: 6.108 Loaded shared library D:\AndroidStudio\jbr\bin\verify.dll

Deoptimization events (20 events):
Event: 47.268 Thread 0x000001db53ee1060 Uncommon trap: trap_request=0xffffffc6 fr.pc=0x000001db3eb21e54 relative=0x0000000000001a34
Event: 47.268 Thread 0x000001db53ee1060 Uncommon trap: reason=bimorphic_or_optimized_type_check action=maybe_recompile pc=0x000001db3eb21e54 method=org.gradle.internal.snapshot.SnapshotUtil$1.handleAsDescendantOfChild(Lorg/gradle/internal/snapshot/VfsRelativePath;Lorg/gradle/internal/snapshot/F
Event: 47.268 Thread 0x000001db53ee1060 DEOPT PACKING pc=0x000001db3eb21e54 sp=0x0000006cc4dfc2f0
Event: 47.268 Thread 0x000001db53ee1060 DEOPT UNPACKING pc=0x000001db3dff69a3 sp=0x0000006cc4dfc160 mode 2
Event: 47.425 Thread 0x000001db53ee1060 Uncommon trap: trap_request=0xffffffd6 fr.pc=0x000001db3eb331a0 relative=0x00000000000006e0
Event: 47.425 Thread 0x000001db53ee1060 Uncommon trap: reason=array_check action=maybe_recompile pc=0x000001db3eb331a0 method=java.util.TimSort.binarySort([Ljava/lang/Object;IIILjava/util/Comparator;)V @ 215 c2
Event: 47.425 Thread 0x000001db53ee1060 DEOPT PACKING pc=0x000001db3eb331a0 sp=0x0000006cc4dfb120
Event: 47.425 Thread 0x000001db53ee1060 DEOPT UNPACKING pc=0x000001db3dff69a3 sp=0x0000006cc4dfb0b8 mode 2
Event: 47.425 Thread 0x000001db53ee1060 Uncommon trap: trap_request=0xffffffd6 fr.pc=0x000001db3eb331a0 relative=0x00000000000006e0
Event: 47.425 Thread 0x000001db53ee1060 Uncommon trap: reason=array_check action=maybe_recompile pc=0x000001db3eb331a0 method=java.util.TimSort.binarySort([Ljava/lang/Object;IIILjava/util/Comparator;)V @ 215 c2
Event: 47.425 Thread 0x000001db53ee1060 DEOPT PACKING pc=0x000001db3eb331a0 sp=0x0000006cc4dfae90
Event: 47.425 Thread 0x000001db53ee1060 DEOPT UNPACKING pc=0x000001db3dff69a3 sp=0x0000006cc4dfae28 mode 2
Event: 47.657 Thread 0x000001db4f7b8000 Uncommon trap: trap_request=0xffffff45 fr.pc=0x000001db3eb3b0fc relative=0x00000000000000dc
Event: 47.657 Thread 0x000001db4f7b8000 Uncommon trap: reason=unstable_if action=reinterpret pc=0x000001db3eb3b0fc method=org.gradle.api.internal.attributes.DefaultImmutableAttributes.equals(Ljava/lang/Object;)Z @ 2 c2
Event: 47.657 Thread 0x000001db4f7b8000 DEOPT PACKING pc=0x000001db3eb3b0fc sp=0x0000006cc49f97a0
Event: 47.657 Thread 0x000001db4f7b8000 DEOPT UNPACKING pc=0x000001db3dff69a3 sp=0x0000006cc49f96b0 mode 2
Event: 47.657 Thread 0x000001db4f7b8000 Uncommon trap: trap_request=0xffffff45 fr.pc=0x000001db3eaf5c60 relative=0x0000000000000060
Event: 47.657 Thread 0x000001db4f7b8000 Uncommon trap: reason=unstable_if action=reinterpret pc=0x000001db3eaf5c60 method=org.gradle.api.internal.attributes.DefaultImmutableAttributes.equals(Ljava/lang/Object;)Z @ 2 c2
Event: 47.657 Thread 0x000001db4f7b8000 DEOPT PACKING pc=0x000001db3eaf5c60 sp=0x0000006cc49f9710
Event: 47.657 Thread 0x000001db4f7b8000 DEOPT UNPACKING pc=0x000001db3dff69a3 sp=0x0000006cc49f96a0 mode 2

Classes unloaded (0 events):
No events

Classes redefined (0 events):
No events

Internal exceptions (20 events):
Event: 42.972 Thread 0x000001db4f7b7b30 Exception <a 'java/lang/NoSuchMethodError'{0x00000000873a9ce8}: static [Ljava/lang/String;.<clinit>()V> (0x00000000873a9ce8) 
thrown [s\src\hotspot\share\prims\jni.cpp, line 1108]
Event: 42.975 Thread 0x000001db4f7b7b30 Exception <a 'java/lang/NoSuchMethodError'{0x00000000873b85b0}: static Lcom/android/buildanalyzer/common/AndroidGradlePluginAttributionData$TaskInfo;.<clinit>()V> (0x00000000873b85b0) 
thrown [s\src\hotspot\share\prims\jni.cpp, line 1108]
Event: 42.977 Thread 0x000001db4f7b7b30 Exception <a 'java/lang/NoSuchMethodError'{0x00000000873c4f20}: static Lcom/android/buildanalyzer/common/AndroidGradlePluginAttributionData$TaskCategoryInfo;.<clinit>()V> (0x00000000873c4f20) 
thrown [s\src\hotspot\share\prims\jni.cpp, line 1108]
Event: 42.992 Thread 0x000001db4f7b7b30 Exception <a 'java/lang/NoSuchMethodError'{0x000000008721dc30}: 'void java.lang.invoke.DirectMethodHandle$Holder.invokeSpecial(java.lang.Object, java.lang.Object, java.lang.Object, int)'> (0x000000008721dc30) 
thrown [s\src\hotspot\share\interpreter\linkResolver.cpp, line 771]
Event: 45.408 Thread 0x000001db4f7b8000 Exception <a 'java/lang/NoSuchMethodError'{0x00000000886e58f0}: 'void java.lang.invoke.DirectMethodHandle$Holder.invokeStatic(java.lang.Object, java.lang.Object, java.lang.Object, java.lang.Object, int, java.lang.Object, java.lang.Object)'> (0x00000000886e58f0) 
thrown [s\src\hotspot\share\interpreter\linkResolver.cpp, line 771]
Event: 45.445 Thread 0x000001db4ee7a920 Exception <a 'java/lang/NoSuchMethodError'{0x0000000088016dd8}: 'java.lang.Object java.lang.invoke.DirectMethodHandle$Holder.invokeSpecialIFC(java.lang.Object, java.lang.Object, java.lang.Object)'> (0x0000000088016dd8) 
thrown [s\src\hotspot\share\interpreter\linkResolver.cpp, line 771]
Event: 45.445 Thread 0x000001db530104f0 Exception <a 'java/lang/NoSuchMethodError'{0x000000008803e2d0}: 'java.lang.Object java.lang.invoke.DirectMethodHandle$Holder.invokeSpecialIFC(java.lang.Object, java.lang.Object, java.lang.Object)'> (0x000000008803e2d0) 
thrown [s\src\hotspot\share\interpreter\linkResolver.cpp, line 771]
Event: 45.445 Thread 0x000001db4f99e8b0 Exception <a 'java/lang/NoSuchMethodError'{0x0000000088034328}: 'java.lang.Object java.lang.invoke.DirectMethodHandle$Holder.invokeSpecialIFC(java.lang.Object, java.lang.Object, java.lang.Object)'> (0x0000000088034328) 
thrown [s\src\hotspot\share\interpreter\linkResolver.cpp, line 771]
Event: 45.445 Thread 0x000001db53014d20 Exception <a 'java/lang/NoSuchMethodError'{0x0000000088020528}: 'java.lang.Object java.lang.invoke.DirectMethodHandle$Holder.invokeSpecialIFC(java.lang.Object, java.lang.Object, java.lang.Object)'> (0x0000000088020528) 
thrown [s\src\hotspot\share\interpreter\linkResolver.cpp, line 771]
Event: 45.446 Thread 0x000001db4f99c700 Exception <a 'java/lang/NoSuchMethodError'{0x0000000088009ae0}: 'java.lang.Object java.lang.invoke.DirectMethodHandle$Holder.invokeSpecialIFC(java.lang.Object, java.lang.Object, java.lang.Object)'> (0x0000000088009ae0) 
thrown [s\src\hotspot\share\interpreter\linkResolver.cpp, line 771]
Event: 45.446 Thread 0x000001db4f7b8000 Exception <a 'java/lang/NoSuchMethodError'{0x000000008858a668}: 'java.lang.Object java.lang.invoke.DirectMethodHandle$Holder.invokeSpecialIFC(java.lang.Object, java.lang.Object, java.lang.Object)'> (0x000000008858a668) 
thrown [s\src\hotspot\share\interpreter\linkResolver.cpp, line 771]
Event: 45.446 Thread 0x000001db511846f0 Exception <a 'java/lang/NoSuchMethodError'{0x000000008802c0f8}: 'java.lang.Object java.lang.invoke.DirectMethodHandle$Holder.invokeSpecialIFC(java.lang.Object, java.lang.Object, java.lang.Object)'> (0x000000008802c0f8) 
thrown [s\src\hotspot\share\interpreter\linkResolver.cpp, line 771]
Event: 45.446 Thread 0x000001db53014850 Exception <a 'java/lang/NoSuchMethodError'{0x0000000088061550}: 'java.lang.Object java.lang.invoke.DirectMethodHandle$Holder.invokeSpecialIFC(java.lang.Object, java.lang.Object, java.lang.Object)'> (0x0000000088061550) 
thrown [s\src\hotspot\share\interpreter\linkResolver.cpp, line 771]
Event: 45.533 Thread 0x000001db4ee78c40 Exception <a 'java/lang/NoSuchMethodError'{0x0000000088301700}: 'void java.lang.invoke.DirectMethodHandle$Holder.invokeVirtual(java.lang.Object, java.lang.Object)'> (0x0000000088301700) 
thrown [s\src\hotspot\share\interpreter\linkResolver.cpp, line 771]
Event: 47.611 Thread 0x000001db4f7b8000 Exception <a 'java/lang/NoSuchMethodError'{0x000000008794c518}: static Lcom/android/build/gradle/internal/scope/InternalArtifactType;.<clinit>()V> (0x000000008794c518) 
thrown [s\src\hotspot\share\prims\jni.cpp, line 1108]
Event: 47.611 Thread 0x000001db4f7b8000 Exception <a 'java/lang/NoSuchMethodError'{0x000000008794dc70}: static Lcom/android/build/gradle/internal/scope/InternalArtifactType;.<clinit>()V> (0x000000008794dc70) 
thrown [s\src\hotspot\share\prims\jni.cpp, line 1108]
Event: 47.612 Thread 0x000001db4f7b8000 Exception <a 'java/lang/NoSuchMethodError'{0x0000000087950e10}: static Lcom/android/build/api/artifact/Artifact$Single;.<clinit>()V> (0x0000000087950e10) 
thrown [s\src\hotspot\share\prims\jni.cpp, line 1108]
Event: 47.612 Thread 0x000001db4f7b8000 Exception <a 'java/lang/NoSuchMethodError'{0x00000000879533a0}: static Ljava/lang/Object;.<clinit>()V> (0x00000000879533a0) 
thrown [s\src\hotspot\share\prims\jni.cpp, line 1108]
Event: 47.614 Thread 0x000001db4f7b8000 Exception <a 'java/lang/NoSuchMethodError'{0x0000000087969a20}: static Lcom/android/build/api/artifact/ArtifactKind;.<clinit>()V> (0x0000000087969a20) 
thrown [s\src\hotspot\share\prims\jni.cpp, line 1108]
Event: 47.615 Thread 0x000001db4f7b8000 Exception <a 'java/lang/NoSuchMethodError'{0x000000008796abe0}: static Lcom/android/build/api/artifact/ArtifactKind;.<clinit>()V> (0x000000008796abe0) 
thrown [s\src\hotspot\share\prims\jni.cpp, line 1108]

VM Operations (20 events):
Event: 46.394 Executing VM operation: ICBufferFull done
Event: 46.448 Executing VM operation: HandshakeAllThreads
Event: 46.449 Executing VM operation: HandshakeAllThreads done
Event: 46.650 Executing VM operation: ICBufferFull
Event: 46.650 Executing VM operation: ICBufferFull done
Event: 46.665 Executing VM operation: G1CollectForAllocation
Event: 46.671 Executing VM operation: G1CollectForAllocation done
Event: 46.674 Executing VM operation: HandshakeAllThreads
Event: 46.674 Executing VM operation: HandshakeAllThreads done
Event: 47.192 Executing VM operation: G1CollectForAllocation
Event: 47.201 Executing VM operation: G1CollectForAllocation done
Event: 47.619 Executing VM operation: HandshakeAllThreads
Event: 47.619 Executing VM operation: HandshakeAllThreads done
Event: 47.631 Executing VM operation: ICBufferFull
Event: 47.632 Executing VM operation: ICBufferFull done
Event: 47.652 Executing VM operation: HandshakeAllThreads
Event: 47.653 Executing VM operation: HandshakeAllThreads done
Event: 47.655 Executing VM operation: HandshakeAllThreads
Event: 47.656 Executing VM operation: HandshakeAllThreads done
Event: 47.662 Executing VM operation: G1CollectForAllocation

Events (20 events):
Event: 42.997 loading class java/io/ObjectInputFilter$Config done
Event: 42.997 loading class java/io/ObjectInputFilter
Event: 42.998 loading class java/io/ObjectInputFilter done
Event: 42.998 loading class java/io/ObjectInputFilter$Config$BuiltinFilterFactory
Event: 42.998 loading class java/io/ObjectInputFilter$Config$BuiltinFilterFactory done
Event: 42.998 loading class jdk/internal/access/JavaObjectInputFilterAccess
Event: 42.998 loading class jdk/internal/access/JavaObjectInputFilterAccess done
Event: 43.000 loading class jdk/internal/event/DeserializationEvent
Event: 43.000 loading class jdk/internal/event/DeserializationEvent done
Event: 43.000 loading class java/io/ObjectInputStream$FieldValues
Event: 43.001 loading class java/io/ObjectInputStream$GetField
Event: 43.001 loading class java/io/ObjectInputStream$GetField done
Event: 43.001 loading class java/io/ObjectInputStream$FieldValues done
Event: 44.006 Thread 0x000001db53c57c20 Thread exited: 0x000001db53c57c20
Event: 44.006 Thread 0x000001db4ec9cd80 Thread exited: 0x000001db4ec9cd80
Event: 45.000 Thread 0x000001db549c3e00 Thread added: 0x000001db549c3e00
Event: 46.442 loading class java/util/Comparators$NaturalOrderComparator
Event: 46.442 loading class java/util/Comparators$NaturalOrderComparator done
Event: 46.442 loading class java/util/stream/SortedOps$SizedRefSortingSink
Event: 46.443 loading class java/util/stream/SortedOps$SizedRefSortingSink done


Dynamic libraries:
0x00007ff7d39d0000 - 0x00007ff7d39da000 	D:\AndroidStudio\jbr\bin\java.exe
0x00007ff951210000 - 0x00007ff951408000 	C:\WINDOWS\SYSTEM32\ntdll.dll
0x00007ff94fb20000 - 0x00007ff94fbdd000 	C:\WINDOWS\System32\KERNEL32.DLL
0x00007ff94e9a0000 - 0x00007ff94ec96000 	C:\WINDOWS\System32\KERNELBASE.dll
0x00007ff94edb0000 - 0x00007ff94eeb0000 	C:\WINDOWS\System32\ucrtbase.dll
0x00007ff935f40000 - 0x00007ff935f57000 	D:\AndroidStudio\jbr\bin\jli.dll
0x00007ff950b50000 - 0x00007ff950cee000 	C:\WINDOWS\System32\USER32.dll
0x00007ff94f210000 - 0x00007ff94f232000 	C:\WINDOWS\System32\win32u.dll
0x00007ff938dd0000 - 0x00007ff93906a000 	C:\WINDOWS\WinSxS\amd64_microsoft.windows.common-controls_6595b64144ccf1df_6.0.19041.3636_none_60b6a03d71f818d5\COMCTL32.dll
0x00007ff950370000 - 0x00007ff95039c000 	C:\WINDOWS\System32\GDI32.dll
0x00007ff9502c0000 - 0x00007ff95035e000 	C:\WINDOWS\System32\msvcrt.dll
0x00007ff94f060000 - 0x00007ff94f17a000 	C:\WINDOWS\System32\gdi32full.dll
0x00007ff94ed10000 - 0x00007ff94edad000 	C:\WINDOWS\System32\msvcp_win.dll
0x00007ff933660000 - 0x00007ff93367b000 	D:\AndroidStudio\jbr\bin\VCRUNTIME140.dll
0x00007ff950cf0000 - 0x00007ff950d20000 	C:\WINDOWS\System32\IMM32.DLL
0x00007ff93cec0000 - 0x00007ff93cecc000 	D:\AndroidStudio\jbr\bin\vcruntime140_1.dll
0x00007ff910aa0000 - 0x00007ff910b2d000 	D:\AndroidStudio\jbr\bin\msvcp140.dll
0x00007ff8bfa10000 - 0x00007ff8c067e000 	D:\AndroidStudio\jbr\bin\server\jvm.dll
0x00007ff94fff0000 - 0x00007ff95009f000 	C:\WINDOWS\System32\ADVAPI32.dll
0x00007ff950150000 - 0x00007ff9501ec000 	C:\WINDOWS\System32\sechost.dll
0x00007ff950ed0000 - 0x00007ff950ff6000 	C:\WINDOWS\System32\RPCRT4.dll
0x00007ff9444f0000 - 0x00007ff944517000 	C:\WINDOWS\SYSTEM32\WINMM.dll
0x00007ff930be0000 - 0x00007ff930be9000 	C:\WINDOWS\SYSTEM32\WSOCK32.dll
0x00007ff944520000 - 0x00007ff94452a000 	C:\WINDOWS\SYSTEM32\VERSION.dll
0x00007ff9501f0000 - 0x00007ff95025b000 	C:\WINDOWS\System32\WS2_32.dll
0x00007ff94d140000 - 0x00007ff94d152000 	C:\WINDOWS\SYSTEM32\kernel.appcore.dll
0x00007ff947d60000 - 0x00007ff947d6a000 	D:\AndroidStudio\jbr\bin\jimage.dll
0x00007ff94cbf0000 - 0x00007ff94cdd4000 	C:\WINDOWS\SYSTEM32\DBGHELP.DLL
0x00007ff93b8b0000 - 0x00007ff93b8e4000 	C:\WINDOWS\SYSTEM32\dbgcore.DLL
0x00007ff94f180000 - 0x00007ff94f202000 	C:\WINDOWS\System32\bcryptPrimitives.dll
0x00007ff929230000 - 0x00007ff929255000 	D:\AndroidStudio\jbr\bin\java.dll
0x00007ff93d210000 - 0x00007ff93d228000 	D:\AndroidStudio\jbr\bin\zip.dll
0x00007ff9503a0000 - 0x00007ff950ae4000 	C:\WINDOWS\System32\SHELL32.dll
0x00007ff94c440000 - 0x00007ff94cbdb000 	C:\WINDOWS\SYSTEM32\windows.storage.dll
0x00007ff94f7c0000 - 0x00007ff94fb14000 	C:\WINDOWS\System32\combase.dll
0x00007ff94e260000 - 0x00007ff94e28d000 	C:\WINDOWS\SYSTEM32\Wldp.dll
0x00007ff94ff30000 - 0x00007ff94ffdd000 	C:\WINDOWS\System32\SHCORE.dll
0x00007ff94fc70000 - 0x00007ff94fcc5000 	C:\WINDOWS\System32\shlwapi.dll
0x00007ff94e820000 - 0x00007ff94e845000 	C:\WINDOWS\SYSTEM32\profapi.dll
0x00007ff938a10000 - 0x00007ff938a29000 	D:\AndroidStudio\jbr\bin\net.dll
0x00007ff946ec0000 - 0x00007ff946fca000 	C:\WINDOWS\SYSTEM32\WINHTTP.dll
0x00007ff94dfc0000 - 0x00007ff94e02a000 	C:\WINDOWS\system32\mswsock.dll
0x00007ff936230000 - 0x00007ff936246000 	D:\AndroidStudio\jbr\bin\nio.dll
0x00007ff9417d0000 - 0x00007ff9417e0000 	D:\AndroidStudio\jbr\bin\verify.dll
0x00007ff92d0d0000 - 0x00007ff92d0f7000 	C:\Users\\.gradle\native\68d5fa5c4cc2d200863cafc0d521ce42e7d3e7ee720ec0a83991735586a16f82\windows-amd64\native-platform.dll
0x00007ff90fc20000 - 0x00007ff90fd64000 	C:\Users\\.gradle\native\e376f236ea51e6404a007f0833ffe2c6e607c4080706a723a18a27aeea778392\windows-amd64\native-platform-file-events.dll
0x00007ff93d330000 - 0x00007ff93d339000 	D:\AndroidStudio\jbr\bin\management.dll
0x00007ff93d100000 - 0x00007ff93d10b000 	D:\AndroidStudio\jbr\bin\management_ext.dll
0x00007ff94ffe0000 - 0x00007ff94ffe8000 	C:\WINDOWS\System32\PSAPI.DLL
0x00007ff94e1b0000 - 0x00007ff94e1c8000 	C:\WINDOWS\SYSTEM32\CRYPTSP.dll
0x00007ff94d8f0000 - 0x00007ff94d924000 	C:\WINDOWS\system32\rsaenh.dll
0x00007ff94f240000 - 0x00007ff94f267000 	C:\WINDOWS\System32\bcrypt.dll
0x00007ff94e7e0000 - 0x00007ff94e80e000 	C:\WINDOWS\SYSTEM32\USERENV.dll
0x00007ff94e1d0000 - 0x00007ff94e1dc000 	C:\WINDOWS\SYSTEM32\CRYPTBASE.dll
0x00007ff94dcb0000 - 0x00007ff94dceb000 	C:\WINDOWS\SYSTEM32\IPHLPAPI.DLL
0x00007ff950d20000 - 0x00007ff950d28000 	C:\WINDOWS\System32\NSI.dll
0x00007ff944cc0000 - 0x00007ff944cd7000 	C:\WINDOWS\SYSTEM32\dhcpcsvc6.DLL
0x00007ff944ca0000 - 0x00007ff944cbd000 	C:\WINDOWS\SYSTEM32\dhcpcsvc.DLL
0x00007ff94dcf0000 - 0x00007ff94ddba000 	C:\WINDOWS\SYSTEM32\DNSAPI.dll
0x00007ff93d230000 - 0x00007ff93d237000 	C:\WINDOWS\system32\wshunix.dll
0x00007ff92f6e0000 - 0x00007ff92f6f7000 	C:\WINDOWS\system32\napinsp.dll
0x00007ff92f740000 - 0x00007ff92f75b000 	C:\WINDOWS\system32\pnrpnsp.dll
0x00007ff9492a0000 - 0x00007ff9492b5000 	C:\WINDOWS\system32\wshbth.dll
0x00007ff949b20000 - 0x00007ff949b3d000 	C:\WINDOWS\system32\NLAapi.dll
0x00007ff92f720000 - 0x00007ff92f732000 	C:\WINDOWS\System32\winrnr.dll
0x00007ff9479a0000 - 0x00007ff9479aa000 	C:\Windows\System32\rasadhlp.dll
0x00007ff93f0f0000 - 0x00007ff93f170000 	C:\WINDOWS\System32\fwpuclnt.dll

dbghelp: loaded successfully - version: 4.0.5 - missing functions: none
symbol engine: initialized successfully - sym options: 0x614 - pdb path: .;D:\AndroidStudio\jbr\bin;C:\WINDOWS\SYSTEM32;C:\WINDOWS\WinSxS\amd64_microsoft.windows.common-controls_6595b64144ccf1df_6.0.19041.3636_none_60b6a03d71f818d5;D:\AndroidStudio\jbr\bin\server;C:\Users\\.gradle\native\68d5fa5c4cc2d200863cafc0d521ce42e7d3e7ee720ec0a83991735586a16f82\windows-amd64;C:\Users\\.gradle\native\e376f236ea51e6404a007f0833ffe2c6e607c4080706a723a18a27aeea778392\windows-amd64

VM Arguments:
jvm_args: --add-opens=java.base/java.util=ALL-UNNAMED --add-opens=java.base/java.lang=ALL-UNNAMED --add-opens=java.base/java.lang.invoke=ALL-UNNAMED --add-opens=java.prefs/java.util.prefs=ALL-UNNAMED --add-opens=java.base/java.nio.charset=ALL-UNNAMED --add-opens=java.base/java.net=ALL-UNNAMED --add-opens=java.base/java.util.concurrent.atomic=ALL-UNNAMED -Xmx2048m -Dfile.encoding=UTF-8 -Duser.country=RU -Duser.language=ru -Duser.variant 
java_command: org.gradle.launcher.daemon.bootstrap.GradleDaemon 8.0
java_class_path (initial): C:\Users\\.gradle\wrapper\dists\gradle-8.0-bin\ca5e32bp14vu59qr306oxotwh\gradle-8.0\lib\gradle-launcher-8.0.jar
Launcher Type: SUN_STANDARD

[Global flags]
     intx CICompilerCount                          = 4                                         {product} {ergonomic}
     uint ConcGCThreads                            = 2                                         {product} {ergonomic}
     uint G1ConcRefinementThreads                  = 8                                         {product} {ergonomic}
   size_t G1HeapRegionSize                         = 1048576                                   {product} {ergonomic}
    uintx GCDrainStackTargetSize                   = 64                                        {product} {ergonomic}
   size_t InitialHeapSize                          = 117440512                                 {product} {ergonomic}
   size_t MarkStackSize                            = 4194304                                   {product} {ergonomic}
   size_t MaxHeapSize                              = 2147483648                                {product} {command line}
   size_t MaxNewSize                               = 1287651328                                {product} {ergonomic}
   size_t MinHeapDeltaBytes                        = 1048576                                   {product} {ergonomic}
   size_t MinHeapSize                              = 8388608                                   {product} {ergonomic}
    uintx NonNMethodCodeHeapSize                   = 5839372                                {pd product} {ergonomic}
    uintx NonProfiledCodeHeapSize                  = 122909434                              {pd product} {ergonomic}
    uintx ProfiledCodeHeapSize                     = 122909434                              {pd product} {ergonomic}
    uintx ReservedCodeCacheSize                    = 251658240                              {pd product} {ergonomic}
     bool SegmentedCodeCache                       = true                                      {product} {ergonomic}
   size_t SoftMaxHeapSize                          = 2147483648                             {manageable} {ergonomic}
     bool UseCompressedClassPointers               = true                           {product lp64_product} {ergonomic}
     bool UseCompressedOops                        = true                           {product lp64_product} {ergonomic}
     bool UseG1GC                                  = true                                      {product} {ergonomic}
     bool UseLargePagesIndividualAllocation        = false                                  {pd product} {ergonomic}

Logging:
Log output configuration:
 #0: stdout all=warning uptime,level,tags
 #1: stderr all=off uptime,level,tags

Environment Variables:
PATH=C:\Program Files\Common Files\Oracle\Java\javapath;C:\Program Files (x86)\Common Files\Oracle\Java\javapath;C:\WINDOWS\system32;C:\WINDOWS;C:\WINDOWS\System32\Wbem;C:\WINDOWS\System32\WindowsPowerShell\v1.0\;C:\WINDOWS\System32\OpenSSH\;C:\Program Files\Git\cmd;C:\Program Files\dotnet\;C:\Program Files\Go\bin;D:\gcc\ucrt64\bin;C:\Users\\AppData\Local\Microsoft\WindowsApps;D:\GoLand\GoLand 2023.1.2\bin;C:\Users\\.dotnet\tools;C:\Users\\go\bin
USERNAME=
OS=Windows_NT
PROCESSOR_IDENTIFIER=AMD64 Family 23 Model 24 Stepping 1, AuthenticAMD
TMP=C:\Users\A946~1\AppData\Local\Temp
TEMP=C:\Users\A946~1\AppData\Local\Temp


JNI global refs:
JNI global refs: 29, weak refs: 7

JNI global refs memory usage: 843, weak refs: 841


---------------  S Y S T E M  ---------------

OS:
 Windows 10 , 64 bit Build 19041 (10.0.19041.3636)
OS uptime: 3 days 15:37 hours

CPU: total 8 (initial active 8) (8 cores per cpu, 2 threads per core) family 23 model 24 stepping 1 microcode 0x0, cx8, cmov, fxsr, ht, mmx, 3dnowpref, sse, sse2, sse3, ssse3, sse4a, sse4.1, sse4.2, popcnt, lzcnt, tsc, tscinvbit, avx, avx2, aes, clmul, bmi1, bmi2, adx, sha, fma, vzeroupper, clflush, clflushopt

Memory: 4k page, system-wide physical 7103M (489M free)
TotalPageFile size 13523M (AvailPageFile size 38M)
current process WorkingSet (physical memory assigned to process): 416M, peak: 420M
current process commit charge ("private bytes"): 454M, peak: 617M

vm_info: OpenJDK 64-Bit Server VM (17.0.6+0-b2043.56-10027231) for windows-amd64 JRE (17.0.6+0-b2043.56-10027231), built on Apr 28 2023 00:43:19 by "androidbuild" with MS VC++ 16.10 / 16.11 (VS2019)

END.
